{"uid":"3b058d66db84d83a","name":"Заказать в 1 клик emk24 -- @1.1 ","fullName":"Проверка кнопки Заказать в 1 клик emk24: Заказать в 1 клик emk24","historyId":"406785be11cc60d82bde4a295d792767","time":{"start":1667190859534,"stop":1667190912626,"duration":53092},"status":"broken","statusMessage":"selenium.common.exceptions.TimeoutException: Message: Не могу найти ('xpath', '//ul[@class=\"nav nav-tabs\"]//a[@href=\"/order-in-1-click/\"]') в течение 5 сек\n\n","statusTrace":"  File \"/opt/hostedtoolcache/Python/3.9.15/x64/lib/python3.9/site-packages/behave/model.py\", line 1812, in run\n    match.run(runner.context)\n  File \"/opt/hostedtoolcache/Python/3.9.15/x64/lib/python3.9/site-packages/behave/matchers.py\", line 97, in run\n    self.func(context, *args, **kwargs)\n  File \"features/steps/basic_steps.py\", line 88, in open_page\n    context.current_page = page_class(context.driver)\n  File \"/home/runner/work/popup-auto/popup-auto/features/pages/base_page.py\", line 16, in __init__\n    self._verify_page()\n  File \"/home/runner/work/popup-auto/popup-auto/features/pages/emk24_page.py\", line 69, in _verify_page\n    self.on_this_page(self.BUTTON_ORDER_IN_1_CLICK)\n  File \"/home/runner/work/popup-auto/popup-auto/features/pages/base_page.py\", line 23, in on_this_page\n    self.get_element(element_name)\n  File \"/home/runner/work/popup-auto/popup-auto/features/pages/base_page.py\", line 58, in get_element\n    return WebDriverWait(self.driver, timeout).until(\n  File \"/opt/hostedtoolcache/Python/3.9.15/x64/lib/python3.9/site-packages/selenium/webdriver/support/wait.py\", line 80, in until\n    raise TimeoutException(message, screen, stacktrace)\n","flaky":false,"newFailed":false,"newBroken":false,"newPassed":false,"retriesCount":0,"retriesStatusChange":false,"beforeStages":[],"testStage":{"status":"broken","statusMessage":"selenium.common.exceptions.TimeoutException: Message: Не могу найти ('xpath', '//ul[@class=\"nav nav-tabs\"]//a[@href=\"/order-in-1-click/\"]') в течение 5 сек\n\n","statusTrace":"  File \"/opt/hostedtoolcache/Python/3.9.15/x64/lib/python3.9/site-packages/behave/model.py\", line 1812, in run\n    match.run(runner.context)\n  File \"/opt/hostedtoolcache/Python/3.9.15/x64/lib/python3.9/site-packages/behave/matchers.py\", line 97, in run\n    self.func(context, *args, **kwargs)\n  File \"features/steps/basic_steps.py\", line 88, in open_page\n    context.current_page = page_class(context.driver)\n  File \"/home/runner/work/popup-auto/popup-auto/features/pages/base_page.py\", line 16, in __init__\n    self._verify_page()\n  File \"/home/runner/work/popup-auto/popup-auto/features/pages/emk24_page.py\", line 69, in _verify_page\n    self.on_this_page(self.BUTTON_ORDER_IN_1_CLICK)\n  File \"/home/runner/work/popup-auto/popup-auto/features/pages/base_page.py\", line 23, in on_this_page\n    self.get_element(element_name)\n  File \"/home/runner/work/popup-auto/popup-auto/features/pages/base_page.py\", line 58, in get_element\n    return WebDriverWait(self.driver, timeout).until(\n  File \"/opt/hostedtoolcache/Python/3.9.15/x64/lib/python3.9/site-packages/selenium/webdriver/support/wait.py\", line 80, in until\n    raise TimeoutException(message, screen, stacktrace)\n","steps":[{"name":"Given open emk24.ru page","time":{"start":1667190859623,"stop":1667190900924,"duration":41301},"status":"broken","statusMessage":"requests.exceptions.ReadTimeout: HTTPSConnectionPool(host='api.telegram.org', port=443): Read timed out. (read timeout=30)\n","statusTrace":"  File \"/opt/hostedtoolcache/Python/3.9.15/x64/lib/python3.9/site-packages/behave/runner.py\", line 603, in run_hook\n    self.hooks[name](context, *args)\n  File \"features/environment.py\", line 95, in after_step\n    bot.send_photo(chat_id=-447406725, photo=context.driver.get_screenshot_as_png(),\n  File \"/opt/hostedtoolcache/Python/3.9.15/x64/lib/python3.9/site-packages/telebot/__init__.py\", line 1804, in send_photo\n    apihelper.send_photo(\n  File \"/opt/hostedtoolcache/Python/3.9.15/x64/lib/python3.9/site-packages/telebot/apihelper.py\", line 496, in send_photo\n    return _make_request(token, method_url, params=payload, files=files, method='post')\n  File \"/opt/hostedtoolcache/Python/3.9.15/x64/lib/python3.9/site-packages/telebot/apihelper.py\", line 156, in _make_request\n    result = _get_req_session().request(\n  File \"/opt/hostedtoolcache/Python/3.9.15/x64/lib/python3.9/site-packages/requests/sessions.py\", line 587, in request\n    resp = self.send(prep, **send_kwargs)\n  File \"/opt/hostedtoolcache/Python/3.9.15/x64/lib/python3.9/site-packages/requests/sessions.py\", line 701, in send\n    r = adapter.send(request, **kwargs)\n  File \"/opt/hostedtoolcache/Python/3.9.15/x64/lib/python3.9/site-packages/requests/adapters.py\", line 578, in send\n    raise ReadTimeout(e, request=request)\n","steps":[],"attachments":[{"uid":"34595b6a3019e365","name":"screenshot","source":"34595b6a3019e365.png","type":"image/png","size":189399}],"parameters":[],"shouldDisplayMessage":true,"hasContent":true,"stepsCount":0,"attachmentsCount":1},{"name":"When click on order in 1 click button","time":{"start":1667190900931,"stop":1667190912625,"duration":11694},"status":"broken","statusMessage":"selenium.common.exceptions.TimeoutException: Message: Не могу найти ('xpath', '//ul[@class=\"nav nav-tabs\"]//a[@href=\"/order-in-1-click/\"]') в течение 5 сек\n\n","statusTrace":"  File \"/opt/hostedtoolcache/Python/3.9.15/x64/lib/python3.9/site-packages/behave/model.py\", line 1812, in run\n    match.run(runner.context)\n  File \"/opt/hostedtoolcache/Python/3.9.15/x64/lib/python3.9/site-packages/behave/matchers.py\", line 97, in run\n    self.func(context, *args, **kwargs)\n  File \"features/steps/basic_steps.py\", line 88, in open_page\n    context.current_page = page_class(context.driver)\n  File \"/home/runner/work/popup-auto/popup-auto/features/pages/base_page.py\", line 16, in __init__\n    self._verify_page()\n  File \"/home/runner/work/popup-auto/popup-auto/features/pages/emk24_page.py\", line 69, in _verify_page\n    self.on_this_page(self.BUTTON_ORDER_IN_1_CLICK)\n  File \"/home/runner/work/popup-auto/popup-auto/features/pages/base_page.py\", line 23, in on_this_page\n    self.get_element(element_name)\n  File \"/home/runner/work/popup-auto/popup-auto/features/pages/base_page.py\", line 58, in get_element\n    return WebDriverWait(self.driver, timeout).until(\n  File \"/opt/hostedtoolcache/Python/3.9.15/x64/lib/python3.9/site-packages/selenium/webdriver/support/wait.py\", line 80, in until\n    raise TimeoutException(message, screen, stacktrace)\n","steps":[],"attachments":[{"uid":"d9e5abf6efe6f237","name":"screenshot","source":"d9e5abf6efe6f237.png","type":"image/png","size":189399}],"parameters":[],"shouldDisplayMessage":true,"hasContent":true,"stepsCount":0,"attachmentsCount":1},{"name":"When enter \"generated_test_automation_email_order_1_click\" in message field","time":{"start":1667190912625,"stop":1667190912625,"duration":0},"status":"skipped","steps":[],"attachments":[],"parameters":[],"shouldDisplayMessage":false,"hasContent":false,"stepsCount":0,"attachmentsCount":0},{"name":"When enter \"test_automation_user_name\" in name field","time":{"start":1667190912625,"stop":1667190912625,"duration":0},"status":"skipped","steps":[],"attachments":[],"parameters":[],"shouldDisplayMessage":false,"hasContent":false,"stepsCount":0,"attachmentsCount":0},{"name":"When enter \"test_company_name\" in company field","time":{"start":1667190912625,"stop":1667190912625,"duration":0},"status":"skipped","steps":[],"attachments":[],"parameters":[],"shouldDisplayMessage":false,"hasContent":false,"stepsCount":0,"attachmentsCount":0},{"name":"When enter \"+70000000000\" in phone field","time":{"start":1667190912626,"stop":1667190912626,"duration":0},"status":"skipped","steps":[],"attachments":[],"parameters":[],"shouldDisplayMessage":false,"hasContent":false,"stepsCount":0,"attachmentsCount":0},{"name":"When enter \"automation.emk@gmail.com\" in email field","time":{"start":1667190912626,"stop":1667190912626,"duration":0},"status":"skipped","steps":[],"attachments":[],"parameters":[],"shouldDisplayMessage":false,"hasContent":false,"stepsCount":0,"attachmentsCount":0},{"name":"When click on Send button","time":{"start":1667190912626,"stop":1667190912626,"duration":0},"status":"skipped","steps":[],"attachments":[],"parameters":[],"shouldDisplayMessage":false,"hasContent":false,"stepsCount":0,"attachmentsCount":0},{"name":"Then text \"Спасибо за заявку!\" is displayed","time":{"start":1667190912626,"stop":1667190912626,"duration":0},"status":"skipped","steps":[],"attachments":[],"parameters":[],"shouldDisplayMessage":false,"hasContent":false,"stepsCount":0,"attachmentsCount":0},{"name":"Then email with \"emk24.ru Заказ в 1 клик\" contains \"emk24.ru;test_automation_user_name;test_company_name;[PHONE]: +70000000000;[EMAIL]: automation.emk@gmail.com\" in 900 sec","time":{"start":1667190912626,"stop":1667190912626,"duration":0},"status":"skipped","steps":[],"attachments":[],"parameters":[],"shouldDisplayMessage":false,"hasContent":false,"stepsCount":0,"attachmentsCount":0},{"name":"Given open emk24.ru page","time":{"start":1667190912626,"stop":1667190912626,"duration":0},"status":"broken","statusMessage":"selenium.common.exceptions.TimeoutException: Message: Не могу найти ('xpath', '//ul[@class=\"nav nav-tabs\"]//a[@href=\"/order-in-1-click/\"]') в течение 5 сек\n\n","statusTrace":"  File \"/opt/hostedtoolcache/Python/3.9.15/x64/lib/python3.9/site-packages/behave/model.py\", line 1812, in run\n    match.run(runner.context)\n  File \"/opt/hostedtoolcache/Python/3.9.15/x64/lib/python3.9/site-packages/behave/matchers.py\", line 97, in run\n    self.func(context, *args, **kwargs)\n  File \"features/steps/basic_steps.py\", line 88, in open_page\n    context.current_page = page_class(context.driver)\n  File \"/home/runner/work/popup-auto/popup-auto/features/pages/base_page.py\", line 16, in __init__\n    self._verify_page()\n  File \"/home/runner/work/popup-auto/popup-auto/features/pages/emk24_page.py\", line 69, in _verify_page\n    self.on_this_page(self.BUTTON_ORDER_IN_1_CLICK)\n  File \"/home/runner/work/popup-auto/popup-auto/features/pages/base_page.py\", line 23, in on_this_page\n    self.get_element(element_name)\n  File \"/home/runner/work/popup-auto/popup-auto/features/pages/base_page.py\", line 58, in get_element\n    return WebDriverWait(self.driver, timeout).until(\n  File \"/opt/hostedtoolcache/Python/3.9.15/x64/lib/python3.9/site-packages/selenium/webdriver/support/wait.py\", line 80, in until\n    raise TimeoutException(message, screen, stacktrace)\n","steps":[],"attachments":[],"parameters":[],"shouldDisplayMessage":true,"hasContent":true,"stepsCount":0,"attachmentsCount":0},{"name":"When click on order in 1 click button","time":{"start":1667190912626,"stop":1667190912626,"duration":0},"status":"skipped","steps":[],"attachments":[],"parameters":[],"shouldDisplayMessage":false,"hasContent":false,"stepsCount":0,"attachmentsCount":0},{"name":"When enter \"generated_test_automation_email_order_1_click\" in message field","time":{"start":1667190912626,"stop":1667190912626,"duration":0},"status":"skipped","steps":[],"attachments":[],"parameters":[],"shouldDisplayMessage":false,"hasContent":false,"stepsCount":0,"attachmentsCount":0},{"name":"When enter \"test_automation_user_name\" in name field","time":{"start":1667190912626,"stop":1667190912626,"duration":0},"status":"skipped","steps":[],"attachments":[],"parameters":[],"shouldDisplayMessage":false,"hasContent":false,"stepsCount":0,"attachmentsCount":0},{"name":"When enter \"test_company_name\" in company field","time":{"start":1667190912626,"stop":1667190912626,"duration":0},"status":"skipped","steps":[],"attachments":[],"parameters":[],"shouldDisplayMessage":false,"hasContent":false,"stepsCount":0,"attachmentsCount":0},{"name":"When enter \"+70000000000\" in phone field","time":{"start":1667190912626,"stop":1667190912626,"duration":0},"status":"skipped","steps":[],"attachments":[],"parameters":[],"shouldDisplayMessage":false,"hasContent":false,"stepsCount":0,"attachmentsCount":0},{"name":"When enter \"automation.emk@gmail.com\" in email field","time":{"start":1667190912626,"stop":1667190912626,"duration":0},"status":"skipped","steps":[],"attachments":[],"parameters":[],"shouldDisplayMessage":false,"hasContent":false,"stepsCount":0,"attachmentsCount":0},{"name":"When click on Send button","time":{"start":1667190912626,"stop":1667190912626,"duration":0},"status":"skipped","steps":[],"attachments":[],"parameters":[],"shouldDisplayMessage":false,"hasContent":false,"stepsCount":0,"attachmentsCount":0},{"name":"Then text \"Спасибо за заявку!\" is displayed","time":{"start":1667190912626,"stop":1667190912626,"duration":0},"status":"skipped","steps":[],"attachments":[],"parameters":[],"shouldDisplayMessage":false,"hasContent":false,"stepsCount":0,"attachmentsCount":0},{"name":"Then email with \"emk24.ru Заказ в 1 клик\" contains \"emk24.ru;test_automation_user_name;test_company_name;[PHONE]: +70000000000;[EMAIL]: automation.emk@gmail.com\" in 900 sec","time":{"start":1667190912626,"stop":1667190912626,"duration":0},"status":"skipped","steps":[],"attachments":[],"parameters":[],"shouldDisplayMessage":false,"hasContent":false,"stepsCount":0,"attachmentsCount":0}],"attachments":[],"parameters":[],"shouldDisplayMessage":false,"hasContent":true,"stepsCount":20,"attachmentsCount":2},"afterStages":[],"labels":[{"name":"severity","value":"normal"},{"name":"tag","value":"regression"},{"name":"feature","value":"Проверка кнопки Заказать в 1 клик emk24"},{"name":"framework","value":"behave"},{"name":"language","value":"cpython3"},{"name":"resultFormat","value":"allure2"}],"parameters":[{"name":"url","value":"emk24.ru"}],"links":[],"hidden":false,"retry":false,"extra":{"severity":"normal","retries":[],"categories":[{"name":"Test defects","matchedStatuses":[],"flaky":false}],"history":{"statistic":{"failed":0,"broken":4,"skipped":0,"passed":0,"unknown":0,"total":4},"items":[{"uid":"68ef9f21e5655d78","reportUrl":"https://one-focus.github.io/popup-auto/279//#testresult/68ef9f21e5655d78","status":"broken","statusDetails":"RuntimeError: Сообщение с текстом \"emk24.ru Заказ в 1 клик\" не пришло на почту в течение 900 секунд\n","time":{"start":1667115760600,"stop":1667115792371,"duration":31771}},{"uid":"4d804db3f85e517c","reportUrl":"https://one-focus.github.io/popup-auto/278//#testresult/4d804db3f85e517c","status":"broken","statusDetails":"RuntimeError: Сообщение с текстом \"emk24.ru Заказ в 1 клик\" не пришло на почту в течение 900 секунд\n","time":{"start":1667104343642,"stop":1667104495128,"duration":151486}},{"uid":"e1e0441ce3278ea6","reportUrl":"https://one-focus.github.io/popup-auto/277//#testresult/e1e0441ce3278ea6","status":"broken","statusDetails":"RuntimeError: Сообщение с текстом \"emk24.ru Заказ в 1 клик\" не пришло на почту в течение 900 секунд\n","time":{"start":1667054684779,"stop":1667054751168,"duration":66389}}]},"tags":["regression"]},"source":"3b058d66db84d83a.json","parameterValues":["emk24.ru"]}