{"uid":"bcc67119ba232872","name":"Заказать в 1 клик emk24 -- @1.2 ","fullName":"Проверка кнопки Заказать в 1 клик emk24: Заказать в 1 клик emk24","historyId":"633f328b848283cf03ab1fcb2f35a320","time":{"start":1667190912628,"stop":1667190935773,"duration":23145},"status":"broken","statusMessage":"selenium.common.exceptions.TimeoutException: Message: Не могу найти ('xpath', '//ul[@class=\"nav nav-tabs\"]//a[@href=\"/order-in-1-click/\"]') в течение 5 сек\n\n","statusTrace":"  File \"/opt/hostedtoolcache/Python/3.9.15/x64/lib/python3.9/site-packages/behave/model.py\", line 1812, in run\n    match.run(runner.context)\n  File \"/opt/hostedtoolcache/Python/3.9.15/x64/lib/python3.9/site-packages/behave/matchers.py\", line 97, in run\n    self.func(context, *args, **kwargs)\n  File \"features/steps/basic_steps.py\", line 88, in open_page\n    context.current_page = page_class(context.driver)\n  File \"/home/runner/work/popup-auto/popup-auto/features/pages/base_page.py\", line 16, in __init__\n    self._verify_page()\n  File \"/home/runner/work/popup-auto/popup-auto/features/pages/emk24_page.py\", line 69, in _verify_page\n    self.on_this_page(self.BUTTON_ORDER_IN_1_CLICK)\n  File \"/home/runner/work/popup-auto/popup-auto/features/pages/base_page.py\", line 23, in on_this_page\n    self.get_element(element_name)\n  File \"/home/runner/work/popup-auto/popup-auto/features/pages/base_page.py\", line 58, in get_element\n    return WebDriverWait(self.driver, timeout).until(\n  File \"/opt/hostedtoolcache/Python/3.9.15/x64/lib/python3.9/site-packages/selenium/webdriver/support/wait.py\", line 80, in until\n    raise TimeoutException(message, screen, stacktrace)\n","flaky":false,"newFailed":false,"newBroken":false,"newPassed":false,"retriesCount":0,"retriesStatusChange":false,"beforeStages":[],"testStage":{"status":"broken","statusMessage":"selenium.common.exceptions.TimeoutException: Message: Не могу найти ('xpath', '//ul[@class=\"nav nav-tabs\"]//a[@href=\"/order-in-1-click/\"]') в течение 5 сек\n\n","statusTrace":"  File \"/opt/hostedtoolcache/Python/3.9.15/x64/lib/python3.9/site-packages/behave/model.py\", line 1812, in run\n    match.run(runner.context)\n  File \"/opt/hostedtoolcache/Python/3.9.15/x64/lib/python3.9/site-packages/behave/matchers.py\", line 97, in run\n    self.func(context, *args, **kwargs)\n  File \"features/steps/basic_steps.py\", line 88, in open_page\n    context.current_page = page_class(context.driver)\n  File \"/home/runner/work/popup-auto/popup-auto/features/pages/base_page.py\", line 16, in __init__\n    self._verify_page()\n  File \"/home/runner/work/popup-auto/popup-auto/features/pages/emk24_page.py\", line 69, in _verify_page\n    self.on_this_page(self.BUTTON_ORDER_IN_1_CLICK)\n  File \"/home/runner/work/popup-auto/popup-auto/features/pages/base_page.py\", line 23, in on_this_page\n    self.get_element(element_name)\n  File \"/home/runner/work/popup-auto/popup-auto/features/pages/base_page.py\", line 58, in get_element\n    return WebDriverWait(self.driver, timeout).until(\n  File \"/opt/hostedtoolcache/Python/3.9.15/x64/lib/python3.9/site-packages/selenium/webdriver/support/wait.py\", line 80, in until\n    raise TimeoutException(message, screen, stacktrace)\n","steps":[{"name":"Given open emk24.by page","time":{"start":1667190912637,"stop":1667190924331,"duration":11694},"status":"broken","statusMessage":"selenium.common.exceptions.TimeoutException: Message: Не могу найти ('xpath', '//ul[@class=\"nav nav-tabs\"]//a[@href=\"/order-in-1-click/\"]') в течение 5 сек\n\n","statusTrace":"  File \"/opt/hostedtoolcache/Python/3.9.15/x64/lib/python3.9/site-packages/behave/model.py\", line 1812, in run\n    match.run(runner.context)\n  File \"/opt/hostedtoolcache/Python/3.9.15/x64/lib/python3.9/site-packages/behave/matchers.py\", line 97, in run\n    self.func(context, *args, **kwargs)\n  File \"features/steps/basic_steps.py\", line 88, in open_page\n    context.current_page = page_class(context.driver)\n  File \"/home/runner/work/popup-auto/popup-auto/features/pages/base_page.py\", line 16, in __init__\n    self._verify_page()\n  File \"/home/runner/work/popup-auto/popup-auto/features/pages/emk24_page.py\", line 69, in _verify_page\n    self.on_this_page(self.BUTTON_ORDER_IN_1_CLICK)\n  File \"/home/runner/work/popup-auto/popup-auto/features/pages/base_page.py\", line 23, in on_this_page\n    self.get_element(element_name)\n  File \"/home/runner/work/popup-auto/popup-auto/features/pages/base_page.py\", line 58, in get_element\n    return WebDriverWait(self.driver, timeout).until(\n  File \"/opt/hostedtoolcache/Python/3.9.15/x64/lib/python3.9/site-packages/selenium/webdriver/support/wait.py\", line 80, in until\n    raise TimeoutException(message, screen, stacktrace)\n","steps":[],"attachments":[{"uid":"151924fc4d09ba00","name":"screenshot","source":"151924fc4d09ba00.png","type":"image/png","size":71628}],"parameters":[],"shouldDisplayMessage":true,"hasContent":true,"stepsCount":0,"attachmentsCount":1},{"name":"When click on order in 1 click button","time":{"start":1667190924338,"stop":1667190935772,"duration":11434},"status":"broken","statusMessage":"selenium.common.exceptions.TimeoutException: Message: Не могу найти ('xpath', '//ul[@class=\"nav nav-tabs\"]//a[@href=\"/order-in-1-click/\"]') в течение 5 сек\n\n","statusTrace":"  File \"/opt/hostedtoolcache/Python/3.9.15/x64/lib/python3.9/site-packages/behave/model.py\", line 1812, in run\n    match.run(runner.context)\n  File \"/opt/hostedtoolcache/Python/3.9.15/x64/lib/python3.9/site-packages/behave/matchers.py\", line 97, in run\n    self.func(context, *args, **kwargs)\n  File \"features/steps/basic_steps.py\", line 88, in open_page\n    context.current_page = page_class(context.driver)\n  File \"/home/runner/work/popup-auto/popup-auto/features/pages/base_page.py\", line 16, in __init__\n    self._verify_page()\n  File \"/home/runner/work/popup-auto/popup-auto/features/pages/emk24_page.py\", line 69, in _verify_page\n    self.on_this_page(self.BUTTON_ORDER_IN_1_CLICK)\n  File \"/home/runner/work/popup-auto/popup-auto/features/pages/base_page.py\", line 23, in on_this_page\n    self.get_element(element_name)\n  File \"/home/runner/work/popup-auto/popup-auto/features/pages/base_page.py\", line 58, in get_element\n    return WebDriverWait(self.driver, timeout).until(\n  File \"/opt/hostedtoolcache/Python/3.9.15/x64/lib/python3.9/site-packages/selenium/webdriver/support/wait.py\", line 80, in until\n    raise TimeoutException(message, screen, stacktrace)\n","steps":[],"attachments":[{"uid":"6e20db86050a918d","name":"screenshot","source":"6e20db86050a918d.png","type":"image/png","size":72046}],"parameters":[],"shouldDisplayMessage":true,"hasContent":true,"stepsCount":0,"attachmentsCount":1},{"name":"When enter \"generated_test_automation_email_order_1_click\" in message field","time":{"start":1667190935773,"stop":1667190935773,"duration":0},"status":"skipped","steps":[],"attachments":[],"parameters":[],"shouldDisplayMessage":false,"hasContent":false,"stepsCount":0,"attachmentsCount":0},{"name":"When enter \"test_automation_user_name\" in name field","time":{"start":1667190935773,"stop":1667190935773,"duration":0},"status":"skipped","steps":[],"attachments":[],"parameters":[],"shouldDisplayMessage":false,"hasContent":false,"stepsCount":0,"attachmentsCount":0},{"name":"When enter \"test_company_name\" in company field","time":{"start":1667190935773,"stop":1667190935773,"duration":0},"status":"skipped","steps":[],"attachments":[],"parameters":[],"shouldDisplayMessage":false,"hasContent":false,"stepsCount":0,"attachmentsCount":0},{"name":"When enter \"+70000000000\" in phone field","time":{"start":1667190935773,"stop":1667190935773,"duration":0},"status":"skipped","steps":[],"attachments":[],"parameters":[],"shouldDisplayMessage":false,"hasContent":false,"stepsCount":0,"attachmentsCount":0},{"name":"When enter \"automation.emk@gmail.com\" in email field","time":{"start":1667190935773,"stop":1667190935773,"duration":0},"status":"skipped","steps":[],"attachments":[],"parameters":[],"shouldDisplayMessage":false,"hasContent":false,"stepsCount":0,"attachmentsCount":0},{"name":"When click on Send button","time":{"start":1667190935773,"stop":1667190935773,"duration":0},"status":"skipped","steps":[],"attachments":[],"parameters":[],"shouldDisplayMessage":false,"hasContent":false,"stepsCount":0,"attachmentsCount":0},{"name":"Then text \"Спасибо за заявку!\" is displayed","time":{"start":1667190935773,"stop":1667190935773,"duration":0},"status":"skipped","steps":[],"attachments":[],"parameters":[],"shouldDisplayMessage":false,"hasContent":false,"stepsCount":0,"attachmentsCount":0},{"name":"Then email with \"emk24.by Заказ в 1 клик\" contains \"emk24.by;test_automation_user_name;test_company_name;[PHONE]: +70000000000;[EMAIL]: automation.emk@gmail.com\" in 900 sec","time":{"start":1667190935773,"stop":1667190935773,"duration":0},"status":"skipped","steps":[],"attachments":[],"parameters":[],"shouldDisplayMessage":false,"hasContent":false,"stepsCount":0,"attachmentsCount":0},{"name":"Given open emk24.by page","time":{"start":1667190935773,"stop":1667190935773,"duration":0},"status":"broken","statusMessage":"selenium.common.exceptions.TimeoutException: Message: Не могу найти ('xpath', '//ul[@class=\"nav nav-tabs\"]//a[@href=\"/order-in-1-click/\"]') в течение 5 сек\n\n","statusTrace":"  File \"/opt/hostedtoolcache/Python/3.9.15/x64/lib/python3.9/site-packages/behave/model.py\", line 1812, in run\n    match.run(runner.context)\n  File \"/opt/hostedtoolcache/Python/3.9.15/x64/lib/python3.9/site-packages/behave/matchers.py\", line 97, in run\n    self.func(context, *args, **kwargs)\n  File \"features/steps/basic_steps.py\", line 88, in open_page\n    context.current_page = page_class(context.driver)\n  File \"/home/runner/work/popup-auto/popup-auto/features/pages/base_page.py\", line 16, in __init__\n    self._verify_page()\n  File \"/home/runner/work/popup-auto/popup-auto/features/pages/emk24_page.py\", line 69, in _verify_page\n    self.on_this_page(self.BUTTON_ORDER_IN_1_CLICK)\n  File \"/home/runner/work/popup-auto/popup-auto/features/pages/base_page.py\", line 23, in on_this_page\n    self.get_element(element_name)\n  File \"/home/runner/work/popup-auto/popup-auto/features/pages/base_page.py\", line 58, in get_element\n    return WebDriverWait(self.driver, timeout).until(\n  File \"/opt/hostedtoolcache/Python/3.9.15/x64/lib/python3.9/site-packages/selenium/webdriver/support/wait.py\", line 80, in until\n    raise TimeoutException(message, screen, stacktrace)\n","steps":[],"attachments":[],"parameters":[],"shouldDisplayMessage":true,"hasContent":true,"stepsCount":0,"attachmentsCount":0},{"name":"When click on order in 1 click button","time":{"start":1667190935773,"stop":1667190935773,"duration":0},"status":"skipped","steps":[],"attachments":[],"parameters":[],"shouldDisplayMessage":false,"hasContent":false,"stepsCount":0,"attachmentsCount":0},{"name":"When enter \"generated_test_automation_email_order_1_click\" in message field","time":{"start":1667190935773,"stop":1667190935773,"duration":0},"status":"skipped","steps":[],"attachments":[],"parameters":[],"shouldDisplayMessage":false,"hasContent":false,"stepsCount":0,"attachmentsCount":0},{"name":"When enter \"test_automation_user_name\" in name field","time":{"start":1667190935773,"stop":1667190935773,"duration":0},"status":"skipped","steps":[],"attachments":[],"parameters":[],"shouldDisplayMessage":false,"hasContent":false,"stepsCount":0,"attachmentsCount":0},{"name":"When enter \"test_company_name\" in company field","time":{"start":1667190935773,"stop":1667190935773,"duration":0},"status":"skipped","steps":[],"attachments":[],"parameters":[],"shouldDisplayMessage":false,"hasContent":false,"stepsCount":0,"attachmentsCount":0},{"name":"When enter \"+70000000000\" in phone field","time":{"start":1667190935773,"stop":1667190935773,"duration":0},"status":"skipped","steps":[],"attachments":[],"parameters":[],"shouldDisplayMessage":false,"hasContent":false,"stepsCount":0,"attachmentsCount":0},{"name":"When enter \"automation.emk@gmail.com\" in email field","time":{"start":1667190935773,"stop":1667190935773,"duration":0},"status":"skipped","steps":[],"attachments":[],"parameters":[],"shouldDisplayMessage":false,"hasContent":false,"stepsCount":0,"attachmentsCount":0},{"name":"When click on Send button","time":{"start":1667190935773,"stop":1667190935773,"duration":0},"status":"skipped","steps":[],"attachments":[],"parameters":[],"shouldDisplayMessage":false,"hasContent":false,"stepsCount":0,"attachmentsCount":0},{"name":"Then text \"Спасибо за заявку!\" is displayed","time":{"start":1667190935773,"stop":1667190935773,"duration":0},"status":"skipped","steps":[],"attachments":[],"parameters":[],"shouldDisplayMessage":false,"hasContent":false,"stepsCount":0,"attachmentsCount":0},{"name":"Then email with \"emk24.by Заказ в 1 клик\" contains \"emk24.by;test_automation_user_name;test_company_name;[PHONE]: +70000000000;[EMAIL]: automation.emk@gmail.com\" in 900 sec","time":{"start":1667190935773,"stop":1667190935773,"duration":0},"status":"skipped","steps":[],"attachments":[],"parameters":[],"shouldDisplayMessage":false,"hasContent":false,"stepsCount":0,"attachmentsCount":0}],"attachments":[],"parameters":[],"shouldDisplayMessage":false,"hasContent":true,"stepsCount":20,"attachmentsCount":2},"afterStages":[],"labels":[{"name":"severity","value":"normal"},{"name":"tag","value":"regression"},{"name":"feature","value":"Проверка кнопки Заказать в 1 клик emk24"},{"name":"framework","value":"behave"},{"name":"language","value":"cpython3"},{"name":"resultFormat","value":"allure2"}],"parameters":[{"name":"url","value":"emk24.by"}],"links":[],"hidden":false,"retry":false,"extra":{"severity":"normal","retries":[],"categories":[{"name":"Test defects","matchedStatuses":[],"flaky":false}],"history":{"statistic":{"failed":0,"broken":4,"skipped":0,"passed":0,"unknown":0,"total":4},"items":[{"uid":"3df6cab116da88e9","reportUrl":"https://one-focus.github.io/popup-auto/279//#testresult/3df6cab116da88e9","status":"broken","statusDetails":"RuntimeError: Сообщение с текстом \"emk24.by Заказ в 1 клик\" не пришло на почту в течение 900 секунд\n","time":{"start":1667115792372,"stop":1667115824223,"duration":31851}},{"uid":"69a333744c2a2d95","reportUrl":"https://one-focus.github.io/popup-auto/278//#testresult/69a333744c2a2d95","status":"broken","statusDetails":"RuntimeError: ['\"[EMAIL]: automation.emk@gmail.com\" не найден в \"[DATE]: 30.10.2022 07:35:02  [NAME]: test_automation_user_name  [EMAIL]:  [PHONE]: +70000000000  [COMPANY]: test_company_name  [BODY]: 30.10.2022 07:34:58_test_automation_email_order_1_click  [FILE]:   [LINK]: https://emk24.by/  [TYPE]: Заказ в 1 клик (сквозная форма)  [FORM]: Заказ в 1 клик (сквозная форма)  [ROISTATID]: 670244  [PSESSION_ID]: k212801  [SESSION_ID]: 9457041  [USER_ID]: 7164929  \"']\n","time":{"start":1667104495129,"stop":1667104524828,"duration":29699}},{"uid":"db0c2f890323c4a8","reportUrl":"https://one-focus.github.io/popup-auto/277//#testresult/db0c2f890323c4a8","status":"broken","statusDetails":"RuntimeError: Сообщение с текстом \"emk24.by Заказ в 1 клик\" не пришло на почту в течение 900 секунд\n","time":{"start":1667054751170,"stop":1667054787083,"duration":35913}}]},"tags":["regression"]},"source":"bcc67119ba232872.json","parameterValues":["emk24.by"]}