{"uid":"cdd67f36d62cba7a","name":"emk24 -- @1.2 ","fullName":"Проверка кнопки Заказать в 1 клик emk24: emk24","historyId":"ddec2eb586939d98763f1bce09eaf5e0","time":{"start":1658723650231,"stop":1658723687297,"duration":37066},"status":"broken","statusMessage":"selenium.common.exceptions.ElementNotInteractableException: Message: element not interactable\n  (Session info: headless chrome=103.0.5060.114)\n\n","statusTrace":"  File \"/opt/hostedtoolcache/Python/3.9.13/x64/lib/python3.9/site-packages/behave/model.py\", line 1806, in run\n    match.run(runner.context)\n  File \"/opt/hostedtoolcache/Python/3.9.13/x64/lib/python3.9/site-packages/behave/matchers.py\", line 97, in run\n    self.func(context, *args, **kwargs)\n  File \"features/steps/basic_steps.py\", line 54, in enter_in\n    context.current_page.type_in(field_name, text)\n  File \"/home/runner/work/popup-auto/popup-auto/features/pages/base_page.py\", line 39, in type_in\n    self.get_element(element_name).clear()\n  File \"/opt/hostedtoolcache/Python/3.9.13/x64/lib/python3.9/site-packages/selenium/webdriver/remote/webelement.py\", line 95, in clear\n    self._execute(Command.CLEAR_ELEMENT)\n  File \"/opt/hostedtoolcache/Python/3.9.13/x64/lib/python3.9/site-packages/selenium/webdriver/remote/webelement.py\", line 633, in _execute\n    return self._parent.execute(command, params)\n  File \"/opt/hostedtoolcache/Python/3.9.13/x64/lib/python3.9/site-packages/selenium/webdriver/remote/webdriver.py\", line 321, in execute\n    self.error_handler.check_response(response)\n  File \"/opt/hostedtoolcache/Python/3.9.13/x64/lib/python3.9/site-packages/selenium/webdriver/remote/errorhandler.py\", line 242, in check_response\n    raise exception_class(message, screen, stacktrace)\n","flaky":false,"newFailed":false,"newBroken":true,"newPassed":false,"retriesCount":0,"retriesStatusChange":false,"beforeStages":[],"testStage":{"status":"broken","statusMessage":"selenium.common.exceptions.ElementNotInteractableException: Message: element not interactable\n  (Session info: headless chrome=103.0.5060.114)\n\n","statusTrace":"  File \"/opt/hostedtoolcache/Python/3.9.13/x64/lib/python3.9/site-packages/behave/model.py\", line 1806, in run\n    match.run(runner.context)\n  File \"/opt/hostedtoolcache/Python/3.9.13/x64/lib/python3.9/site-packages/behave/matchers.py\", line 97, in run\n    self.func(context, *args, **kwargs)\n  File \"features/steps/basic_steps.py\", line 54, in enter_in\n    context.current_page.type_in(field_name, text)\n  File \"/home/runner/work/popup-auto/popup-auto/features/pages/base_page.py\", line 39, in type_in\n    self.get_element(element_name).clear()\n  File \"/opt/hostedtoolcache/Python/3.9.13/x64/lib/python3.9/site-packages/selenium/webdriver/remote/webelement.py\", line 95, in clear\n    self._execute(Command.CLEAR_ELEMENT)\n  File \"/opt/hostedtoolcache/Python/3.9.13/x64/lib/python3.9/site-packages/selenium/webdriver/remote/webelement.py\", line 633, in _execute\n    return self._parent.execute(command, params)\n  File \"/opt/hostedtoolcache/Python/3.9.13/x64/lib/python3.9/site-packages/selenium/webdriver/remote/webdriver.py\", line 321, in execute\n    self.error_handler.check_response(response)\n  File \"/opt/hostedtoolcache/Python/3.9.13/x64/lib/python3.9/site-packages/selenium/webdriver/remote/errorhandler.py\", line 242, in check_response\n    raise exception_class(message, screen, stacktrace)\n","steps":[{"name":"Given open emk24.by page","time":{"start":1658723650665,"stop":1658723653721,"duration":3056},"status":"passed","steps":[],"attachments":[],"parameters":[],"stepsCount":0,"attachmentsCount":0,"shouldDisplayMessage":false,"hasContent":false},{"name":"When click on order in 1 click button","time":{"start":1658723653721,"stop":1658723655871,"duration":2150},"status":"passed","steps":[],"attachments":[],"parameters":[],"stepsCount":0,"attachmentsCount":0,"shouldDisplayMessage":false,"hasContent":false},{"name":"When enter \"generated_test_automation_email_order_1_click\" in message field","time":{"start":1658723655871,"stop":1658723656593,"duration":722},"status":"passed","steps":[],"attachments":[],"parameters":[],"stepsCount":0,"attachmentsCount":0,"shouldDisplayMessage":false,"hasContent":false},{"name":"When click on Continue button","time":{"start":1658723656593,"stop":1658723657486,"duration":893},"status":"passed","steps":[],"attachments":[],"parameters":[],"stepsCount":0,"attachmentsCount":0,"shouldDisplayMessage":false,"hasContent":false},{"name":"When enter \"test_automation_user_name\" in name field","time":{"start":1658723657486,"stop":1658723669575,"duration":12089},"status":"broken","statusMessage":"selenium.common.exceptions.ElementNotInteractableException: Message: element not interactable\n  (Session info: headless chrome=103.0.5060.114)\n\n","statusTrace":"  File \"/opt/hostedtoolcache/Python/3.9.13/x64/lib/python3.9/site-packages/behave/model.py\", line 1806, in run\n    match.run(runner.context)\n  File \"/opt/hostedtoolcache/Python/3.9.13/x64/lib/python3.9/site-packages/behave/matchers.py\", line 97, in run\n    self.func(context, *args, **kwargs)\n  File \"features/steps/basic_steps.py\", line 54, in enter_in\n    context.current_page.type_in(field_name, text)\n  File \"/home/runner/work/popup-auto/popup-auto/features/pages/base_page.py\", line 39, in type_in\n    self.get_element(element_name).clear()\n  File \"/opt/hostedtoolcache/Python/3.9.13/x64/lib/python3.9/site-packages/selenium/webdriver/remote/webelement.py\", line 95, in clear\n    self._execute(Command.CLEAR_ELEMENT)\n  File \"/opt/hostedtoolcache/Python/3.9.13/x64/lib/python3.9/site-packages/selenium/webdriver/remote/webelement.py\", line 633, in _execute\n    return self._parent.execute(command, params)\n  File \"/opt/hostedtoolcache/Python/3.9.13/x64/lib/python3.9/site-packages/selenium/webdriver/remote/webdriver.py\", line 321, in execute\n    self.error_handler.check_response(response)\n  File \"/opt/hostedtoolcache/Python/3.9.13/x64/lib/python3.9/site-packages/selenium/webdriver/remote/errorhandler.py\", line 242, in check_response\n    raise exception_class(message, screen, stacktrace)\n","steps":[],"attachments":[{"uid":"d7cd9b2c76c28f47","name":"screenshot","source":"d7cd9b2c76c28f47.png","type":"image/png","size":326232}],"parameters":[],"stepsCount":0,"attachmentsCount":1,"shouldDisplayMessage":true,"hasContent":true},{"name":"When enter \"test_company_name\" in company field","time":{"start":1658723670010,"stop":1658723671656,"duration":1646},"status":"passed","steps":[],"attachments":[],"parameters":[],"stepsCount":0,"attachmentsCount":0,"shouldDisplayMessage":false,"hasContent":false},{"name":"When enter \"+70000000000\" in phone field","time":{"start":1658723671656,"stop":1658723673687,"duration":2031},"status":"passed","steps":[],"attachments":[],"parameters":[],"stepsCount":0,"attachmentsCount":0,"shouldDisplayMessage":false,"hasContent":false},{"name":"When enter \"automation.emk@gmail.com\" in email field","time":{"start":1658723673687,"stop":1658723674397,"duration":710},"status":"passed","steps":[],"attachments":[],"parameters":[],"stepsCount":0,"attachmentsCount":0,"shouldDisplayMessage":false,"hasContent":false},{"name":"When click on Send button","time":{"start":1658723674397,"stop":1658723675282,"duration":885},"status":"passed","steps":[],"attachments":[],"parameters":[],"stepsCount":0,"attachmentsCount":0,"shouldDisplayMessage":false,"hasContent":false},{"name":"Then text \"Спасибо за заявку!\" is displayed","time":{"start":1658723675283,"stop":1658723687296,"duration":12013},"status":"broken","statusMessage":"selenium.common.exceptions.ElementNotInteractableException: Message: element not interactable\n  (Session info: headless chrome=103.0.5060.114)\n\n","statusTrace":"  File \"/opt/hostedtoolcache/Python/3.9.13/x64/lib/python3.9/site-packages/behave/model.py\", line 1806, in run\n    match.run(runner.context)\n  File \"/opt/hostedtoolcache/Python/3.9.13/x64/lib/python3.9/site-packages/behave/matchers.py\", line 97, in run\n    self.func(context, *args, **kwargs)\n  File \"features/steps/basic_steps.py\", line 54, in enter_in\n    context.current_page.type_in(field_name, text)\n  File \"/home/runner/work/popup-auto/popup-auto/features/pages/base_page.py\", line 39, in type_in\n    self.get_element(element_name).clear()\n  File \"/opt/hostedtoolcache/Python/3.9.13/x64/lib/python3.9/site-packages/selenium/webdriver/remote/webelement.py\", line 95, in clear\n    self._execute(Command.CLEAR_ELEMENT)\n  File \"/opt/hostedtoolcache/Python/3.9.13/x64/lib/python3.9/site-packages/selenium/webdriver/remote/webelement.py\", line 633, in _execute\n    return self._parent.execute(command, params)\n  File \"/opt/hostedtoolcache/Python/3.9.13/x64/lib/python3.9/site-packages/selenium/webdriver/remote/webdriver.py\", line 321, in execute\n    self.error_handler.check_response(response)\n  File \"/opt/hostedtoolcache/Python/3.9.13/x64/lib/python3.9/site-packages/selenium/webdriver/remote/errorhandler.py\", line 242, in check_response\n    raise exception_class(message, screen, stacktrace)\n","steps":[],"attachments":[{"uid":"5b8940714445dd2c","name":"screenshot","source":"5b8940714445dd2c.png","type":"image/png","size":294220}],"parameters":[],"stepsCount":0,"attachmentsCount":1,"shouldDisplayMessage":true,"hasContent":true},{"name":"Then email with \"generated_test_automation_email_order_1_click\" contains \"emk24.by;test_automation_user_name;test_company_name;[PHONE]: +70000000000;[EMAIL]: automation.emk@gmail.com\" in 900 sec","time":{"start":1658723687297,"stop":1658723687297,"duration":0},"status":"skipped","steps":[],"attachments":[],"parameters":[],"stepsCount":0,"attachmentsCount":0,"shouldDisplayMessage":false,"hasContent":false},{"name":"Given open emk24.by page","time":{"start":1658723687297,"stop":1658723687297,"duration":0},"status":"passed","steps":[],"attachments":[],"parameters":[],"stepsCount":0,"attachmentsCount":0,"shouldDisplayMessage":false,"hasContent":false},{"name":"When click on order in 1 click button","time":{"start":1658723687297,"stop":1658723687297,"duration":0},"status":"passed","steps":[],"attachments":[],"parameters":[],"stepsCount":0,"attachmentsCount":0,"shouldDisplayMessage":false,"hasContent":false},{"name":"When enter \"generated_test_automation_email_order_1_click\" in message field","time":{"start":1658723687297,"stop":1658723687297,"duration":0},"status":"passed","steps":[],"attachments":[],"parameters":[],"stepsCount":0,"attachmentsCount":0,"shouldDisplayMessage":false,"hasContent":false},{"name":"When click on Continue button","time":{"start":1658723687297,"stop":1658723687297,"duration":0},"status":"passed","steps":[],"attachments":[],"parameters":[],"stepsCount":0,"attachmentsCount":0,"shouldDisplayMessage":false,"hasContent":false},{"name":"When enter \"test_automation_user_name\" in name field","time":{"start":1658723687297,"stop":1658723687297,"duration":0},"status":"broken","statusMessage":"selenium.common.exceptions.ElementNotInteractableException: Message: element not interactable\n  (Session info: headless chrome=103.0.5060.114)\n\n","statusTrace":"  File \"/opt/hostedtoolcache/Python/3.9.13/x64/lib/python3.9/site-packages/behave/model.py\", line 1806, in run\n    match.run(runner.context)\n  File \"/opt/hostedtoolcache/Python/3.9.13/x64/lib/python3.9/site-packages/behave/matchers.py\", line 97, in run\n    self.func(context, *args, **kwargs)\n  File \"features/steps/basic_steps.py\", line 54, in enter_in\n    context.current_page.type_in(field_name, text)\n  File \"/home/runner/work/popup-auto/popup-auto/features/pages/base_page.py\", line 39, in type_in\n    self.get_element(element_name).clear()\n  File \"/opt/hostedtoolcache/Python/3.9.13/x64/lib/python3.9/site-packages/selenium/webdriver/remote/webelement.py\", line 95, in clear\n    self._execute(Command.CLEAR_ELEMENT)\n  File \"/opt/hostedtoolcache/Python/3.9.13/x64/lib/python3.9/site-packages/selenium/webdriver/remote/webelement.py\", line 633, in _execute\n    return self._parent.execute(command, params)\n  File \"/opt/hostedtoolcache/Python/3.9.13/x64/lib/python3.9/site-packages/selenium/webdriver/remote/webdriver.py\", line 321, in execute\n    self.error_handler.check_response(response)\n  File \"/opt/hostedtoolcache/Python/3.9.13/x64/lib/python3.9/site-packages/selenium/webdriver/remote/errorhandler.py\", line 242, in check_response\n    raise exception_class(message, screen, stacktrace)\n","steps":[],"attachments":[],"parameters":[],"stepsCount":0,"attachmentsCount":0,"shouldDisplayMessage":true,"hasContent":true},{"name":"When enter \"test_company_name\" in company field","time":{"start":1658723687297,"stop":1658723687297,"duration":0},"status":"skipped","steps":[],"attachments":[],"parameters":[],"stepsCount":0,"attachmentsCount":0,"shouldDisplayMessage":false,"hasContent":false},{"name":"When enter \"+70000000000\" in phone field","time":{"start":1658723687297,"stop":1658723687297,"duration":0},"status":"skipped","steps":[],"attachments":[],"parameters":[],"stepsCount":0,"attachmentsCount":0,"shouldDisplayMessage":false,"hasContent":false},{"name":"When enter \"automation.emk@gmail.com\" in email field","time":{"start":1658723687297,"stop":1658723687297,"duration":0},"status":"skipped","steps":[],"attachments":[],"parameters":[],"stepsCount":0,"attachmentsCount":0,"shouldDisplayMessage":false,"hasContent":false},{"name":"When click on Send button","time":{"start":1658723687297,"stop":1658723687297,"duration":0},"status":"skipped","steps":[],"attachments":[],"parameters":[],"stepsCount":0,"attachmentsCount":0,"shouldDisplayMessage":false,"hasContent":false},{"name":"Then text \"Спасибо за заявку!\" is displayed","time":{"start":1658723687297,"stop":1658723687297,"duration":0},"status":"skipped","steps":[],"attachments":[],"parameters":[],"stepsCount":0,"attachmentsCount":0,"shouldDisplayMessage":false,"hasContent":false},{"name":"Then email with \"generated_test_automation_email_order_1_click\" contains \"emk24.by;test_automation_user_name;test_company_name;[PHONE]: +70000000000;[EMAIL]: automation.emk@gmail.com\" in 900 sec","time":{"start":1658723687297,"stop":1658723687297,"duration":0},"status":"skipped","steps":[],"attachments":[],"parameters":[],"stepsCount":0,"attachmentsCount":0,"shouldDisplayMessage":false,"hasContent":false}],"attachments":[],"parameters":[],"stepsCount":22,"attachmentsCount":2,"shouldDisplayMessage":false,"hasContent":true},"afterStages":[],"labels":[{"name":"severity","value":"normal"},{"name":"tag","value":"regression"},{"name":"feature","value":"Проверка кнопки Заказать в 1 клик emk24"},{"name":"framework","value":"behave"},{"name":"language","value":"cpython3"},{"name":"resultFormat","value":"allure2"}],"parameters":[{"name":"url","value":"emk24.by"}],"links":[],"hidden":false,"retry":false,"extra":{"severity":"normal","retries":[],"categories":[{"name":"Test defects","matchedStatuses":[],"flaky":false}],"history":{"statistic":{"failed":0,"broken":12,"skipped":0,"passed":139,"unknown":0,"total":151},"items":[{"uid":"52b088d65874bf54","reportUrl":"https://one-focus.github.io/popup-auto/175//#testresult/52b088d65874bf54","status":"passed","time":{"start":1658636851700,"stop":1658636885206,"duration":33506}},{"uid":"e8c0188a7b261b4e","reportUrl":"https://one-focus.github.io/popup-auto/174//#testresult/e8c0188a7b261b4e","status":"passed","time":{"start":1658550821778,"stop":1658550839586,"duration":17808}},{"uid":"ba50e439bc79747c","reportUrl":"https://one-focus.github.io/popup-auto/173//#testresult/ba50e439bc79747c","status":"passed","time":{"start":1658465956644,"stop":1658465990201,"duration":33557}},{"uid":"f55c545de85c1ffe","reportUrl":"https://one-focus.github.io/popup-auto/172//#testresult/f55c545de85c1ffe","status":"passed","time":{"start":1658379635323,"stop":1658379850260,"duration":214937}},{"uid":"ec66c682fd242b6b","reportUrl":"https://one-focus.github.io/popup-auto/171//#testresult/ec66c682fd242b6b","status":"broken","statusDetails":"selenium.common.exceptions.ElementNotInteractableException: Message: element not interactable\n  (Session info: headless chrome=103.0.5060.114)\n\n","time":{"start":1658291421061,"stop":1658291455521,"duration":34460}},{"uid":"11927804d4502d63","reportUrl":"https://one-focus.github.io/popup-auto/170//#testresult/11927804d4502d63","status":"passed","time":{"start":1658206378818,"stop":1658206396314,"duration":17496}},{"uid":"9b488908822753dd","reportUrl":"https://one-focus.github.io/popup-auto/169//#testresult/9b488908822753dd","status":"broken","statusDetails":"selenium.common.exceptions.ElementNotInteractableException: Message: element not interactable\n  (Session info: headless chrome=103.0.5060.114)\n\n","time":{"start":1658118645495,"stop":1658118681260,"duration":35765}},{"uid":"320540104c18b014","reportUrl":"https://one-focus.github.io/popup-auto/168//#testresult/320540104c18b014","status":"broken","statusDetails":"selenium.common.exceptions.ElementNotInteractableException: Message: element not interactable\n  (Session info: headless chrome=103.0.5060.114)\n\n","time":{"start":1658032265341,"stop":1658032297873,"duration":32532}},{"uid":"17b3a32d9948a4ac","reportUrl":"https://one-focus.github.io/popup-auto/167//#testresult/17b3a32d9948a4ac","status":"broken","statusDetails":"selenium.common.exceptions.ElementNotInteractableException: Message: element not interactable\n  (Session info: headless chrome=103.0.5060.114)\n\n","time":{"start":1657945321114,"stop":1657945357836,"duration":36722}},{"uid":"19e1b92abdf33a7","reportUrl":"https://one-focus.github.io/popup-auto/166//#testresult/19e1b92abdf33a7","status":"passed","time":{"start":1657860505875,"stop":1657860539816,"duration":33941}},{"uid":"e46c6628e75f201c","reportUrl":"https://one-focus.github.io/popup-auto/165//#testresult/e46c6628e75f201c","status":"passed","time":{"start":1657773333436,"stop":1657773349937,"duration":16501}},{"uid":"af18e107a82c0d64","reportUrl":"https://one-focus.github.io/popup-auto/164//#testresult/af18e107a82c0d64","status":"passed","time":{"start":1657686907573,"stop":1657686928374,"duration":20801}},{"uid":"b97824d5db9a8577","reportUrl":"https://one-focus.github.io/popup-auto/163//#testresult/b97824d5db9a8577","status":"passed","time":{"start":1657601358328,"stop":1657601378440,"duration":20112}},{"uid":"ed8d528d4d6f2fb8","reportUrl":"https://one-focus.github.io/popup-auto/162//#testresult/ed8d528d4d6f2fb8","status":"passed","time":{"start":1657513465936,"stop":1657513484175,"duration":18239}},{"uid":"d41983298ab36470","reportUrl":"https://one-focus.github.io/popup-auto/161//#testresult/d41983298ab36470","status":"passed","time":{"start":1657426625259,"stop":1657426643687,"duration":18428}},{"uid":"1f13370b6f673dbb","reportUrl":"https://one-focus.github.io/popup-auto/160//#testresult/1f13370b6f673dbb","status":"passed","time":{"start":1657340106514,"stop":1657340126786,"duration":20272}},{"uid":"d52378dfc60b063c","reportUrl":"https://one-focus.github.io/popup-auto/159//#testresult/d52378dfc60b063c","status":"passed","time":{"start":1657254540194,"stop":1657254557323,"duration":17129}},{"uid":"9174467c80802429","reportUrl":"https://one-focus.github.io/popup-auto/158//#testresult/9174467c80802429","status":"passed","time":{"start":1657168670256,"stop":1657168687737,"duration":17481}},{"uid":"abc5768ad87aa216","reportUrl":"https://one-focus.github.io/popup-auto/157//#testresult/abc5768ad87aa216","status":"passed","time":{"start":1657082547166,"stop":1657082564388,"duration":17222}},{"uid":"b2948fc3301fb966","reportUrl":"https://one-focus.github.io/popup-auto/156//#testresult/b2948fc3301fb966","status":"passed","time":{"start":1656995374937,"stop":1656995390980,"duration":16043}}]},"tags":["regression"]},"source":"cdd67f36d62cba7a.json","parameterValues":["emk24.by"]}