{"uid":"df1b1bb7ce235a4a","name":"emk24 -- @1.1 ","fullName":"Проверка кнопки Заказать в 1 клик emk24: emk24","historyId":"b75c0ad803b745ea1ebc1ad08bbc79fc","time":{"start":1667018688742,"stop":1667018718878,"duration":30136},"status":"broken","statusMessage":"selenium.common.exceptions.TimeoutException: Message: Не могу найти Continue button в течение 5 сек\n\n","statusTrace":"  File \"/opt/hostedtoolcache/Python/3.9.15/x64/lib/python3.9/site-packages/behave/model.py\", line 1812, in run\n    match.run(runner.context)\n  File \"/opt/hostedtoolcache/Python/3.9.15/x64/lib/python3.9/site-packages/behave/matchers.py\", line 97, in run\n    self.func(context, *args, **kwargs)\n  File \"features/steps/basic_steps.py\", line 31, in click_on\n    context.current_page.click_on(element_name)\n  File \"/home/runner/work/popup-auto/popup-auto/features/pages/emk24_page.py\", line 62, in click_on\n    super(Emk24Page, self).click_on(element_name)\n  File \"/home/runner/work/popup-auto/popup-auto/features/pages/base_page.py\", line 32, in click_on\n    self.hover_element(element_name)\n  File \"/home/runner/work/popup-auto/popup-auto/features/pages/base_page.py\", line 26, in hover_element\n    element = self.get_clickable_element(locator)\n  File \"/home/runner/work/popup-auto/popup-auto/features/pages/base_page.py\", line 65, in get_clickable_element\n    return WebDriverWait(self.driver, timeout).until(\n  File \"/opt/hostedtoolcache/Python/3.9.15/x64/lib/python3.9/site-packages/selenium/webdriver/support/wait.py\", line 80, in until\n    raise TimeoutException(message, screen, stacktrace)\n","flaky":false,"newFailed":false,"newBroken":false,"newPassed":false,"retriesCount":0,"retriesStatusChange":false,"beforeStages":[],"testStage":{"status":"broken","statusMessage":"selenium.common.exceptions.TimeoutException: Message: Не могу найти Continue button в течение 5 сек\n\n","statusTrace":"  File \"/opt/hostedtoolcache/Python/3.9.15/x64/lib/python3.9/site-packages/behave/model.py\", line 1812, in run\n    match.run(runner.context)\n  File \"/opt/hostedtoolcache/Python/3.9.15/x64/lib/python3.9/site-packages/behave/matchers.py\", line 97, in run\n    self.func(context, *args, **kwargs)\n  File \"features/steps/basic_steps.py\", line 31, in click_on\n    context.current_page.click_on(element_name)\n  File \"/home/runner/work/popup-auto/popup-auto/features/pages/emk24_page.py\", line 62, in click_on\n    super(Emk24Page, self).click_on(element_name)\n  File \"/home/runner/work/popup-auto/popup-auto/features/pages/base_page.py\", line 32, in click_on\n    self.hover_element(element_name)\n  File \"/home/runner/work/popup-auto/popup-auto/features/pages/base_page.py\", line 26, in hover_element\n    element = self.get_clickable_element(locator)\n  File \"/home/runner/work/popup-auto/popup-auto/features/pages/base_page.py\", line 65, in get_clickable_element\n    return WebDriverWait(self.driver, timeout).until(\n  File \"/opt/hostedtoolcache/Python/3.9.15/x64/lib/python3.9/site-packages/selenium/webdriver/support/wait.py\", line 80, in until\n    raise TimeoutException(message, screen, stacktrace)\n","steps":[{"name":"Given open emk24.ru page","time":{"start":1667018688780,"stop":1667018689516,"duration":736},"status":"passed","steps":[],"attachments":[],"parameters":[],"stepsCount":0,"attachmentsCount":0,"shouldDisplayMessage":false,"hasContent":false},{"name":"When click on order in 1 click button","time":{"start":1667018689516,"stop":1667018690602,"duration":1086},"status":"passed","steps":[],"attachments":[],"parameters":[],"stepsCount":0,"attachmentsCount":0,"shouldDisplayMessage":false,"hasContent":false},{"name":"When enter \"generated_test_automation_email_order_1_click\" in message field","time":{"start":1667018690602,"stop":1667018691247,"duration":645},"status":"passed","steps":[],"attachments":[],"parameters":[],"stepsCount":0,"attachmentsCount":0,"shouldDisplayMessage":false,"hasContent":false},{"name":"When click on Continue button","time":{"start":1667018691247,"stop":1667018704009,"duration":12762},"status":"broken","statusMessage":"selenium.common.exceptions.TimeoutException: Message: Не могу найти Continue button в течение 5 сек\n\n","statusTrace":"  File \"/opt/hostedtoolcache/Python/3.9.15/x64/lib/python3.9/site-packages/behave/model.py\", line 1812, in run\n    match.run(runner.context)\n  File \"/opt/hostedtoolcache/Python/3.9.15/x64/lib/python3.9/site-packages/behave/matchers.py\", line 97, in run\n    self.func(context, *args, **kwargs)\n  File \"features/steps/basic_steps.py\", line 31, in click_on\n    context.current_page.click_on(element_name)\n  File \"/home/runner/work/popup-auto/popup-auto/features/pages/emk24_page.py\", line 62, in click_on\n    super(Emk24Page, self).click_on(element_name)\n  File \"/home/runner/work/popup-auto/popup-auto/features/pages/base_page.py\", line 32, in click_on\n    self.hover_element(element_name)\n  File \"/home/runner/work/popup-auto/popup-auto/features/pages/base_page.py\", line 26, in hover_element\n    element = self.get_clickable_element(locator)\n  File \"/home/runner/work/popup-auto/popup-auto/features/pages/base_page.py\", line 65, in get_clickable_element\n    return WebDriverWait(self.driver, timeout).until(\n  File \"/opt/hostedtoolcache/Python/3.9.15/x64/lib/python3.9/site-packages/selenium/webdriver/support/wait.py\", line 80, in until\n    raise TimeoutException(message, screen, stacktrace)\n","steps":[],"attachments":[{"uid":"7337230b9ea6292","name":"screenshot","source":"7337230b9ea6292.png","type":"image/png","size":559161}],"parameters":[],"stepsCount":0,"attachmentsCount":1,"shouldDisplayMessage":true,"hasContent":true},{"name":"When enter \"test_automation_user_name\" in name field","time":{"start":1667018704098,"stop":1667018704712,"duration":614},"status":"passed","steps":[],"attachments":[],"parameters":[],"stepsCount":0,"attachmentsCount":0,"shouldDisplayMessage":false,"hasContent":false},{"name":"When enter \"test_company_name\" in company field","time":{"start":1667018704712,"stop":1667018705785,"duration":1073},"status":"passed","steps":[],"attachments":[],"parameters":[],"stepsCount":0,"attachmentsCount":0,"shouldDisplayMessage":false,"hasContent":false},{"name":"When enter \"+70000000000\" in phone field","time":{"start":1667018705785,"stop":1667018706437,"duration":652},"status":"passed","steps":[],"attachments":[],"parameters":[],"stepsCount":0,"attachmentsCount":0,"shouldDisplayMessage":false,"hasContent":false},{"name":"When enter \"automation.emk@gmail.com\" in email field","time":{"start":1667018706437,"stop":1667018718877,"duration":12440},"status":"broken","statusMessage":"selenium.common.exceptions.TimeoutException: Message: Не могу найти Continue button в течение 5 сек\n\n","statusTrace":"  File \"/opt/hostedtoolcache/Python/3.9.15/x64/lib/python3.9/site-packages/behave/model.py\", line 1812, in run\n    match.run(runner.context)\n  File \"/opt/hostedtoolcache/Python/3.9.15/x64/lib/python3.9/site-packages/behave/matchers.py\", line 97, in run\n    self.func(context, *args, **kwargs)\n  File \"features/steps/basic_steps.py\", line 31, in click_on\n    context.current_page.click_on(element_name)\n  File \"/home/runner/work/popup-auto/popup-auto/features/pages/emk24_page.py\", line 62, in click_on\n    super(Emk24Page, self).click_on(element_name)\n  File \"/home/runner/work/popup-auto/popup-auto/features/pages/base_page.py\", line 32, in click_on\n    self.hover_element(element_name)\n  File \"/home/runner/work/popup-auto/popup-auto/features/pages/base_page.py\", line 26, in hover_element\n    element = self.get_clickable_element(locator)\n  File \"/home/runner/work/popup-auto/popup-auto/features/pages/base_page.py\", line 65, in get_clickable_element\n    return WebDriverWait(self.driver, timeout).until(\n  File \"/opt/hostedtoolcache/Python/3.9.15/x64/lib/python3.9/site-packages/selenium/webdriver/support/wait.py\", line 80, in until\n    raise TimeoutException(message, screen, stacktrace)\n","steps":[],"attachments":[{"uid":"90b796da96ccea25","name":"screenshot","source":"90b796da96ccea25.png","type":"image/png","size":538528}],"parameters":[],"stepsCount":0,"attachmentsCount":1,"shouldDisplayMessage":true,"hasContent":true},{"name":"When click on Send button","time":{"start":1667018718877,"stop":1667018718877,"duration":0},"status":"skipped","steps":[],"attachments":[],"parameters":[],"stepsCount":0,"attachmentsCount":0,"shouldDisplayMessage":false,"hasContent":false},{"name":"Then text \"Спасибо за заявку!\" is displayed","time":{"start":1667018718877,"stop":1667018718877,"duration":0},"status":"skipped","steps":[],"attachments":[],"parameters":[],"stepsCount":0,"attachmentsCount":0,"shouldDisplayMessage":false,"hasContent":false},{"name":"Then email with \"generated_test_automation_email_order_1_click\" contains \"emk24.ru;test_automation_user_name;test_company_name;[PHONE]: +70000000000;[EMAIL]: automation.emk@gmail.com\" in 900 sec","time":{"start":1667018718877,"stop":1667018718877,"duration":0},"status":"skipped","steps":[],"attachments":[],"parameters":[],"stepsCount":0,"attachmentsCount":0,"shouldDisplayMessage":false,"hasContent":false},{"name":"Given open emk24.ru page","time":{"start":1667018718877,"stop":1667018718877,"duration":0},"status":"passed","steps":[],"attachments":[],"parameters":[],"stepsCount":0,"attachmentsCount":0,"shouldDisplayMessage":false,"hasContent":false},{"name":"When click on order in 1 click button","time":{"start":1667018718877,"stop":1667018718877,"duration":0},"status":"passed","steps":[],"attachments":[],"parameters":[],"stepsCount":0,"attachmentsCount":0,"shouldDisplayMessage":false,"hasContent":false},{"name":"When enter \"generated_test_automation_email_order_1_click\" in message field","time":{"start":1667018718877,"stop":1667018718877,"duration":0},"status":"passed","steps":[],"attachments":[],"parameters":[],"stepsCount":0,"attachmentsCount":0,"shouldDisplayMessage":false,"hasContent":false},{"name":"When click on Continue button","time":{"start":1667018718877,"stop":1667018718878,"duration":1},"status":"broken","statusMessage":"selenium.common.exceptions.TimeoutException: Message: Не могу найти Continue button в течение 5 сек\n\n","statusTrace":"  File \"/opt/hostedtoolcache/Python/3.9.15/x64/lib/python3.9/site-packages/behave/model.py\", line 1812, in run\n    match.run(runner.context)\n  File \"/opt/hostedtoolcache/Python/3.9.15/x64/lib/python3.9/site-packages/behave/matchers.py\", line 97, in run\n    self.func(context, *args, **kwargs)\n  File \"features/steps/basic_steps.py\", line 31, in click_on\n    context.current_page.click_on(element_name)\n  File \"/home/runner/work/popup-auto/popup-auto/features/pages/emk24_page.py\", line 62, in click_on\n    super(Emk24Page, self).click_on(element_name)\n  File \"/home/runner/work/popup-auto/popup-auto/features/pages/base_page.py\", line 32, in click_on\n    self.hover_element(element_name)\n  File \"/home/runner/work/popup-auto/popup-auto/features/pages/base_page.py\", line 26, in hover_element\n    element = self.get_clickable_element(locator)\n  File \"/home/runner/work/popup-auto/popup-auto/features/pages/base_page.py\", line 65, in get_clickable_element\n    return WebDriverWait(self.driver, timeout).until(\n  File \"/opt/hostedtoolcache/Python/3.9.15/x64/lib/python3.9/site-packages/selenium/webdriver/support/wait.py\", line 80, in until\n    raise TimeoutException(message, screen, stacktrace)\n","steps":[],"attachments":[],"parameters":[],"stepsCount":0,"attachmentsCount":0,"shouldDisplayMessage":true,"hasContent":true},{"name":"When enter \"test_automation_user_name\" in name field","time":{"start":1667018718878,"stop":1667018718878,"duration":0},"status":"skipped","steps":[],"attachments":[],"parameters":[],"stepsCount":0,"attachmentsCount":0,"shouldDisplayMessage":false,"hasContent":false},{"name":"When enter \"test_company_name\" in company field","time":{"start":1667018718878,"stop":1667018718878,"duration":0},"status":"skipped","steps":[],"attachments":[],"parameters":[],"stepsCount":0,"attachmentsCount":0,"shouldDisplayMessage":false,"hasContent":false},{"name":"When enter \"+70000000000\" in phone field","time":{"start":1667018718878,"stop":1667018718878,"duration":0},"status":"skipped","steps":[],"attachments":[],"parameters":[],"stepsCount":0,"attachmentsCount":0,"shouldDisplayMessage":false,"hasContent":false},{"name":"When enter \"automation.emk@gmail.com\" in email field","time":{"start":1667018718878,"stop":1667018718878,"duration":0},"status":"skipped","steps":[],"attachments":[],"parameters":[],"stepsCount":0,"attachmentsCount":0,"shouldDisplayMessage":false,"hasContent":false},{"name":"When click on Send button","time":{"start":1667018718878,"stop":1667018718878,"duration":0},"status":"skipped","steps":[],"attachments":[],"parameters":[],"stepsCount":0,"attachmentsCount":0,"shouldDisplayMessage":false,"hasContent":false},{"name":"Then text \"Спасибо за заявку!\" is displayed","time":{"start":1667018718878,"stop":1667018718878,"duration":0},"status":"skipped","steps":[],"attachments":[],"parameters":[],"stepsCount":0,"attachmentsCount":0,"shouldDisplayMessage":false,"hasContent":false},{"name":"Then email with \"generated_test_automation_email_order_1_click\" contains \"emk24.ru;test_automation_user_name;test_company_name;[PHONE]: +70000000000;[EMAIL]: automation.emk@gmail.com\" in 900 sec","time":{"start":1667018718878,"stop":1667018718878,"duration":0},"status":"skipped","steps":[],"attachments":[],"parameters":[],"stepsCount":0,"attachmentsCount":0,"shouldDisplayMessage":false,"hasContent":false}],"attachments":[],"parameters":[],"stepsCount":22,"attachmentsCount":2,"shouldDisplayMessage":false,"hasContent":true},"afterStages":[],"labels":[{"name":"severity","value":"normal"},{"name":"tag","value":"regression"},{"name":"feature","value":"Проверка кнопки Заказать в 1 клик emk24"},{"name":"framework","value":"behave"},{"name":"language","value":"cpython3"},{"name":"resultFormat","value":"allure2"}],"parameters":[{"name":"url","value":"emk24.ru"}],"links":[],"hidden":false,"retry":false,"extra":{"severity":"normal","retries":[],"categories":[{"name":"Test defects","matchedStatuses":[],"flaky":false}],"history":{"statistic":{"failed":0,"broken":11,"skipped":0,"passed":29,"unknown":0,"total":40},"items":[{"uid":"843ab630d59d3208","reportUrl":"https://one-focus.github.io/popup-auto/275//#testresult/843ab630d59d3208","status":"broken","statusDetails":"selenium.common.exceptions.TimeoutException: Message: Не могу найти Continue button в течение 5 сек\n\n","time":{"start":1666931984766,"stop":1666932015736,"duration":30970}},{"uid":"87e0be8972ee243e","reportUrl":"https://one-focus.github.io/popup-auto/274//#testresult/87e0be8972ee243e","status":"broken","statusDetails":"selenium.common.exceptions.TimeoutException: Message: Не могу найти Continue button в течение 5 сек\n\n","time":{"start":1666845088931,"stop":1666845119078,"duration":30147}},{"uid":"1554dfc30b7d6ef4","reportUrl":"https://one-focus.github.io/popup-auto/273//#testresult/1554dfc30b7d6ef4","status":"broken","statusDetails":"selenium.common.exceptions.TimeoutException: Message: Не могу найти Continue button в течение 5 сек\n\n","time":{"start":1666759269584,"stop":1666759299848,"duration":30264}},{"uid":"533410e4b7031fa5","reportUrl":"https://one-focus.github.io/popup-auto/272//#testresult/533410e4b7031fa5","status":"broken","statusDetails":"selenium.common.exceptions.TimeoutException: Message: Не могу найти Continue button в течение 5 сек\n\n","time":{"start":1666681056403,"stop":1666681087824,"duration":31421}},{"uid":"6597624e7b672473","reportUrl":"https://one-focus.github.io/popup-auto/272//#testresult/6597624e7b672473","status":"broken","statusDetails":"selenium.common.exceptions.TimeoutException: Message: Не могу найти Continue button в течение 5 сек\n\n","time":{"start":1666675000070,"stop":1666675033326,"duration":33256}},{"uid":"bc65157654a2ffc6","reportUrl":"https://one-focus.github.io/popup-auto/271//#testresult/bc65157654a2ffc6","status":"passed","time":{"start":1666589295649,"stop":1666589313012,"duration":17363}},{"uid":"9884ed99398b0ffb","reportUrl":"https://one-focus.github.io/popup-auto/270//#testresult/9884ed99398b0ffb","status":"broken","statusDetails":"selenium.common.exceptions.TimeoutException: Message: Не могу найти ('xpath', '//ul[@class=\"nav nav-tabs\"]//a[@href=\"/order-in-1-click/\"]') в течение 5 сек\n\n","time":{"start":1666502141275,"stop":1666502195890,"duration":54615}},{"uid":"324d3b4b486b9b05","reportUrl":"https://one-focus.github.io/popup-auto/269//#testresult/324d3b4b486b9b05","status":"passed","time":{"start":1666414095071,"stop":1666414112606,"duration":17535}},{"uid":"a522a65327f7d5ca","reportUrl":"https://one-focus.github.io/popup-auto/268//#testresult/a522a65327f7d5ca","status":"passed","time":{"start":1666327741408,"stop":1666327759654,"duration":18246}},{"uid":"b434ec5c0087ec47","reportUrl":"https://one-focus.github.io/popup-auto/267//#testresult/b434ec5c0087ec47","status":"passed","time":{"start":1666242157899,"stop":1666242173690,"duration":15791}},{"uid":"184dabe9496ff7bd","reportUrl":"https://one-focus.github.io/popup-auto/266//#testresult/184dabe9496ff7bd","status":"passed","time":{"start":1666157410926,"stop":1666157429969,"duration":19043}},{"uid":"7d3d5831f5c39ed9","reportUrl":"https://one-focus.github.io/popup-auto/265//#testresult/7d3d5831f5c39ed9","status":"passed","time":{"start":1666070739766,"stop":1666070850352,"duration":110586}},{"uid":"e9c2e3733df8c7b6","reportUrl":"https://one-focus.github.io/popup-auto/264//#testresult/e9c2e3733df8c7b6","status":"passed","time":{"start":1666028302957,"stop":1666028318881,"duration":15924}},{"uid":"14164f2a3cefe9ad","reportUrl":"https://one-focus.github.io/popup-auto/263//#testresult/14164f2a3cefe9ad","status":"broken","statusDetails":"selenium.common.exceptions.TimeoutException: Message: Не могу найти ('xpath', '//ul[@class=\"nav nav-tabs\"]//a[@href=\"/order-in-1-click/\"]') в течение 5 сек\n\n","time":{"start":1665984976356,"stop":1665985030789,"duration":54433}},{"uid":"a913d061461e17bb","reportUrl":"https://one-focus.github.io/popup-auto/262//#testresult/a913d061461e17bb","status":"passed","time":{"start":1665896890586,"stop":1665896907469,"duration":16883}},{"uid":"875f0c49147381e1","reportUrl":"https://one-focus.github.io/popup-auto/261//#testresult/875f0c49147381e1","status":"broken","statusDetails":"selenium.common.exceptions.TimeoutException: Message: Не могу найти ('xpath', '//ul[@class=\"nav nav-tabs\"]//a[@href=\"/order-in-1-click/\"]') в течение 5 сек\n\n","time":{"start":1665811326030,"stop":1665811350175,"duration":24145}},{"uid":"c0ec5bf443cd5ac5","reportUrl":"https://one-focus.github.io/popup-auto/260//#testresult/c0ec5bf443cd5ac5","status":"passed","time":{"start":1665725379805,"stop":1665725485869,"duration":106064}},{"uid":"e32a0c3de17d599b","reportUrl":"https://one-focus.github.io/popup-auto/259//#testresult/e32a0c3de17d599b","status":"passed","time":{"start":1665637859734,"stop":1665637876007,"duration":16273}},{"uid":"7fb93e8a209b8b34","reportUrl":"https://one-focus.github.io/popup-auto/258//#testresult/7fb93e8a209b8b34","status":"passed","time":{"start":1665550719232,"stop":1665550734976,"duration":15744}},{"uid":"e32e70d899c6abbe","reportUrl":"https://one-focus.github.io/popup-auto/257//#testresult/e32e70d899c6abbe","status":"passed","time":{"start":1665465620325,"stop":1665465638131,"duration":17806}}]},"tags":["regression"]},"source":"df1b1bb7ce235a4a.json","parameterValues":["emk24.ru"]}