{"uid":"2c3b1d14985ab275","name":"Скачать стандарт emk24 -- @1.4 ","fullName":"Проверка кнопки скачать снандарт emk24: Скачать стандарт emk24","historyId":"93844706c81e1e70d6bdde791d966554","time":{"start":1666674961320,"stop":1666675000065,"duration":38745},"status":"broken","statusMessage":"selenium.common.exceptions.ElementNotInteractableException: Message: element not interactable\n  (Session info: headless chrome=106.0.5249.119)\n\n","statusTrace":"  File \"/opt/hostedtoolcache/Python/3.9.15/x64/lib/python3.9/site-packages/behave/model.py\", line 1812, in run\n    match.run(runner.context)\n  File \"/opt/hostedtoolcache/Python/3.9.15/x64/lib/python3.9/site-packages/behave/matchers.py\", line 97, in run\n    self.func(context, *args, **kwargs)\n  File \"features/steps/basic_steps.py\", line 54, in enter_in\n    context.current_page.type_in(field_name, text)\n  File \"/home/runner/work/popup-auto/popup-auto/features/pages/base_page.py\", line 39, in type_in\n    self.get_element(element_name).clear()\n  File \"/opt/hostedtoolcache/Python/3.9.15/x64/lib/python3.9/site-packages/selenium/webdriver/remote/webelement.py\", line 95, in clear\n    self._execute(Command.CLEAR_ELEMENT)\n  File \"/opt/hostedtoolcache/Python/3.9.15/x64/lib/python3.9/site-packages/selenium/webdriver/remote/webelement.py\", line 633, in _execute\n    return self._parent.execute(command, params)\n  File \"/opt/hostedtoolcache/Python/3.9.15/x64/lib/python3.9/site-packages/selenium/webdriver/remote/webdriver.py\", line 321, in execute\n    self.error_handler.check_response(response)\n  File \"/opt/hostedtoolcache/Python/3.9.15/x64/lib/python3.9/site-packages/selenium/webdriver/remote/errorhandler.py\", line 242, in check_response\n    raise exception_class(message, screen, stacktrace)\n","flaky":false,"newFailed":false,"newBroken":true,"newPassed":false,"retriesCount":0,"retriesStatusChange":false,"beforeStages":[],"testStage":{"status":"broken","statusMessage":"selenium.common.exceptions.ElementNotInteractableException: Message: element not interactable\n  (Session info: headless chrome=106.0.5249.119)\n\n","statusTrace":"  File \"/opt/hostedtoolcache/Python/3.9.15/x64/lib/python3.9/site-packages/behave/model.py\", line 1812, in run\n    match.run(runner.context)\n  File \"/opt/hostedtoolcache/Python/3.9.15/x64/lib/python3.9/site-packages/behave/matchers.py\", line 97, in run\n    self.func(context, *args, **kwargs)\n  File \"features/steps/basic_steps.py\", line 54, in enter_in\n    context.current_page.type_in(field_name, text)\n  File \"/home/runner/work/popup-auto/popup-auto/features/pages/base_page.py\", line 39, in type_in\n    self.get_element(element_name).clear()\n  File \"/opt/hostedtoolcache/Python/3.9.15/x64/lib/python3.9/site-packages/selenium/webdriver/remote/webelement.py\", line 95, in clear\n    self._execute(Command.CLEAR_ELEMENT)\n  File \"/opt/hostedtoolcache/Python/3.9.15/x64/lib/python3.9/site-packages/selenium/webdriver/remote/webelement.py\", line 633, in _execute\n    return self._parent.execute(command, params)\n  File \"/opt/hostedtoolcache/Python/3.9.15/x64/lib/python3.9/site-packages/selenium/webdriver/remote/webdriver.py\", line 321, in execute\n    self.error_handler.check_response(response)\n  File \"/opt/hostedtoolcache/Python/3.9.15/x64/lib/python3.9/site-packages/selenium/webdriver/remote/errorhandler.py\", line 242, in check_response\n    raise exception_class(message, screen, stacktrace)\n","steps":[{"name":"Given open emk24.com.ua page","time":{"start":1666674961428,"stop":1666674964407,"duration":2979},"status":"passed","steps":[],"attachments":[],"parameters":[],"stepsCount":0,"attachmentsCount":0,"shouldDisplayMessage":false,"hasContent":false},{"name":"When open url: \"emk24.com.ua/wiki/ansi_standarty/\"","time":{"start":1666674964407,"stop":1666674965688,"duration":1281},"status":"passed","steps":[],"attachments":[],"parameters":[],"stepsCount":0,"attachmentsCount":0,"shouldDisplayMessage":false,"hasContent":false},{"name":"When click on first standard button","time":{"start":1666674965688,"stop":1666674968623,"duration":2935},"status":"passed","steps":[],"attachments":[],"parameters":[],"stepsCount":0,"attachmentsCount":0,"shouldDisplayMessage":false,"hasContent":false},{"name":"When click on download pdf button","time":{"start":1666674968623,"stop":1666674969521,"duration":898},"status":"passed","steps":[],"attachments":[],"parameters":[],"stepsCount":0,"attachmentsCount":0,"shouldDisplayMessage":false,"hasContent":false},{"name":"When enter \"043456789\" in inn field","time":{"start":1666674969521,"stop":1666674970169,"duration":648},"status":"passed","steps":[],"attachments":[],"parameters":[],"stepsCount":0,"attachmentsCount":0,"shouldDisplayMessage":false,"hasContent":false},{"name":"When enter \"+70000000000\" in phone field","time":{"start":1666674970170,"stop":1666674982094,"duration":11924},"status":"broken","statusMessage":"selenium.common.exceptions.ElementNotInteractableException: Message: element not interactable\n  (Session info: headless chrome=106.0.5249.119)\n\n","statusTrace":"  File \"/opt/hostedtoolcache/Python/3.9.15/x64/lib/python3.9/site-packages/behave/model.py\", line 1812, in run\n    match.run(runner.context)\n  File \"/opt/hostedtoolcache/Python/3.9.15/x64/lib/python3.9/site-packages/behave/matchers.py\", line 97, in run\n    self.func(context, *args, **kwargs)\n  File \"features/steps/basic_steps.py\", line 54, in enter_in\n    context.current_page.type_in(field_name, text)\n  File \"/home/runner/work/popup-auto/popup-auto/features/pages/base_page.py\", line 39, in type_in\n    self.get_element(element_name).clear()\n  File \"/opt/hostedtoolcache/Python/3.9.15/x64/lib/python3.9/site-packages/selenium/webdriver/remote/webelement.py\", line 95, in clear\n    self._execute(Command.CLEAR_ELEMENT)\n  File \"/opt/hostedtoolcache/Python/3.9.15/x64/lib/python3.9/site-packages/selenium/webdriver/remote/webelement.py\", line 633, in _execute\n    return self._parent.execute(command, params)\n  File \"/opt/hostedtoolcache/Python/3.9.15/x64/lib/python3.9/site-packages/selenium/webdriver/remote/webdriver.py\", line 321, in execute\n    self.error_handler.check_response(response)\n  File \"/opt/hostedtoolcache/Python/3.9.15/x64/lib/python3.9/site-packages/selenium/webdriver/remote/errorhandler.py\", line 242, in check_response\n    raise exception_class(message, screen, stacktrace)\n","steps":[],"attachments":[{"uid":"45657b8b3a88556b","name":"screenshot","source":"45657b8b3a88556b.png","type":"image/png","size":240264}],"parameters":[],"stepsCount":0,"attachmentsCount":1,"shouldDisplayMessage":true,"hasContent":true},{"name":"When enter \"automation.emk@gmail.com\" in email field","time":{"start":1666674982187,"stop":1666674983572,"duration":1385},"status":"passed","steps":[],"attachments":[],"parameters":[],"stepsCount":0,"attachmentsCount":0,"shouldDisplayMessage":false,"hasContent":false},{"name":"When click on Send button","time":{"start":1666674983573,"stop":1666674984796,"duration":1223},"status":"passed","steps":[],"attachments":[],"parameters":[],"stepsCount":0,"attachmentsCount":0,"shouldDisplayMessage":false,"hasContent":false},{"name":"Then text \"Проверьте, пожалуйста\" is displayed","time":{"start":1666674984796,"stop":1666674986849,"duration":2053},"status":"passed","steps":[],"attachments":[],"parameters":[],"stepsCount":0,"attachmentsCount":0,"shouldDisplayMessage":false,"hasContent":false},{"name":"Then email with \"043456789\" contains \"emk24.com.ua;Запрос на скачивание стандарта;[PHONE]: +70000000000;[EMAIL]: automation.emk@gmail.com\" in 900 sec","time":{"start":1666674986849,"stop":1666674987786,"duration":937},"status":"passed","steps":[],"attachments":[],"parameters":[],"stepsCount":0,"attachmentsCount":0,"shouldDisplayMessage":false,"hasContent":false},{"name":"Given open emk24.com.ua page","time":{"start":1666674987786,"stop":1666674988436,"duration":650},"status":"passed","steps":[],"attachments":[],"parameters":[],"stepsCount":0,"attachmentsCount":0,"shouldDisplayMessage":false,"hasContent":false},{"name":"When open url: \"emk24.com.ua/wiki/ansi_standarty/\"","time":{"start":1666674988437,"stop":1666675000063,"duration":11626},"status":"broken","statusMessage":"selenium.common.exceptions.ElementNotInteractableException: Message: element not interactable\n  (Session info: headless chrome=106.0.5249.119)\n\n","statusTrace":"  File \"/opt/hostedtoolcache/Python/3.9.15/x64/lib/python3.9/site-packages/behave/model.py\", line 1812, in run\n    match.run(runner.context)\n  File \"/opt/hostedtoolcache/Python/3.9.15/x64/lib/python3.9/site-packages/behave/matchers.py\", line 97, in run\n    self.func(context, *args, **kwargs)\n  File \"features/steps/basic_steps.py\", line 54, in enter_in\n    context.current_page.type_in(field_name, text)\n  File \"/home/runner/work/popup-auto/popup-auto/features/pages/base_page.py\", line 39, in type_in\n    self.get_element(element_name).clear()\n  File \"/opt/hostedtoolcache/Python/3.9.15/x64/lib/python3.9/site-packages/selenium/webdriver/remote/webelement.py\", line 95, in clear\n    self._execute(Command.CLEAR_ELEMENT)\n  File \"/opt/hostedtoolcache/Python/3.9.15/x64/lib/python3.9/site-packages/selenium/webdriver/remote/webelement.py\", line 633, in _execute\n    return self._parent.execute(command, params)\n  File \"/opt/hostedtoolcache/Python/3.9.15/x64/lib/python3.9/site-packages/selenium/webdriver/remote/webdriver.py\", line 321, in execute\n    self.error_handler.check_response(response)\n  File \"/opt/hostedtoolcache/Python/3.9.15/x64/lib/python3.9/site-packages/selenium/webdriver/remote/errorhandler.py\", line 242, in check_response\n    raise exception_class(message, screen, stacktrace)\n","steps":[],"attachments":[{"uid":"af1d02323f4b3fc4","name":"screenshot","source":"af1d02323f4b3fc4.png","type":"image/png","size":240264}],"parameters":[],"stepsCount":0,"attachmentsCount":1,"shouldDisplayMessage":true,"hasContent":true},{"name":"When click on first standard button","time":{"start":1666675000064,"stop":1666675000064,"duration":0},"status":"passed","steps":[],"attachments":[],"parameters":[],"stepsCount":0,"attachmentsCount":0,"shouldDisplayMessage":false,"hasContent":false},{"name":"When click on download pdf button","time":{"start":1666675000064,"stop":1666675000064,"duration":0},"status":"passed","steps":[],"attachments":[],"parameters":[],"stepsCount":0,"attachmentsCount":0,"shouldDisplayMessage":false,"hasContent":false},{"name":"When enter \"043456789\" in inn field","time":{"start":1666675000064,"stop":1666675000064,"duration":0},"status":"passed","steps":[],"attachments":[],"parameters":[],"stepsCount":0,"attachmentsCount":0,"shouldDisplayMessage":false,"hasContent":false},{"name":"When enter \"+70000000000\" in phone field","time":{"start":1666675000064,"stop":1666675000065,"duration":1},"status":"broken","statusMessage":"selenium.common.exceptions.ElementNotInteractableException: Message: element not interactable\n  (Session info: headless chrome=106.0.5249.119)\n\n","statusTrace":"  File \"/opt/hostedtoolcache/Python/3.9.15/x64/lib/python3.9/site-packages/behave/model.py\", line 1812, in run\n    match.run(runner.context)\n  File \"/opt/hostedtoolcache/Python/3.9.15/x64/lib/python3.9/site-packages/behave/matchers.py\", line 97, in run\n    self.func(context, *args, **kwargs)\n  File \"features/steps/basic_steps.py\", line 54, in enter_in\n    context.current_page.type_in(field_name, text)\n  File \"/home/runner/work/popup-auto/popup-auto/features/pages/base_page.py\", line 39, in type_in\n    self.get_element(element_name).clear()\n  File \"/opt/hostedtoolcache/Python/3.9.15/x64/lib/python3.9/site-packages/selenium/webdriver/remote/webelement.py\", line 95, in clear\n    self._execute(Command.CLEAR_ELEMENT)\n  File \"/opt/hostedtoolcache/Python/3.9.15/x64/lib/python3.9/site-packages/selenium/webdriver/remote/webelement.py\", line 633, in _execute\n    return self._parent.execute(command, params)\n  File \"/opt/hostedtoolcache/Python/3.9.15/x64/lib/python3.9/site-packages/selenium/webdriver/remote/webdriver.py\", line 321, in execute\n    self.error_handler.check_response(response)\n  File \"/opt/hostedtoolcache/Python/3.9.15/x64/lib/python3.9/site-packages/selenium/webdriver/remote/errorhandler.py\", line 242, in check_response\n    raise exception_class(message, screen, stacktrace)\n","steps":[],"attachments":[],"parameters":[],"stepsCount":0,"attachmentsCount":0,"shouldDisplayMessage":true,"hasContent":true},{"name":"When enter \"automation.emk@gmail.com\" in email field","time":{"start":1666675000065,"stop":1666675000065,"duration":0},"status":"skipped","steps":[],"attachments":[],"parameters":[],"stepsCount":0,"attachmentsCount":0,"shouldDisplayMessage":false,"hasContent":false},{"name":"When click on Send button","time":{"start":1666675000065,"stop":1666675000065,"duration":0},"status":"skipped","steps":[],"attachments":[],"parameters":[],"stepsCount":0,"attachmentsCount":0,"shouldDisplayMessage":false,"hasContent":false},{"name":"Then text \"Проверьте, пожалуйста\" is displayed","time":{"start":1666675000065,"stop":1666675000065,"duration":0},"status":"skipped","steps":[],"attachments":[],"parameters":[],"stepsCount":0,"attachmentsCount":0,"shouldDisplayMessage":false,"hasContent":false},{"name":"Then email with \"043456789\" contains \"emk24.com.ua;Запрос на скачивание стандарта;[PHONE]: +70000000000;[EMAIL]: automation.emk@gmail.com\" in 900 sec","time":{"start":1666675000065,"stop":1666675000065,"duration":0},"status":"skipped","steps":[],"attachments":[],"parameters":[],"stepsCount":0,"attachmentsCount":0,"shouldDisplayMessage":false,"hasContent":false}],"attachments":[],"parameters":[],"stepsCount":20,"attachmentsCount":2,"shouldDisplayMessage":false,"hasContent":true},"afterStages":[],"labels":[{"name":"severity","value":"normal"},{"name":"tag","value":"regression"},{"name":"feature","value":"Проверка кнопки скачать снандарт emk24"},{"name":"framework","value":"behave"},{"name":"language","value":"cpython3"},{"name":"resultFormat","value":"allure2"}],"parameters":[{"name":"inn","value":"043456789"},{"name":"url","value":"emk24.com.ua"}],"links":[],"hidden":false,"retry":false,"extra":{"severity":"normal","retries":[],"categories":[{"name":"Test defects","matchedStatuses":[],"flaky":false}],"history":{"statistic":{"failed":0,"broken":1,"skipped":0,"passed":34,"unknown":0,"total":35},"items":[{"uid":"e4b0e628c2324bf","reportUrl":"https://one-focus.github.io/popup-auto/271//#testresult/e4b0e628c2324bf","status":"passed","time":{"start":1666589188435,"stop":1666589295645,"duration":107210}},{"uid":"ad7ade6454c67a71","reportUrl":"https://one-focus.github.io/popup-auto/270//#testresult/ad7ade6454c67a71","status":"passed","time":{"start":1666502032993,"stop":1666502141271,"duration":108278}},{"uid":"6622e95cf02c0546","reportUrl":"https://one-focus.github.io/popup-auto/269//#testresult/6622e95cf02c0546","status":"passed","time":{"start":1666413985189,"stop":1666414095067,"duration":109878}},{"uid":"b49f116b2f346d5e","reportUrl":"https://one-focus.github.io/popup-auto/268//#testresult/b49f116b2f346d5e","status":"passed","time":{"start":1666327633408,"stop":1666327741404,"duration":107996}},{"uid":"d644665eaa595004","reportUrl":"https://one-focus.github.io/popup-auto/267//#testresult/d644665eaa595004","status":"passed","time":{"start":1666242052016,"stop":1666242157895,"duration":105879}},{"uid":"32e00e278aede683","reportUrl":"https://one-focus.github.io/popup-auto/266//#testresult/32e00e278aede683","status":"passed","time":{"start":1666157302052,"stop":1666157410921,"duration":108869}},{"uid":"a1148b016afee703","reportUrl":"https://one-focus.github.io/popup-auto/265//#testresult/a1148b016afee703","status":"passed","time":{"start":1666070628087,"stop":1666070739763,"duration":111676}},{"uid":"a3edba53dc3fda2c","reportUrl":"https://one-focus.github.io/popup-auto/264//#testresult/a3edba53dc3fda2c","status":"passed","time":{"start":1666028193431,"stop":1666028302954,"duration":109523}},{"uid":"bf0b2cac4e59eda6","reportUrl":"https://one-focus.github.io/popup-auto/263//#testresult/bf0b2cac4e59eda6","status":"passed","time":{"start":1665984868216,"stop":1665984976352,"duration":108136}},{"uid":"2f34a5d29fcf1d0b","reportUrl":"https://one-focus.github.io/popup-auto/262//#testresult/2f34a5d29fcf1d0b","status":"passed","time":{"start":1665896782723,"stop":1665896890583,"duration":107860}},{"uid":"4cb0d5a482dc054c","reportUrl":"https://one-focus.github.io/popup-auto/261//#testresult/4cb0d5a482dc054c","status":"passed","time":{"start":1665811218915,"stop":1665811326027,"duration":107112}},{"uid":"4da4e1f5b5a919cc","reportUrl":"https://one-focus.github.io/popup-auto/260//#testresult/4da4e1f5b5a919cc","status":"passed","time":{"start":1665725273220,"stop":1665725379801,"duration":106581}},{"uid":"62ae1d77cf2efd4e","reportUrl":"https://one-focus.github.io/popup-auto/259//#testresult/62ae1d77cf2efd4e","status":"passed","time":{"start":1665637753144,"stop":1665637859728,"duration":106584}},{"uid":"667214ca1823b373","reportUrl":"https://one-focus.github.io/popup-auto/258//#testresult/667214ca1823b373","status":"passed","time":{"start":1665550613472,"stop":1665550719228,"duration":105756}},{"uid":"f7f06c77681f1f60","reportUrl":"https://one-focus.github.io/popup-auto/257//#testresult/f7f06c77681f1f60","status":"passed","time":{"start":1665465511282,"stop":1665465620321,"duration":109039}},{"uid":"36077e493cfeabba","reportUrl":"https://one-focus.github.io/popup-auto/256//#testresult/36077e493cfeabba","status":"passed","time":{"start":1665378588340,"stop":1665378695466,"duration":107126}},{"uid":"e8cb7339a439b879","reportUrl":"https://one-focus.github.io/popup-auto/255//#testresult/e8cb7339a439b879","status":"passed","time":{"start":1665291154717,"stop":1665291262161,"duration":107444}},{"uid":"5cdf3f4d8b6952d1","reportUrl":"https://one-focus.github.io/popup-auto/254//#testresult/5cdf3f4d8b6952d1","status":"passed","time":{"start":1665203693161,"stop":1665203799496,"duration":106335}},{"uid":"5f8014e3070a7c63","reportUrl":"https://one-focus.github.io/popup-auto/253//#testresult/5f8014e3070a7c63","status":"passed","time":{"start":1665117133116,"stop":1665117331364,"duration":198248}},{"uid":"ebae079fc1a4b3d5","reportUrl":"https://one-focus.github.io/popup-auto/252//#testresult/ebae079fc1a4b3d5","status":"passed","time":{"start":1665065503713,"stop":1665065611311,"duration":107598}}]},"tags":["regression"]},"source":"2c3b1d14985ab275.json","parameterValues":["043456789","emk24.com.ua"]}