{"uid":"53441ba328b5ff48","name":"Скачать стандарт emk24 -- @1.2 ","fullName":"Проверка кнопки скачать снандарт emk24: Скачать стандарт emk24","historyId":"b9b008694cb8c3c9c20cb5d5af5f199b","time":{"start":1666674878345,"stop":1666674916183,"duration":37838},"status":"broken","statusMessage":"selenium.common.exceptions.ElementNotInteractableException: Message: element not interactable\n  (Session info: headless chrome=106.0.5249.119)\n\n","statusTrace":"  File \"/opt/hostedtoolcache/Python/3.9.15/x64/lib/python3.9/site-packages/behave/model.py\", line 1812, in run\n    match.run(runner.context)\n  File \"/opt/hostedtoolcache/Python/3.9.15/x64/lib/python3.9/site-packages/behave/matchers.py\", line 97, in run\n    self.func(context, *args, **kwargs)\n  File \"features/steps/basic_steps.py\", line 54, in enter_in\n    context.current_page.type_in(field_name, text)\n  File \"/home/runner/work/popup-auto/popup-auto/features/pages/base_page.py\", line 39, in type_in\n    self.get_element(element_name).clear()\n  File \"/opt/hostedtoolcache/Python/3.9.15/x64/lib/python3.9/site-packages/selenium/webdriver/remote/webelement.py\", line 95, in clear\n    self._execute(Command.CLEAR_ELEMENT)\n  File \"/opt/hostedtoolcache/Python/3.9.15/x64/lib/python3.9/site-packages/selenium/webdriver/remote/webelement.py\", line 633, in _execute\n    return self._parent.execute(command, params)\n  File \"/opt/hostedtoolcache/Python/3.9.15/x64/lib/python3.9/site-packages/selenium/webdriver/remote/webdriver.py\", line 321, in execute\n    self.error_handler.check_response(response)\n  File \"/opt/hostedtoolcache/Python/3.9.15/x64/lib/python3.9/site-packages/selenium/webdriver/remote/errorhandler.py\", line 242, in check_response\n    raise exception_class(message, screen, stacktrace)\n","flaky":false,"newFailed":false,"newBroken":true,"newPassed":false,"retriesCount":0,"retriesStatusChange":false,"beforeStages":[],"testStage":{"status":"broken","statusMessage":"selenium.common.exceptions.ElementNotInteractableException: Message: element not interactable\n  (Session info: headless chrome=106.0.5249.119)\n\n","statusTrace":"  File \"/opt/hostedtoolcache/Python/3.9.15/x64/lib/python3.9/site-packages/behave/model.py\", line 1812, in run\n    match.run(runner.context)\n  File \"/opt/hostedtoolcache/Python/3.9.15/x64/lib/python3.9/site-packages/behave/matchers.py\", line 97, in run\n    self.func(context, *args, **kwargs)\n  File \"features/steps/basic_steps.py\", line 54, in enter_in\n    context.current_page.type_in(field_name, text)\n  File \"/home/runner/work/popup-auto/popup-auto/features/pages/base_page.py\", line 39, in type_in\n    self.get_element(element_name).clear()\n  File \"/opt/hostedtoolcache/Python/3.9.15/x64/lib/python3.9/site-packages/selenium/webdriver/remote/webelement.py\", line 95, in clear\n    self._execute(Command.CLEAR_ELEMENT)\n  File \"/opt/hostedtoolcache/Python/3.9.15/x64/lib/python3.9/site-packages/selenium/webdriver/remote/webelement.py\", line 633, in _execute\n    return self._parent.execute(command, params)\n  File \"/opt/hostedtoolcache/Python/3.9.15/x64/lib/python3.9/site-packages/selenium/webdriver/remote/webdriver.py\", line 321, in execute\n    self.error_handler.check_response(response)\n  File \"/opt/hostedtoolcache/Python/3.9.15/x64/lib/python3.9/site-packages/selenium/webdriver/remote/errorhandler.py\", line 242, in check_response\n    raise exception_class(message, screen, stacktrace)\n","steps":[{"name":"Given open emk24.by page","time":{"start":1666674878412,"stop":1666674880537,"duration":2125},"status":"passed","steps":[],"attachments":[],"parameters":[],"stepsCount":0,"attachmentsCount":0,"shouldDisplayMessage":false,"hasContent":false},{"name":"When open url: \"emk24.by/wiki/ansi_standarty/\"","time":{"start":1666674880537,"stop":1666674881841,"duration":1304},"status":"passed","steps":[],"attachments":[],"parameters":[],"stepsCount":0,"attachmentsCount":0,"shouldDisplayMessage":false,"hasContent":false},{"name":"When click on first standard button","time":{"start":1666674881842,"stop":1666674884239,"duration":2397},"status":"passed","steps":[],"attachments":[],"parameters":[],"stepsCount":0,"attachmentsCount":0,"shouldDisplayMessage":false,"hasContent":false},{"name":"When click on download pdf button","time":{"start":1666674884239,"stop":1666674885125,"duration":886},"status":"passed","steps":[],"attachments":[],"parameters":[],"stepsCount":0,"attachmentsCount":0,"shouldDisplayMessage":false,"hasContent":false},{"name":"When enter \"023456789\" in inn field","time":{"start":1666674885126,"stop":1666674885787,"duration":661},"status":"passed","steps":[],"attachments":[],"parameters":[],"stepsCount":0,"attachmentsCount":0,"shouldDisplayMessage":false,"hasContent":false},{"name":"When enter \"+70000000000\" in phone field","time":{"start":1666674885787,"stop":1666674897753,"duration":11966},"status":"broken","statusMessage":"selenium.common.exceptions.ElementNotInteractableException: Message: element not interactable\n  (Session info: headless chrome=106.0.5249.119)\n\n","statusTrace":"  File \"/opt/hostedtoolcache/Python/3.9.15/x64/lib/python3.9/site-packages/behave/model.py\", line 1812, in run\n    match.run(runner.context)\n  File \"/opt/hostedtoolcache/Python/3.9.15/x64/lib/python3.9/site-packages/behave/matchers.py\", line 97, in run\n    self.func(context, *args, **kwargs)\n  File \"features/steps/basic_steps.py\", line 54, in enter_in\n    context.current_page.type_in(field_name, text)\n  File \"/home/runner/work/popup-auto/popup-auto/features/pages/base_page.py\", line 39, in type_in\n    self.get_element(element_name).clear()\n  File \"/opt/hostedtoolcache/Python/3.9.15/x64/lib/python3.9/site-packages/selenium/webdriver/remote/webelement.py\", line 95, in clear\n    self._execute(Command.CLEAR_ELEMENT)\n  File \"/opt/hostedtoolcache/Python/3.9.15/x64/lib/python3.9/site-packages/selenium/webdriver/remote/webelement.py\", line 633, in _execute\n    return self._parent.execute(command, params)\n  File \"/opt/hostedtoolcache/Python/3.9.15/x64/lib/python3.9/site-packages/selenium/webdriver/remote/webdriver.py\", line 321, in execute\n    self.error_handler.check_response(response)\n  File \"/opt/hostedtoolcache/Python/3.9.15/x64/lib/python3.9/site-packages/selenium/webdriver/remote/errorhandler.py\", line 242, in check_response\n    raise exception_class(message, screen, stacktrace)\n","steps":[],"attachments":[{"uid":"62071ed6308c33b4","name":"screenshot","source":"62071ed6308c33b4.png","type":"image/png","size":309157}],"parameters":[],"stepsCount":0,"attachmentsCount":1,"shouldDisplayMessage":true,"hasContent":true},{"name":"When enter \"automation.emk@gmail.com\" in email field","time":{"start":1666674897842,"stop":1666674899235,"duration":1393},"status":"passed","steps":[],"attachments":[],"parameters":[],"stepsCount":0,"attachmentsCount":0,"shouldDisplayMessage":false,"hasContent":false},{"name":"When click on Send button","time":{"start":1666674899235,"stop":1666674900620,"duration":1385},"status":"passed","steps":[],"attachments":[],"parameters":[],"stepsCount":0,"attachmentsCount":0,"shouldDisplayMessage":false,"hasContent":false},{"name":"Then text \"Проверьте, пожалуйста\" is displayed","time":{"start":1666674900620,"stop":1666674902835,"duration":2215},"status":"passed","steps":[],"attachments":[],"parameters":[],"stepsCount":0,"attachmentsCount":0,"shouldDisplayMessage":false,"hasContent":false},{"name":"Then email with \"023456789\" contains \"emk24.by;Запрос на скачивание стандарта;[PHONE]: +70000000000;[EMAIL]: automation.emk@gmail.com\" in 900 sec","time":{"start":1666674902836,"stop":1666674903718,"duration":882},"status":"passed","steps":[],"attachments":[],"parameters":[],"stepsCount":0,"attachmentsCount":0,"shouldDisplayMessage":false,"hasContent":false},{"name":"Given open emk24.by page","time":{"start":1666674903718,"stop":1666674904364,"duration":646},"status":"passed","steps":[],"attachments":[],"parameters":[],"stepsCount":0,"attachmentsCount":0,"shouldDisplayMessage":false,"hasContent":false},{"name":"When open url: \"emk24.by/wiki/ansi_standarty/\"","time":{"start":1666674904365,"stop":1666674916182,"duration":11817},"status":"broken","statusMessage":"selenium.common.exceptions.ElementNotInteractableException: Message: element not interactable\n  (Session info: headless chrome=106.0.5249.119)\n\n","statusTrace":"  File \"/opt/hostedtoolcache/Python/3.9.15/x64/lib/python3.9/site-packages/behave/model.py\", line 1812, in run\n    match.run(runner.context)\n  File \"/opt/hostedtoolcache/Python/3.9.15/x64/lib/python3.9/site-packages/behave/matchers.py\", line 97, in run\n    self.func(context, *args, **kwargs)\n  File \"features/steps/basic_steps.py\", line 54, in enter_in\n    context.current_page.type_in(field_name, text)\n  File \"/home/runner/work/popup-auto/popup-auto/features/pages/base_page.py\", line 39, in type_in\n    self.get_element(element_name).clear()\n  File \"/opt/hostedtoolcache/Python/3.9.15/x64/lib/python3.9/site-packages/selenium/webdriver/remote/webelement.py\", line 95, in clear\n    self._execute(Command.CLEAR_ELEMENT)\n  File \"/opt/hostedtoolcache/Python/3.9.15/x64/lib/python3.9/site-packages/selenium/webdriver/remote/webelement.py\", line 633, in _execute\n    return self._parent.execute(command, params)\n  File \"/opt/hostedtoolcache/Python/3.9.15/x64/lib/python3.9/site-packages/selenium/webdriver/remote/webdriver.py\", line 321, in execute\n    self.error_handler.check_response(response)\n  File \"/opt/hostedtoolcache/Python/3.9.15/x64/lib/python3.9/site-packages/selenium/webdriver/remote/errorhandler.py\", line 242, in check_response\n    raise exception_class(message, screen, stacktrace)\n","steps":[],"attachments":[{"uid":"a859b56d92c1b2da","name":"screenshot","source":"a859b56d92c1b2da.png","type":"image/png","size":288017}],"parameters":[],"stepsCount":0,"attachmentsCount":1,"shouldDisplayMessage":true,"hasContent":true},{"name":"When click on first standard button","time":{"start":1666674916183,"stop":1666674916183,"duration":0},"status":"passed","steps":[],"attachments":[],"parameters":[],"stepsCount":0,"attachmentsCount":0,"shouldDisplayMessage":false,"hasContent":false},{"name":"When click on download pdf button","time":{"start":1666674916183,"stop":1666674916183,"duration":0},"status":"passed","steps":[],"attachments":[],"parameters":[],"stepsCount":0,"attachmentsCount":0,"shouldDisplayMessage":false,"hasContent":false},{"name":"When enter \"023456789\" in inn field","time":{"start":1666674916183,"stop":1666674916183,"duration":0},"status":"passed","steps":[],"attachments":[],"parameters":[],"stepsCount":0,"attachmentsCount":0,"shouldDisplayMessage":false,"hasContent":false},{"name":"When enter \"+70000000000\" in phone field","time":{"start":1666674916183,"stop":1666674916183,"duration":0},"status":"broken","statusMessage":"selenium.common.exceptions.ElementNotInteractableException: Message: element not interactable\n  (Session info: headless chrome=106.0.5249.119)\n\n","statusTrace":"  File \"/opt/hostedtoolcache/Python/3.9.15/x64/lib/python3.9/site-packages/behave/model.py\", line 1812, in run\n    match.run(runner.context)\n  File \"/opt/hostedtoolcache/Python/3.9.15/x64/lib/python3.9/site-packages/behave/matchers.py\", line 97, in run\n    self.func(context, *args, **kwargs)\n  File \"features/steps/basic_steps.py\", line 54, in enter_in\n    context.current_page.type_in(field_name, text)\n  File \"/home/runner/work/popup-auto/popup-auto/features/pages/base_page.py\", line 39, in type_in\n    self.get_element(element_name).clear()\n  File \"/opt/hostedtoolcache/Python/3.9.15/x64/lib/python3.9/site-packages/selenium/webdriver/remote/webelement.py\", line 95, in clear\n    self._execute(Command.CLEAR_ELEMENT)\n  File \"/opt/hostedtoolcache/Python/3.9.15/x64/lib/python3.9/site-packages/selenium/webdriver/remote/webelement.py\", line 633, in _execute\n    return self._parent.execute(command, params)\n  File \"/opt/hostedtoolcache/Python/3.9.15/x64/lib/python3.9/site-packages/selenium/webdriver/remote/webdriver.py\", line 321, in execute\n    self.error_handler.check_response(response)\n  File \"/opt/hostedtoolcache/Python/3.9.15/x64/lib/python3.9/site-packages/selenium/webdriver/remote/errorhandler.py\", line 242, in check_response\n    raise exception_class(message, screen, stacktrace)\n","steps":[],"attachments":[],"parameters":[],"stepsCount":0,"attachmentsCount":0,"shouldDisplayMessage":true,"hasContent":true},{"name":"When enter \"automation.emk@gmail.com\" in email field","time":{"start":1666674916183,"stop":1666674916183,"duration":0},"status":"skipped","steps":[],"attachments":[],"parameters":[],"stepsCount":0,"attachmentsCount":0,"shouldDisplayMessage":false,"hasContent":false},{"name":"When click on Send button","time":{"start":1666674916183,"stop":1666674916183,"duration":0},"status":"skipped","steps":[],"attachments":[],"parameters":[],"stepsCount":0,"attachmentsCount":0,"shouldDisplayMessage":false,"hasContent":false},{"name":"Then text \"Проверьте, пожалуйста\" is displayed","time":{"start":1666674916183,"stop":1666674916183,"duration":0},"status":"skipped","steps":[],"attachments":[],"parameters":[],"stepsCount":0,"attachmentsCount":0,"shouldDisplayMessage":false,"hasContent":false},{"name":"Then email with \"023456789\" contains \"emk24.by;Запрос на скачивание стандарта;[PHONE]: +70000000000;[EMAIL]: automation.emk@gmail.com\" in 900 sec","time":{"start":1666674916183,"stop":1666674916183,"duration":0},"status":"skipped","steps":[],"attachments":[],"parameters":[],"stepsCount":0,"attachmentsCount":0,"shouldDisplayMessage":false,"hasContent":false}],"attachments":[],"parameters":[],"stepsCount":20,"attachmentsCount":2,"shouldDisplayMessage":false,"hasContent":true},"afterStages":[],"labels":[{"name":"severity","value":"normal"},{"name":"tag","value":"regression"},{"name":"feature","value":"Проверка кнопки скачать снандарт emk24"},{"name":"framework","value":"behave"},{"name":"language","value":"cpython3"},{"name":"resultFormat","value":"allure2"}],"parameters":[{"name":"inn","value":"023456789"},{"name":"url","value":"emk24.by"}],"links":[],"hidden":false,"retry":false,"extra":{"severity":"normal","retries":[],"categories":[{"name":"Test defects","matchedStatuses":[],"flaky":false}],"history":{"statistic":{"failed":0,"broken":1,"skipped":0,"passed":34,"unknown":0,"total":35},"items":[{"uid":"628e0fe549a39e96","reportUrl":"https://one-focus.github.io/popup-auto/271//#testresult/628e0fe549a39e96","status":"passed","time":{"start":1666588882739,"stop":1666589079574,"duration":196835}},{"uid":"4ebe4d584a6037d7","reportUrl":"https://one-focus.github.io/popup-auto/270//#testresult/4ebe4d584a6037d7","status":"passed","time":{"start":1666501725049,"stop":1666501832094,"duration":107045}},{"uid":"ead9bc95d0a8aae","reportUrl":"https://one-focus.github.io/popup-auto/269//#testresult/ead9bc95d0a8aae","status":"passed","time":{"start":1666413768497,"stop":1666413876018,"duration":107521}},{"uid":"87289736310e406a","reportUrl":"https://one-focus.github.io/popup-auto/268//#testresult/87289736310e406a","status":"passed","time":{"start":1666327414589,"stop":1666327523055,"duration":108466}},{"uid":"7a45dd180be01268","reportUrl":"https://one-focus.github.io/popup-auto/267//#testresult/7a45dd180be01268","status":"passed","time":{"start":1666241840027,"stop":1666241945130,"duration":105103}},{"uid":"381f7474a6211663","reportUrl":"https://one-focus.github.io/popup-auto/266//#testresult/381f7474a6211663","status":"passed","time":{"start":1666157083170,"stop":1666157192061,"duration":108891}},{"uid":"b0244f22cd9f6476","reportUrl":"https://one-focus.github.io/popup-auto/265//#testresult/b0244f22cd9f6476","status":"passed","time":{"start":1666070408625,"stop":1666070517668,"duration":109043}},{"uid":"bcc4d3ddd2301c33","reportUrl":"https://one-focus.github.io/popup-auto/264//#testresult/bcc4d3ddd2301c33","status":"passed","time":{"start":1666027977551,"stop":1666028085608,"duration":108057}},{"uid":"7ce070ad4ff5b375","reportUrl":"https://one-focus.github.io/popup-auto/263//#testresult/7ce070ad4ff5b375","status":"passed","time":{"start":1665984651199,"stop":1665984759077,"duration":107878}},{"uid":"df856c35aaeead5d","reportUrl":"https://one-focus.github.io/popup-auto/262//#testresult/df856c35aaeead5d","status":"passed","time":{"start":1665896563494,"stop":1665896672412,"duration":108918}},{"uid":"f56aa200938a12d5","reportUrl":"https://one-focus.github.io/popup-auto/261//#testresult/f56aa200938a12d5","status":"passed","time":{"start":1665811002386,"stop":1665811108418,"duration":106032}},{"uid":"b50aa29eecefece","reportUrl":"https://one-focus.github.io/popup-auto/260//#testresult/b50aa29eecefece","status":"passed","time":{"start":1665725150330,"stop":1665725166250,"duration":15920}},{"uid":"45d2dede29f051b9","reportUrl":"https://one-focus.github.io/popup-auto/259//#testresult/45d2dede29f051b9","status":"passed","time":{"start":1665637539197,"stop":1665637644922,"duration":105725}},{"uid":"fd091adc713e24e9","reportUrl":"https://one-focus.github.io/popup-auto/258//#testresult/fd091adc713e24e9","status":"passed","time":{"start":1665550310230,"stop":1665550505456,"duration":195226}},{"uid":"d8d0dcc0c2625119","reportUrl":"https://one-focus.github.io/popup-auto/257//#testresult/d8d0dcc0c2625119","status":"passed","time":{"start":1665465292928,"stop":1665465400723,"duration":107795}},{"uid":"ef771e48dd3c6f0","reportUrl":"https://one-focus.github.io/popup-auto/256//#testresult/ef771e48dd3c6f0","status":"passed","time":{"start":1665378372561,"stop":1665378479472,"duration":106911}},{"uid":"6601f834c6ab443a","reportUrl":"https://one-focus.github.io/popup-auto/255//#testresult/6601f834c6ab443a","status":"passed","time":{"start":1665290937597,"stop":1665291045905,"duration":108308}},{"uid":"62fd0696db5d9ae","reportUrl":"https://one-focus.github.io/popup-auto/254//#testresult/62fd0696db5d9ae","status":"passed","time":{"start":1665203567985,"stop":1665203585465,"duration":17480}},{"uid":"3a00a87df77f700b","reportUrl":"https://one-focus.github.io/popup-auto/253//#testresult/3a00a87df77f700b","status":"passed","time":{"start":1665117006454,"stop":1665117113715,"duration":107261}},{"uid":"509ac982c160bf54","reportUrl":"https://one-focus.github.io/popup-auto/252//#testresult/509ac982c160bf54","status":"passed","time":{"start":1665065287899,"stop":1665065394756,"duration":106857}}]},"tags":["regression"]},"source":"53441ba328b5ff48.json","parameterValues":["023456789","emk24.by"]}