{
  "uid" : "b3e128cfe32aac6a",
  "name" : "emk24 -- @1.1 ",
  "fullName" : "Проверка кнопки Заказать в 1 клик emk24: emk24",
  "historyId" : "b75c0ad803b745ea1ebc1ad08bbc79fc",
  "time" : {
    "start" : 1653193655352,
    "stop" : 1653193689579,
    "duration" : 34227
  },
  "status" : "broken",
  "statusMessage" : "RuntimeError: ['\"Заказ в 1 клик!\" не найден в \"[DATE]: 22.05.2022 07:28:01  [NAME]: test_automation_user_name  [EMAIL]: automation.emk@gmail.com  [PHONE]: +70000000000  [COMPANY]: test_company_name  [BODY]: 22.05.2022 07:27:56_test_automation_email_order_1_click  [FILE]:   [LINK]: https://emk24.ru/order-in-1-click/  [TYPE]: Заказ в 1 клик (сквозная форма)  [FORM]: Заказ в 1 клик (сквозная форма)  [ROISTATID] 144430  [PSESSION_ID]: e5223749  [SESSION_ID]: 8436008  [USER_ID]:  \"']\n",
  "statusTrace" : "  File \"/opt/hostedtoolcache/Python/3.9.12/x64/lib/python3.9/site-packages/behave/model.py\", line 1806, in run\n    match.run(runner.context)\n  File \"/opt/hostedtoolcache/Python/3.9.12/x64/lib/python3.9/site-packages/behave/matchers.py\", line 97, in run\n    self.func(context, *args, **kwargs)\n  File \"features/steps/basic_steps.py\", line 118, in step_impl\n    raise RuntimeError(errors)\n",
  "flaky" : false,
  "newFailed" : false,
  "beforeStages" : [ ],
  "testStage" : {
    "status" : "broken",
    "statusMessage" : "RuntimeError: ['\"Заказ в 1 клик!\" не найден в \"[DATE]: 22.05.2022 07:28:01  [NAME]: test_automation_user_name  [EMAIL]: automation.emk@gmail.com  [PHONE]: +70000000000  [COMPANY]: test_company_name  [BODY]: 22.05.2022 07:27:56_test_automation_email_order_1_click  [FILE]:   [LINK]: https://emk24.ru/order-in-1-click/  [TYPE]: Заказ в 1 клик (сквозная форма)  [FORM]: Заказ в 1 клик (сквозная форма)  [ROISTATID] 144430  [PSESSION_ID]: e5223749  [SESSION_ID]: 8436008  [USER_ID]:  \"']\n",
    "statusTrace" : "  File \"/opt/hostedtoolcache/Python/3.9.12/x64/lib/python3.9/site-packages/behave/model.py\", line 1806, in run\n    match.run(runner.context)\n  File \"/opt/hostedtoolcache/Python/3.9.12/x64/lib/python3.9/site-packages/behave/matchers.py\", line 97, in run\n    self.func(context, *args, **kwargs)\n  File \"features/steps/basic_steps.py\", line 118, in step_impl\n    raise RuntimeError(errors)\n",
    "steps" : [ {
      "name" : "Given open emk24.ru page",
      "time" : {
        "start" : 1653193655396,
        "stop" : 1653193656655,
        "duration" : 1259
      },
      "status" : "passed",
      "steps" : [ ],
      "attachments" : [ ],
      "parameters" : [ ],
      "stepsCount" : 0,
      "attachmentsCount" : 0,
      "shouldDisplayMessage" : false,
      "hasContent" : false
    }, {
      "name" : "When click on order in 1 click button",
      "time" : {
        "start" : 1653193656655,
        "stop" : 1653193659107,
        "duration" : 2452
      },
      "status" : "passed",
      "steps" : [ ],
      "attachments" : [ ],
      "parameters" : [ ],
      "stepsCount" : 0,
      "attachmentsCount" : 0,
      "shouldDisplayMessage" : false,
      "hasContent" : false
    }, {
      "name" : "When enter \"generated_test_automation_email_order_1_click\" in message field",
      "time" : {
        "start" : 1653193659107,
        "stop" : 1653193659877,
        "duration" : 770
      },
      "status" : "passed",
      "steps" : [ ],
      "attachments" : [ ],
      "parameters" : [ ],
      "stepsCount" : 0,
      "attachmentsCount" : 0,
      "shouldDisplayMessage" : false,
      "hasContent" : false
    }, {
      "name" : "When click on Continue button",
      "time" : {
        "start" : 1653193659877,
        "stop" : 1653193672459,
        "duration" : 12582
      },
      "status" : "broken",
      "statusMessage" : "selenium.common.exceptions.TimeoutException: Message: Не могу найти Continue button в течение 5 сек\n\n",
      "statusTrace" : "  File \"/opt/hostedtoolcache/Python/3.9.12/x64/lib/python3.9/site-packages/behave/model.py\", line 1806, in run\n    match.run(runner.context)\n  File \"/opt/hostedtoolcache/Python/3.9.12/x64/lib/python3.9/site-packages/behave/matchers.py\", line 97, in run\n    self.func(context, *args, **kwargs)\n  File \"features/steps/basic_steps.py\", line 31, in click_on\n    context.current_page.click_on(element_name)\n  File \"/home/runner/work/popup-auto/popup-auto/features/pages/emk24_page.py\", line 62, in click_on\n    super(Emk24Page, self).click_on(element_name)\n  File \"/home/runner/work/popup-auto/popup-auto/features/pages/base_page.py\", line 32, in click_on\n    self.hover_element(element_name)\n  File \"/home/runner/work/popup-auto/popup-auto/features/pages/base_page.py\", line 26, in hover_element\n    element = self.get_clickable_element(locator)\n  File \"/home/runner/work/popup-auto/popup-auto/features/pages/base_page.py\", line 65, in get_clickable_element\n    return WebDriverWait(self.driver, timeout).until(\n  File \"/opt/hostedtoolcache/Python/3.9.12/x64/lib/python3.9/site-packages/selenium/webdriver/support/wait.py\", line 80, in until\n    raise TimeoutException(message, screen, stacktrace)\n",
      "steps" : [ ],
      "attachments" : [ {
        "uid" : "d74e1567786b6382",
        "name" : "screenshot",
        "source" : "d74e1567786b6382.png",
        "type" : "image/png",
        "size" : 282687
      } ],
      "parameters" : [ ],
      "stepsCount" : 0,
      "attachmentsCount" : 1,
      "shouldDisplayMessage" : true,
      "hasContent" : true
    }, {
      "name" : "When enter \"test_automation_user_name\" in name field",
      "time" : {
        "start" : 1653193672506,
        "stop" : 1653193673638,
        "duration" : 1132
      },
      "status" : "passed",
      "steps" : [ ],
      "attachments" : [ ],
      "parameters" : [ ],
      "stepsCount" : 0,
      "attachmentsCount" : 0,
      "shouldDisplayMessage" : false,
      "hasContent" : false
    }, {
      "name" : "When enter \"test_company_name\" in company field",
      "time" : {
        "start" : 1653193673639,
        "stop" : 1653193675783,
        "duration" : 2144
      },
      "status" : "passed",
      "steps" : [ ],
      "attachments" : [ ],
      "parameters" : [ ],
      "stepsCount" : 0,
      "attachmentsCount" : 0,
      "shouldDisplayMessage" : false,
      "hasContent" : false
    }, {
      "name" : "When enter \"+70000000000\" in phone field",
      "time" : {
        "start" : 1653193675783,
        "stop" : 1653193676555,
        "duration" : 772
      },
      "status" : "passed",
      "steps" : [ ],
      "attachments" : [ ],
      "parameters" : [ ],
      "stepsCount" : 0,
      "attachmentsCount" : 0,
      "shouldDisplayMessage" : false,
      "hasContent" : false
    }, {
      "name" : "When enter \"automation.emk@gmail.com\" in email field",
      "time" : {
        "start" : 1653193676555,
        "stop" : 1653193677452,
        "duration" : 897
      },
      "status" : "passed",
      "steps" : [ ],
      "attachments" : [ ],
      "parameters" : [ ],
      "stepsCount" : 0,
      "attachmentsCount" : 0,
      "shouldDisplayMessage" : false,
      "hasContent" : false
    }, {
      "name" : "When click on Send button",
      "time" : {
        "start" : 1653193677453,
        "stop" : 1653193678258,
        "duration" : 805
      },
      "status" : "passed",
      "steps" : [ ],
      "attachments" : [ ],
      "parameters" : [ ],
      "stepsCount" : 0,
      "attachmentsCount" : 0,
      "shouldDisplayMessage" : false,
      "hasContent" : false
    }, {
      "name" : "Then text \"Спасибо за заявку!\" is displayed",
      "time" : {
        "start" : 1653193678258,
        "stop" : 1653193678969,
        "duration" : 711
      },
      "status" : "passed",
      "steps" : [ ],
      "attachments" : [ ],
      "parameters" : [ ],
      "stepsCount" : 0,
      "attachmentsCount" : 0,
      "shouldDisplayMessage" : false,
      "hasContent" : false
    }, {
      "name" : "Then email with \"generated_test_automation_email_order_1_click\" contains \"emk24.ru;Заказ в 1 клик!;test_automation_user_name;test_company_name;+70000000000;automation.emk@gmail.com\" in 900 sec",
      "time" : {
        "start" : 1653193678970,
        "stop" : 1653193679621,
        "duration" : 651
      },
      "status" : "passed",
      "steps" : [ ],
      "attachments" : [ ],
      "parameters" : [ ],
      "stepsCount" : 0,
      "attachmentsCount" : 0,
      "shouldDisplayMessage" : false,
      "hasContent" : false
    }, {
      "name" : "Given open emk24.ru page",
      "time" : {
        "start" : 1653193679621,
        "stop" : 1653193680338,
        "duration" : 717
      },
      "status" : "passed",
      "steps" : [ ],
      "attachments" : [ ],
      "parameters" : [ ],
      "stepsCount" : 0,
      "attachmentsCount" : 0,
      "shouldDisplayMessage" : false,
      "hasContent" : false
    }, {
      "name" : "When click on order in 1 click button",
      "time" : {
        "start" : 1653193680338,
        "stop" : 1653193682656,
        "duration" : 2318
      },
      "status" : "passed",
      "steps" : [ ],
      "attachments" : [ ],
      "parameters" : [ ],
      "stepsCount" : 0,
      "attachmentsCount" : 0,
      "shouldDisplayMessage" : false,
      "hasContent" : false
    }, {
      "name" : "When enter \"generated_test_automation_email_order_1_click\" in message field",
      "time" : {
        "start" : 1653193682656,
        "stop" : 1653193682963,
        "duration" : 307
      },
      "status" : "passed",
      "steps" : [ ],
      "attachments" : [ ],
      "parameters" : [ ],
      "stepsCount" : 0,
      "attachmentsCount" : 0,
      "shouldDisplayMessage" : false,
      "hasContent" : false
    }, {
      "name" : "When click on Continue button",
      "time" : {
        "start" : 1653193682963,
        "stop" : 1653193689579,
        "duration" : 6616
      },
      "status" : "broken",
      "statusMessage" : "RuntimeError: ['\"Заказ в 1 клик!\" не найден в \"[DATE]: 22.05.2022 07:28:01  [NAME]: test_automation_user_name  [EMAIL]: automation.emk@gmail.com  [PHONE]: +70000000000  [COMPANY]: test_company_name  [BODY]: 22.05.2022 07:27:56_test_automation_email_order_1_click  [FILE]:   [LINK]: https://emk24.ru/order-in-1-click/  [TYPE]: Заказ в 1 клик (сквозная форма)  [FORM]: Заказ в 1 клик (сквозная форма)  [ROISTATID] 144430  [PSESSION_ID]: e5223749  [SESSION_ID]: 8436008  [USER_ID]:  \"']\n",
      "statusTrace" : "  File \"/opt/hostedtoolcache/Python/3.9.12/x64/lib/python3.9/site-packages/behave/model.py\", line 1806, in run\n    match.run(runner.context)\n  File \"/opt/hostedtoolcache/Python/3.9.12/x64/lib/python3.9/site-packages/behave/matchers.py\", line 97, in run\n    self.func(context, *args, **kwargs)\n  File \"features/steps/basic_steps.py\", line 118, in step_impl\n    raise RuntimeError(errors)\n",
      "steps" : [ ],
      "attachments" : [ {
        "uid" : "9e7d7f025f7be7f2",
        "name" : "screenshot",
        "source" : "9e7d7f025f7be7f2.png",
        "type" : "image/png",
        "size" : 284518
      } ],
      "parameters" : [ ],
      "stepsCount" : 0,
      "attachmentsCount" : 1,
      "shouldDisplayMessage" : true,
      "hasContent" : true
    }, {
      "name" : "When enter \"test_automation_user_name\" in name field",
      "time" : {
        "start" : 1653193689579,
        "stop" : 1653193689579,
        "duration" : 0
      },
      "status" : "passed",
      "steps" : [ ],
      "attachments" : [ ],
      "parameters" : [ ],
      "stepsCount" : 0,
      "attachmentsCount" : 0,
      "shouldDisplayMessage" : false,
      "hasContent" : false
    }, {
      "name" : "When enter \"test_company_name\" in company field",
      "time" : {
        "start" : 1653193689579,
        "stop" : 1653193689579,
        "duration" : 0
      },
      "status" : "passed",
      "steps" : [ ],
      "attachments" : [ ],
      "parameters" : [ ],
      "stepsCount" : 0,
      "attachmentsCount" : 0,
      "shouldDisplayMessage" : false,
      "hasContent" : false
    }, {
      "name" : "When enter \"+70000000000\" in phone field",
      "time" : {
        "start" : 1653193689579,
        "stop" : 1653193689579,
        "duration" : 0
      },
      "status" : "passed",
      "steps" : [ ],
      "attachments" : [ ],
      "parameters" : [ ],
      "stepsCount" : 0,
      "attachmentsCount" : 0,
      "shouldDisplayMessage" : false,
      "hasContent" : false
    }, {
      "name" : "When enter \"automation.emk@gmail.com\" in email field",
      "time" : {
        "start" : 1653193689579,
        "stop" : 1653193689579,
        "duration" : 0
      },
      "status" : "passed",
      "steps" : [ ],
      "attachments" : [ ],
      "parameters" : [ ],
      "stepsCount" : 0,
      "attachmentsCount" : 0,
      "shouldDisplayMessage" : false,
      "hasContent" : false
    }, {
      "name" : "When click on Send button",
      "time" : {
        "start" : 1653193689579,
        "stop" : 1653193689579,
        "duration" : 0
      },
      "status" : "passed",
      "steps" : [ ],
      "attachments" : [ ],
      "parameters" : [ ],
      "stepsCount" : 0,
      "attachmentsCount" : 0,
      "shouldDisplayMessage" : false,
      "hasContent" : false
    }, {
      "name" : "Then text \"Спасибо за заявку!\" is displayed",
      "time" : {
        "start" : 1653193689579,
        "stop" : 1653193689579,
        "duration" : 0
      },
      "status" : "passed",
      "steps" : [ ],
      "attachments" : [ ],
      "parameters" : [ ],
      "stepsCount" : 0,
      "attachmentsCount" : 0,
      "shouldDisplayMessage" : false,
      "hasContent" : false
    }, {
      "name" : "Then email with \"generated_test_automation_email_order_1_click\" contains \"emk24.ru;Заказ в 1 клик!;test_automation_user_name;test_company_name;+70000000000;automation.emk@gmail.com\" in 900 sec",
      "time" : {
        "start" : 1653193689579,
        "stop" : 1653193689579,
        "duration" : 0
      },
      "status" : "broken",
      "statusMessage" : "RuntimeError: ['\"Заказ в 1 клик!\" не найден в \"[DATE]: 22.05.2022 07:28:01  [NAME]: test_automation_user_name  [EMAIL]: automation.emk@gmail.com  [PHONE]: +70000000000  [COMPANY]: test_company_name  [BODY]: 22.05.2022 07:27:56_test_automation_email_order_1_click  [FILE]:   [LINK]: https://emk24.ru/order-in-1-click/  [TYPE]: Заказ в 1 клик (сквозная форма)  [FORM]: Заказ в 1 клик (сквозная форма)  [ROISTATID] 144430  [PSESSION_ID]: e5223749  [SESSION_ID]: 8436008  [USER_ID]:  \"']\n",
      "statusTrace" : "  File \"/opt/hostedtoolcache/Python/3.9.12/x64/lib/python3.9/site-packages/behave/model.py\", line 1806, in run\n    match.run(runner.context)\n  File \"/opt/hostedtoolcache/Python/3.9.12/x64/lib/python3.9/site-packages/behave/matchers.py\", line 97, in run\n    self.func(context, *args, **kwargs)\n  File \"features/steps/basic_steps.py\", line 118, in step_impl\n    raise RuntimeError(errors)\n",
      "steps" : [ ],
      "attachments" : [ ],
      "parameters" : [ ],
      "stepsCount" : 0,
      "attachmentsCount" : 0,
      "shouldDisplayMessage" : true,
      "hasContent" : true
    } ],
    "attachments" : [ ],
    "parameters" : [ ],
    "stepsCount" : 22,
    "attachmentsCount" : 2,
    "shouldDisplayMessage" : false,
    "hasContent" : true
  },
  "afterStages" : [ ],
  "labels" : [ {
    "name" : "severity",
    "value" : "normal"
  }, {
    "name" : "tag",
    "value" : "regression"
  }, {
    "name" : "feature",
    "value" : "Проверка кнопки Заказать в 1 клик emk24"
  }, {
    "name" : "framework",
    "value" : "behave"
  }, {
    "name" : "language",
    "value" : "cpython3"
  }, {
    "name" : "resultFormat",
    "value" : "allure2"
  } ],
  "parameters" : [ {
    "name" : "url",
    "value" : "emk24.ru"
  } ],
  "links" : [ ],
  "hidden" : false,
  "retry" : false,
  "extra" : {
    "severity" : "normal",
    "retries" : [ ],
    "categories" : [ {
      "name" : "Test defects",
      "matchedStatuses" : [ ],
      "flaky" : false
    } ],
    "history" : {
      "statistic" : {
        "failed" : 0,
        "broken" : 8,
        "skipped" : 0,
        "passed" : 71,
        "unknown" : 0,
        "total" : 79
      },
      "items" : [ {
        "uid" : "25a79a3cb1469cf4",
        "reportUrl" : "https://one-focus.github.io/popup-auto/105//#testresult/25a79a3cb1469cf4",
        "status" : "broken",
        "statusDetails" : "selenium.common.exceptions.TimeoutException: Message: Не могу найти Continue button в течение 5 сек\n\n",
        "time" : {
          "start" : 1653106899322,
          "stop" : 1653106934189,
          "duration" : 34867
        }
      }, {
        "uid" : "6c695a578c6b4f25",
        "reportUrl" : "https://one-focus.github.io/popup-auto/104//#testresult/6c695a578c6b4f25",
        "status" : "broken",
        "statusDetails" : "RuntimeError: ['\"Заказ в 1 клик!\" не найден в \"[DATE]: 20.05.2022 07:58:07  [NAME]: test_automation_user_name  [EMAIL]: automation.emk@gmail.com  [PHONE]: +70000000000  [COMPANY]: test_company_name  [BODY]: 20.05.2022 07:58:02_test_automation_email_order_1_click  [FILE]:   [LINK]: https://emk24.ru/order-in-1-click/  [TYPE]: Заказ в 1 клик (сквозная форма)  [FORM]: Заказ в 1 клик (сквозная форма)  [ROISTATID] 139221  [PSESSION_ID]: e5217594  [SESSION_ID]: 8424916  [USER_ID]:  \"']\n",
        "time" : {
          "start" : 1653022659583,
          "stop" : 1653022696143,
          "duration" : 36560
        }
      }, {
        "uid" : "fffc016a0d16e9b1",
        "reportUrl" : "https://one-focus.github.io/popup-auto/103//#testresult/fffc016a0d16e9b1",
        "status" : "broken",
        "statusDetails" : "RuntimeError: ['\"Заказ в 1 клик!\" не найден в \"[DATE]: 19.05.2022 07:46:46  [NAME]: test_automation_user_name  [EMAIL]: automation.emk@gmail.com  [PHONE]: +70000000000  [COMPANY]: test_company_name  [BODY]: 19.05.2022 07:46:35_test_automation_email_order_1_click  [FILE]:   [LINK]: https://emk24.ru/order-in-1-click/  [TYPE]: Заказ в 1 клик (сквозная форма)  [FORM]: Заказ в 1 клик (сквозная форма)  [ROISTATID] 134151  [PSESSION_ID]: e5211860  [SESSION_ID]: 8414532  [USER_ID]:  \"']\n",
        "time" : {
          "start" : 1652935486403,
          "stop" : 1652935613531,
          "duration" : 127128
        }
      }, {
        "uid" : "af77e286a7a5d8e",
        "reportUrl" : "https://one-focus.github.io/popup-auto/102//#testresult/af77e286a7a5d8e",
        "status" : "broken",
        "statusDetails" : "RuntimeError: ['\"Заказ в 1 клик!\" не найден в \"[DATE]: 18.05.2022 07:48:34  [NAME]: test_automation_user_name  [EMAIL]: automation.emk@gmail.com  [PHONE]: +70000000000  [COMPANY]: test_company_name  [BODY]: 18.05.2022 07:48:29_test_automation_email_order_1_click  [FILE]:   [LINK]: https://emk24.ru/order-in-1-click/  [TYPE]: Заказ в 1 клик (сквозная форма)  [FORM]: Заказ в 1 клик (сквозная форма)  [ROISTATID] 128829  [PSESSION_ID]: e5206159  [SESSION_ID]: 8404017  [USER_ID]:  \"']\n",
        "time" : {
          "start" : 1652849287598,
          "stop" : 1652849322942,
          "duration" : 35344
        }
      }, {
        "uid" : "ff39c1af991ffcbc",
        "reportUrl" : "https://one-focus.github.io/popup-auto/101//#testresult/ff39c1af991ffcbc",
        "status" : "broken",
        "statusDetails" : "RuntimeError: ['\"Заказ в 1 клик!\" не найден в \"[DATE]: 17.05.2022 07:44:19  [NAME]: test_automation_user_name  [EMAIL]: automation.emk@gmail.com  [PHONE]: +70000000000  [COMPANY]: test_company_name  [BODY]: 17.05.2022 07:44:13_test_automation_email_order_1_click  [FILE]:   [LINK]: https://emk24.ru/order-in-1-click/  [TYPE]: Заказ в 1 клик (сквозная форма)  [FORM]: Заказ в 1 клик (сквозная форма)  [ROISTATID] 123507  [PSESSION_ID]: e5200340  [SESSION_ID]: 8393792  [USER_ID]:  \"']\n",
        "time" : {
          "start" : 1652762633109,
          "stop" : 1652762757356,
          "duration" : 124247
        }
      }, {
        "uid" : "ec4f6191a1e8692f",
        "reportUrl" : "https://one-focus.github.io/popup-auto/100//#testresult/ec4f6191a1e8692f",
        "status" : "broken",
        "statusDetails" : "selenium.common.exceptions.TimeoutException: Message: Не могу найти Continue button в течение 5 сек\n\n",
        "time" : {
          "start" : 1652675136437,
          "stop" : 1652675168555,
          "duration" : 32118
        }
      }, {
        "uid" : "f5995beaba5b5b68",
        "reportUrl" : "https://one-focus.github.io/popup-auto/99//#testresult/f5995beaba5b5b68",
        "status" : "passed",
        "time" : {
          "start" : 1652589444004,
          "stop" : 1652589459045,
          "duration" : 15041
        }
      }, {
        "uid" : "5da33ed69d950737",
        "reportUrl" : "https://one-focus.github.io/popup-auto/98//#testresult/5da33ed69d950737",
        "status" : "passed",
        "time" : {
          "start" : 1652518440449,
          "stop" : 1652518457352,
          "duration" : 16903
        }
      }, {
        "uid" : "3ccbf34ef49193ea",
        "reportUrl" : "https://one-focus.github.io/popup-auto/97//#testresult/3ccbf34ef49193ea",
        "status" : "broken",
        "statusDetails" : "selenium.common.exceptions.TimeoutException: Message: Не могу найти Continue button в течение 5 сек\n\n",
        "time" : {
          "start" : 1652416988928,
          "stop" : 1652417020364,
          "duration" : 31436
        }
      }, {
        "uid" : "9b7a014bdf2d1791",
        "reportUrl" : "https://one-focus.github.io/popup-auto/96//#testresult/9b7a014bdf2d1791",
        "status" : "passed",
        "time" : {
          "start" : 1652331291202,
          "stop" : 1652331397869,
          "duration" : 106667
        }
      }, {
        "uid" : "d29f3111d075cf1e",
        "reportUrl" : "https://one-focus.github.io/popup-auto/95//#testresult/d29f3111d075cf1e",
        "status" : "passed",
        "time" : {
          "start" : 1652243605160,
          "stop" : 1652243620674,
          "duration" : 15514
        }
      }, {
        "uid" : "4d006d904ad8909c",
        "reportUrl" : "https://one-focus.github.io/popup-auto/94//#testresult/4d006d904ad8909c",
        "status" : "passed",
        "time" : {
          "start" : 1652155278751,
          "stop" : 1652155294177,
          "duration" : 15426
        }
      }, {
        "uid" : "6e257ba78a525378",
        "reportUrl" : "https://one-focus.github.io/popup-auto/93//#testresult/6e257ba78a525378",
        "status" : "passed",
        "time" : {
          "start" : 1652071835995,
          "stop" : 1652071851130,
          "duration" : 15135
        }
      }, {
        "uid" : "152eda4428f8c8c7",
        "reportUrl" : "https://one-focus.github.io/popup-auto/92//#testresult/152eda4428f8c8c7",
        "status" : "passed",
        "time" : {
          "start" : 1651984135971,
          "stop" : 1651984151239,
          "duration" : 15268
        }
      }, {
        "uid" : "80237108519bc970",
        "reportUrl" : "https://one-focus.github.io/popup-auto/91//#testresult/80237108519bc970",
        "status" : "passed",
        "time" : {
          "start" : 1651897470184,
          "stop" : 1651897485172,
          "duration" : 14988
        }
      }, {
        "uid" : "350733cf952ccdef",
        "reportUrl" : "https://one-focus.github.io/popup-auto/90//#testresult/350733cf952ccdef",
        "status" : "passed",
        "time" : {
          "start" : 1651810269686,
          "stop" : 1651810286315,
          "duration" : 16629
        }
      }, {
        "uid" : "cfbc3e5a1c28152d",
        "reportUrl" : "https://one-focus.github.io/popup-auto/89//#testresult/cfbc3e5a1c28152d",
        "status" : "passed",
        "time" : {
          "start" : 1651725041131,
          "stop" : 1651725056205,
          "duration" : 15074
        }
      }, {
        "uid" : "5e84f861a97d014e",
        "reportUrl" : "https://one-focus.github.io/popup-auto/88//#testresult/5e84f861a97d014e",
        "status" : "passed",
        "time" : {
          "start" : 1651638368354,
          "stop" : 1651638383636,
          "duration" : 15282
        }
      }, {
        "uid" : "aa8be799135f47dd",
        "reportUrl" : "https://one-focus.github.io/popup-auto/87//#testresult/aa8be799135f47dd",
        "status" : "passed",
        "time" : {
          "start" : 1651553771788,
          "stop" : 1651553787965,
          "duration" : 16177
        }
      }, {
        "uid" : "2e04752c315ed82a",
        "reportUrl" : "https://one-focus.github.io/popup-auto/86//#testresult/2e04752c315ed82a",
        "status" : "passed",
        "time" : {
          "start" : 1651466650575,
          "stop" : 1651466666357,
          "duration" : 15782
        }
      } ]
    },
    "tags" : [ "regression" ]
  },
  "source" : "b3e128cfe32aac6a.json",
  "parameterValues" : [ "emk24.ru" ]
}