{
  "uid" : "71bbdac1b9bd1d24",
  "name" : "emksteel.ru диалог оставить заявку -- @1.2 ",
  "fullName" : "Проверка сайта emksteel.ru: emksteel.ru диалог оставить заявку",
  "historyId" : "14f0db692ce9d093ed4146ea83bd2afe",
  "time" : {
    "start" : 1650166779218,
    "stop" : 1650166780706,
    "duration" : 1488
  },
  "status" : "broken",
  "statusMessage" : "selenium.common.exceptions.WebDriverException: Message: unknown error: net::ERR_CONNECTION_REFUSED\n  (Session info: headless chrome=100.0.4896.75)\n\n",
  "statusTrace" : "  File \"/opt/hostedtoolcache/Python/3.9.12/x64/lib/python3.9/site-packages/behave/model.py\", line 1806, in run\n    match.run(runner.context)\n  File \"/opt/hostedtoolcache/Python/3.9.12/x64/lib/python3.9/site-packages/behave/matchers.py\", line 97, in run\n    self.func(context, *args, **kwargs)\n  File \"features/steps/basic_steps.py\", line 86, in open_page\n    open_url(context, page_name)\n  File \"features/steps/basic_steps.py\", line 80, in open_url\n    context.driver.get(url) if url.startswith('http') else context.driver.get(f'https://{url}')\n  File \"/opt/hostedtoolcache/Python/3.9.12/x64/lib/python3.9/site-packages/selenium/webdriver/remote/webdriver.py\", line 333, in get\n    self.execute(Command.GET, {'url': url})\n  File \"/opt/hostedtoolcache/Python/3.9.12/x64/lib/python3.9/site-packages/selenium/webdriver/remote/webdriver.py\", line 321, in execute\n    self.error_handler.check_response(response)\n  File \"/opt/hostedtoolcache/Python/3.9.12/x64/lib/python3.9/site-packages/selenium/webdriver/remote/errorhandler.py\", line 242, in check_response\n    raise exception_class(message, screen, stacktrace)\n",
  "flaky" : false,
  "newFailed" : false,
  "beforeStages" : [ ],
  "testStage" : {
    "status" : "broken",
    "statusMessage" : "selenium.common.exceptions.WebDriverException: Message: unknown error: net::ERR_CONNECTION_REFUSED\n  (Session info: headless chrome=100.0.4896.75)\n\n",
    "statusTrace" : "  File \"/opt/hostedtoolcache/Python/3.9.12/x64/lib/python3.9/site-packages/behave/model.py\", line 1806, in run\n    match.run(runner.context)\n  File \"/opt/hostedtoolcache/Python/3.9.12/x64/lib/python3.9/site-packages/behave/matchers.py\", line 97, in run\n    self.func(context, *args, **kwargs)\n  File \"features/steps/basic_steps.py\", line 86, in open_page\n    open_url(context, page_name)\n  File \"features/steps/basic_steps.py\", line 80, in open_url\n    context.driver.get(url) if url.startswith('http') else context.driver.get(f'https://{url}')\n  File \"/opt/hostedtoolcache/Python/3.9.12/x64/lib/python3.9/site-packages/selenium/webdriver/remote/webdriver.py\", line 333, in get\n    self.execute(Command.GET, {'url': url})\n  File \"/opt/hostedtoolcache/Python/3.9.12/x64/lib/python3.9/site-packages/selenium/webdriver/remote/webdriver.py\", line 321, in execute\n    self.error_handler.check_response(response)\n  File \"/opt/hostedtoolcache/Python/3.9.12/x64/lib/python3.9/site-packages/selenium/webdriver/remote/errorhandler.py\", line 242, in check_response\n    raise exception_class(message, screen, stacktrace)\n",
    "steps" : [ {
      "name" : "Given open emksteel.ru page",
      "time" : {
        "start" : 1650166779223,
        "stop" : 1650166779965,
        "duration" : 742
      },
      "status" : "broken",
      "statusMessage" : "selenium.common.exceptions.WebDriverException: Message: unknown error: net::ERR_CONNECTION_REFUSED\n  (Session info: headless chrome=100.0.4896.75)\n\n",
      "statusTrace" : "  File \"/opt/hostedtoolcache/Python/3.9.12/x64/lib/python3.9/site-packages/behave/model.py\", line 1806, in run\n    match.run(runner.context)\n  File \"/opt/hostedtoolcache/Python/3.9.12/x64/lib/python3.9/site-packages/behave/matchers.py\", line 97, in run\n    self.func(context, *args, **kwargs)\n  File \"features/steps/basic_steps.py\", line 86, in open_page\n    open_url(context, page_name)\n  File \"features/steps/basic_steps.py\", line 80, in open_url\n    context.driver.get(url) if url.startswith('http') else context.driver.get(f'https://{url}')\n  File \"/opt/hostedtoolcache/Python/3.9.12/x64/lib/python3.9/site-packages/selenium/webdriver/remote/webdriver.py\", line 333, in get\n    self.execute(Command.GET, {'url': url})\n  File \"/opt/hostedtoolcache/Python/3.9.12/x64/lib/python3.9/site-packages/selenium/webdriver/remote/webdriver.py\", line 321, in execute\n    self.error_handler.check_response(response)\n  File \"/opt/hostedtoolcache/Python/3.9.12/x64/lib/python3.9/site-packages/selenium/webdriver/remote/errorhandler.py\", line 242, in check_response\n    raise exception_class(message, screen, stacktrace)\n",
      "steps" : [ ],
      "attachments" : [ {
        "uid" : "979099418b3d9b35",
        "name" : "screenshot",
        "source" : "979099418b3d9b35.png",
        "type" : "image/png",
        "size" : 10592
      } ],
      "parameters" : [ ],
      "stepsCount" : 0,
      "attachmentsCount" : 1,
      "shouldDisplayMessage" : true,
      "hasContent" : true
    }, {
      "name" : "When enter \"test_automation_comment_leave_order\" in message field in \"1 section\"",
      "time" : {
        "start" : 1650166779970,
        "stop" : 1650166780705,
        "duration" : 735
      },
      "status" : "broken",
      "statusMessage" : "selenium.common.exceptions.WebDriverException: Message: unknown error: net::ERR_CONNECTION_REFUSED\n  (Session info: headless chrome=100.0.4896.75)\n\n",
      "statusTrace" : "  File \"/opt/hostedtoolcache/Python/3.9.12/x64/lib/python3.9/site-packages/behave/model.py\", line 1806, in run\n    match.run(runner.context)\n  File \"/opt/hostedtoolcache/Python/3.9.12/x64/lib/python3.9/site-packages/behave/matchers.py\", line 97, in run\n    self.func(context, *args, **kwargs)\n  File \"features/steps/basic_steps.py\", line 86, in open_page\n    open_url(context, page_name)\n  File \"features/steps/basic_steps.py\", line 80, in open_url\n    context.driver.get(url) if url.startswith('http') else context.driver.get(f'https://{url}')\n  File \"/opt/hostedtoolcache/Python/3.9.12/x64/lib/python3.9/site-packages/selenium/webdriver/remote/webdriver.py\", line 333, in get\n    self.execute(Command.GET, {'url': url})\n  File \"/opt/hostedtoolcache/Python/3.9.12/x64/lib/python3.9/site-packages/selenium/webdriver/remote/webdriver.py\", line 321, in execute\n    self.error_handler.check_response(response)\n  File \"/opt/hostedtoolcache/Python/3.9.12/x64/lib/python3.9/site-packages/selenium/webdriver/remote/errorhandler.py\", line 242, in check_response\n    raise exception_class(message, screen, stacktrace)\n",
      "steps" : [ ],
      "attachments" : [ {
        "uid" : "21adc189d6d0525e",
        "name" : "screenshot",
        "source" : "21adc189d6d0525e.png",
        "type" : "image/png",
        "size" : 10592
      } ],
      "parameters" : [ ],
      "stepsCount" : 0,
      "attachmentsCount" : 1,
      "shouldDisplayMessage" : true,
      "hasContent" : true
    }, {
      "name" : "When click on send email button",
      "time" : {
        "start" : 1650166780706,
        "stop" : 1650166780706,
        "duration" : 0
      },
      "status" : "skipped",
      "steps" : [ ],
      "attachments" : [ ],
      "parameters" : [ ],
      "stepsCount" : 0,
      "attachmentsCount" : 0,
      "shouldDisplayMessage" : false,
      "hasContent" : false
    }, {
      "name" : "When wait 1 sec",
      "time" : {
        "start" : 1650166780706,
        "stop" : 1650166780706,
        "duration" : 0
      },
      "status" : "skipped",
      "steps" : [ ],
      "attachments" : [ ],
      "parameters" : [ ],
      "stepsCount" : 0,
      "attachmentsCount" : 0,
      "shouldDisplayMessage" : false,
      "hasContent" : false
    }, {
      "name" : "When enter \"generated_test_automation_email_dialog_steel\" in name field in \"1 section\"",
      "time" : {
        "start" : 1650166780706,
        "stop" : 1650166780706,
        "duration" : 0
      },
      "status" : "skipped",
      "steps" : [ ],
      "attachments" : [ ],
      "parameters" : [ ],
      "stepsCount" : 0,
      "attachmentsCount" : 0,
      "shouldDisplayMessage" : false,
      "hasContent" : false
    }, {
      "name" : "When enter \"test_automation_company_name\" in company name field in \"1 section\"",
      "time" : {
        "start" : 1650166780706,
        "stop" : 1650166780706,
        "duration" : 0
      },
      "status" : "skipped",
      "steps" : [ ],
      "attachments" : [ ],
      "parameters" : [ ],
      "stepsCount" : 0,
      "attachmentsCount" : 0,
      "shouldDisplayMessage" : false,
      "hasContent" : false
    }, {
      "name" : "When enter \"automation.emk@gmail.com\" in email field in \"1 section\"",
      "time" : {
        "start" : 1650166780706,
        "stop" : 1650166780706,
        "duration" : 0
      },
      "status" : "skipped",
      "steps" : [ ],
      "attachments" : [ ],
      "parameters" : [ ],
      "stepsCount" : 0,
      "attachmentsCount" : 0,
      "shouldDisplayMessage" : false,
      "hasContent" : false
    }, {
      "name" : "When enter \"+70000000000\" in phone field in \"1 section\"",
      "time" : {
        "start" : 1650166780706,
        "stop" : 1650166780706,
        "duration" : 0
      },
      "status" : "skipped",
      "steps" : [ ],
      "attachments" : [ ],
      "parameters" : [ ],
      "stepsCount" : 0,
      "attachmentsCount" : 0,
      "shouldDisplayMessage" : false,
      "hasContent" : false
    }, {
      "name" : "When enter \"test_automation_comment\" in message field in \"1 section\"",
      "time" : {
        "start" : 1650166780706,
        "stop" : 1650166780706,
        "duration" : 0
      },
      "status" : "skipped",
      "steps" : [ ],
      "attachments" : [ ],
      "parameters" : [ ],
      "stepsCount" : 0,
      "attachmentsCount" : 0,
      "shouldDisplayMessage" : false,
      "hasContent" : false
    }, {
      "name" : "When click on send button in \"1 section\"",
      "time" : {
        "start" : 1650166780706,
        "stop" : 1650166780706,
        "duration" : 0
      },
      "status" : "skipped",
      "steps" : [ ],
      "attachments" : [ ],
      "parameters" : [ ],
      "stepsCount" : 0,
      "attachmentsCount" : 0,
      "shouldDisplayMessage" : false,
      "hasContent" : false
    }, {
      "name" : "Then email with \"generated_test_automation_email_dialog_steel\" contains \"Тема: Запрос от test_automation_company_name;[PHONE]: +7 (000) 000-00-00;[EMAIL]: automation.emk@gmail.com;[BODY]: test_automation_comment\" in 900 sec",
      "time" : {
        "start" : 1650166780706,
        "stop" : 1650166780706,
        "duration" : 0
      },
      "status" : "skipped",
      "steps" : [ ],
      "attachments" : [ ],
      "parameters" : [ ],
      "stepsCount" : 0,
      "attachmentsCount" : 0,
      "shouldDisplayMessage" : false,
      "hasContent" : false
    }, {
      "name" : "Given open emksteel.ru page",
      "time" : {
        "start" : 1650166780706,
        "stop" : 1650166780706,
        "duration" : 0
      },
      "status" : "broken",
      "statusMessage" : "selenium.common.exceptions.WebDriverException: Message: unknown error: net::ERR_CONNECTION_REFUSED\n  (Session info: headless chrome=100.0.4896.75)\n\n",
      "statusTrace" : "  File \"/opt/hostedtoolcache/Python/3.9.12/x64/lib/python3.9/site-packages/behave/model.py\", line 1806, in run\n    match.run(runner.context)\n  File \"/opt/hostedtoolcache/Python/3.9.12/x64/lib/python3.9/site-packages/behave/matchers.py\", line 97, in run\n    self.func(context, *args, **kwargs)\n  File \"features/steps/basic_steps.py\", line 86, in open_page\n    open_url(context, page_name)\n  File \"features/steps/basic_steps.py\", line 80, in open_url\n    context.driver.get(url) if url.startswith('http') else context.driver.get(f'https://{url}')\n  File \"/opt/hostedtoolcache/Python/3.9.12/x64/lib/python3.9/site-packages/selenium/webdriver/remote/webdriver.py\", line 333, in get\n    self.execute(Command.GET, {'url': url})\n  File \"/opt/hostedtoolcache/Python/3.9.12/x64/lib/python3.9/site-packages/selenium/webdriver/remote/webdriver.py\", line 321, in execute\n    self.error_handler.check_response(response)\n  File \"/opt/hostedtoolcache/Python/3.9.12/x64/lib/python3.9/site-packages/selenium/webdriver/remote/errorhandler.py\", line 242, in check_response\n    raise exception_class(message, screen, stacktrace)\n",
      "steps" : [ ],
      "attachments" : [ ],
      "parameters" : [ ],
      "stepsCount" : 0,
      "attachmentsCount" : 0,
      "shouldDisplayMessage" : true,
      "hasContent" : true
    }, {
      "name" : "When enter \"test_automation_comment_leave_order\" in message field in \"1 section\"",
      "time" : {
        "start" : 1650166780706,
        "stop" : 1650166780706,
        "duration" : 0
      },
      "status" : "skipped",
      "steps" : [ ],
      "attachments" : [ ],
      "parameters" : [ ],
      "stepsCount" : 0,
      "attachmentsCount" : 0,
      "shouldDisplayMessage" : false,
      "hasContent" : false
    }, {
      "name" : "When click on send email button",
      "time" : {
        "start" : 1650166780706,
        "stop" : 1650166780706,
        "duration" : 0
      },
      "status" : "skipped",
      "steps" : [ ],
      "attachments" : [ ],
      "parameters" : [ ],
      "stepsCount" : 0,
      "attachmentsCount" : 0,
      "shouldDisplayMessage" : false,
      "hasContent" : false
    }, {
      "name" : "When wait 1 sec",
      "time" : {
        "start" : 1650166780706,
        "stop" : 1650166780706,
        "duration" : 0
      },
      "status" : "skipped",
      "steps" : [ ],
      "attachments" : [ ],
      "parameters" : [ ],
      "stepsCount" : 0,
      "attachmentsCount" : 0,
      "shouldDisplayMessage" : false,
      "hasContent" : false
    }, {
      "name" : "When enter \"generated_test_automation_email_dialog_steel\" in name field in \"1 section\"",
      "time" : {
        "start" : 1650166780706,
        "stop" : 1650166780706,
        "duration" : 0
      },
      "status" : "skipped",
      "steps" : [ ],
      "attachments" : [ ],
      "parameters" : [ ],
      "stepsCount" : 0,
      "attachmentsCount" : 0,
      "shouldDisplayMessage" : false,
      "hasContent" : false
    }, {
      "name" : "When enter \"test_automation_company_name\" in company name field in \"1 section\"",
      "time" : {
        "start" : 1650166780706,
        "stop" : 1650166780706,
        "duration" : 0
      },
      "status" : "skipped",
      "steps" : [ ],
      "attachments" : [ ],
      "parameters" : [ ],
      "stepsCount" : 0,
      "attachmentsCount" : 0,
      "shouldDisplayMessage" : false,
      "hasContent" : false
    }, {
      "name" : "When enter \"automation.emk@gmail.com\" in email field in \"1 section\"",
      "time" : {
        "start" : 1650166780706,
        "stop" : 1650166780706,
        "duration" : 0
      },
      "status" : "skipped",
      "steps" : [ ],
      "attachments" : [ ],
      "parameters" : [ ],
      "stepsCount" : 0,
      "attachmentsCount" : 0,
      "shouldDisplayMessage" : false,
      "hasContent" : false
    }, {
      "name" : "When enter \"+70000000000\" in phone field in \"1 section\"",
      "time" : {
        "start" : 1650166780706,
        "stop" : 1650166780706,
        "duration" : 0
      },
      "status" : "skipped",
      "steps" : [ ],
      "attachments" : [ ],
      "parameters" : [ ],
      "stepsCount" : 0,
      "attachmentsCount" : 0,
      "shouldDisplayMessage" : false,
      "hasContent" : false
    }, {
      "name" : "When enter \"test_automation_comment\" in message field in \"1 section\"",
      "time" : {
        "start" : 1650166780706,
        "stop" : 1650166780706,
        "duration" : 0
      },
      "status" : "skipped",
      "steps" : [ ],
      "attachments" : [ ],
      "parameters" : [ ],
      "stepsCount" : 0,
      "attachmentsCount" : 0,
      "shouldDisplayMessage" : false,
      "hasContent" : false
    }, {
      "name" : "When click on send button in \"1 section\"",
      "time" : {
        "start" : 1650166780706,
        "stop" : 1650166780706,
        "duration" : 0
      },
      "status" : "skipped",
      "steps" : [ ],
      "attachments" : [ ],
      "parameters" : [ ],
      "stepsCount" : 0,
      "attachmentsCount" : 0,
      "shouldDisplayMessage" : false,
      "hasContent" : false
    }, {
      "name" : "Then email with \"generated_test_automation_email_dialog_steel\" contains \"Тема: Запрос от test_automation_company_name;[PHONE]: +7 (000) 000-00-00;[EMAIL]: automation.emk@gmail.com;[BODY]: test_automation_comment\" in 900 sec",
      "time" : {
        "start" : 1650166780706,
        "stop" : 1650166780706,
        "duration" : 0
      },
      "status" : "skipped",
      "steps" : [ ],
      "attachments" : [ ],
      "parameters" : [ ],
      "stepsCount" : 0,
      "attachmentsCount" : 0,
      "shouldDisplayMessage" : false,
      "hasContent" : false
    } ],
    "attachments" : [ ],
    "parameters" : [ ],
    "stepsCount" : 22,
    "attachmentsCount" : 2,
    "shouldDisplayMessage" : false,
    "hasContent" : true
  },
  "afterStages" : [ ],
  "labels" : [ {
    "name" : "severity",
    "value" : "normal"
  }, {
    "name" : "tag",
    "value" : "regression"
  }, {
    "name" : "feature",
    "value" : "Проверка сайта emksteel.ru"
  }, {
    "name" : "framework",
    "value" : "behave"
  }, {
    "name" : "language",
    "value" : "cpython3"
  }, {
    "name" : "resultFormat",
    "value" : "allure2"
  } ],
  "parameters" : [ {
    "name" : "button",
    "value" : "send email button"
  } ],
  "links" : [ ],
  "hidden" : false,
  "retry" : false,
  "extra" : {
    "severity" : "normal",
    "retries" : [ ],
    "categories" : [ {
      "name" : "Test defects",
      "matchedStatuses" : [ ],
      "flaky" : false
    } ],
    "history" : {
      "statistic" : {
        "failed" : 0,
        "broken" : 5,
        "skipped" : 0,
        "passed" : 38,
        "unknown" : 0,
        "total" : 43
      },
      "items" : [ {
        "uid" : "ff7ebb42e0c57652",
        "reportUrl" : "https://one-focus.github.io/popup-auto/69//#testresult/ff7ebb42e0c57652",
        "status" : "broken",
        "statusDetails" : "selenium.common.exceptions.WebDriverException: Message: unknown error: net::ERR_CONNECTION_REFUSED\n  (Session info: headless chrome=100.0.4896.75)\n\n",
        "time" : {
          "start" : 1650079832862,
          "stop" : 1650079834075,
          "duration" : 1213
        }
      }, {
        "uid" : "52d987e902b0ffd4",
        "reportUrl" : "https://one-focus.github.io/popup-auto/68//#testresult/52d987e902b0ffd4",
        "status" : "passed",
        "time" : {
          "start" : 1649996722730,
          "stop" : 1649996737556,
          "duration" : 14826
        }
      }, {
        "uid" : "de804339e2159d0",
        "reportUrl" : "https://one-focus.github.io/popup-auto/67//#testresult/de804339e2159d0",
        "status" : "passed",
        "time" : {
          "start" : 1649908056767,
          "stop" : 1649908070875,
          "duration" : 14108
        }
      }, {
        "uid" : "6b159c8f4537d3cb",
        "reportUrl" : "https://one-focus.github.io/popup-auto/66//#testresult/6b159c8f4537d3cb",
        "status" : "passed",
        "time" : {
          "start" : 1649831815272,
          "stop" : 1649831829365,
          "duration" : 14093
        }
      }, {
        "uid" : "d8c94985bb5db8e6",
        "reportUrl" : "https://one-focus.github.io/popup-auto/65//#testresult/d8c94985bb5db8e6",
        "status" : "passed",
        "time" : {
          "start" : 1649735499205,
          "stop" : 1649735512857,
          "duration" : 13652
        }
      }, {
        "uid" : "255a96e65c022507",
        "reportUrl" : "https://one-focus.github.io/popup-auto/64//#testresult/255a96e65c022507",
        "status" : "passed",
        "time" : {
          "start" : 1649649001708,
          "stop" : 1649649015653,
          "duration" : 13945
        }
      }, {
        "uid" : "8b25eeedb263b2a5",
        "reportUrl" : "https://one-focus.github.io/popup-auto/63//#testresult/8b25eeedb263b2a5",
        "status" : "passed",
        "time" : {
          "start" : 1649561935164,
          "stop" : 1649562038816,
          "duration" : 103652
        }
      }, {
        "uid" : "81686e38503326e4",
        "reportUrl" : "https://one-focus.github.io/popup-auto/62//#testresult/81686e38503326e4",
        "status" : "passed",
        "time" : {
          "start" : 1649475765995,
          "stop" : 1649475960517,
          "duration" : 194522
        }
      }, {
        "uid" : "977088695c0f190",
        "reportUrl" : "https://one-focus.github.io/popup-auto/61//#testresult/977088695c0f190",
        "status" : "passed",
        "time" : {
          "start" : 1649389502470,
          "stop" : 1649389606821,
          "duration" : 104351
        }
      }, {
        "uid" : "413ae7437a6418cd",
        "reportUrl" : "https://one-focus.github.io/popup-auto/60//#testresult/413ae7437a6418cd",
        "status" : "passed",
        "time" : {
          "start" : 1649325012630,
          "stop" : 1649325026211,
          "duration" : 13581
        }
      }, {
        "uid" : "cf06f23ea2e9921",
        "reportUrl" : "https://one-focus.github.io/popup-auto/59//#testresult/cf06f23ea2e9921",
        "status" : "passed",
        "time" : {
          "start" : 1649303094510,
          "stop" : 1649303198055,
          "duration" : 103545
        }
      }, {
        "uid" : "746c4eef892cb92",
        "reportUrl" : "https://one-focus.github.io/popup-auto/58//#testresult/746c4eef892cb92",
        "status" : "passed",
        "time" : {
          "start" : 1649216261377,
          "stop" : 1649216275511,
          "duration" : 14134
        }
      }, {
        "uid" : "9ad81afbe49dd13b",
        "reportUrl" : "https://one-focus.github.io/popup-auto/57//#testresult/9ad81afbe49dd13b",
        "status" : "passed",
        "time" : {
          "start" : 1649163488178,
          "stop" : 1649163682747,
          "duration" : 194569
        }
      }, {
        "uid" : "983497447bbf0a12",
        "reportUrl" : "https://one-focus.github.io/popup-auto/56//#testresult/983497447bbf0a12",
        "status" : "passed",
        "time" : {
          "start" : 1649144724623,
          "stop" : 1649144828886,
          "duration" : 104263
        }
      }, {
        "uid" : "35957628f1ddae02",
        "reportUrl" : "https://one-focus.github.io/popup-auto/55//#testresult/35957628f1ddae02",
        "status" : "passed",
        "time" : {
          "start" : 1649043983101,
          "stop" : 1649043996769,
          "duration" : 13668
        }
      }, {
        "uid" : "ef4a12bddd2c6bfb",
        "reportUrl" : "https://one-focus.github.io/popup-auto/54//#testresult/ef4a12bddd2c6bfb",
        "status" : "passed",
        "time" : {
          "start" : 1648957395169,
          "stop" : 1648957409412,
          "duration" : 14243
        }
      }, {
        "uid" : "1c91c09c607d7a6f",
        "reportUrl" : "https://one-focus.github.io/popup-auto/53//#testresult/1c91c09c607d7a6f",
        "status" : "passed",
        "time" : {
          "start" : 1648871691169,
          "stop" : 1648871885596,
          "duration" : 194427
        }
      }, {
        "uid" : "7fb44f240239cc2c",
        "reportUrl" : "https://one-focus.github.io/popup-auto/52//#testresult/7fb44f240239cc2c",
        "status" : "passed",
        "time" : {
          "start" : 1648785848400,
          "stop" : 1648786042436,
          "duration" : 194036
        }
      }, {
        "uid" : "43b0f00c5d98738c",
        "reportUrl" : "https://one-focus.github.io/popup-auto/51//#testresult/43b0f00c5d98738c",
        "status" : "passed",
        "time" : {
          "start" : 1648697848187,
          "stop" : 1648697952237,
          "duration" : 104050
        }
      }, {
        "uid" : "cfbb549f6b1f8907",
        "reportUrl" : "https://one-focus.github.io/popup-auto/50//#testresult/cfbb549f6b1f8907",
        "status" : "broken",
        "statusDetails" : "RuntimeError: Сообщение с текстом \"30.03.2022 06:41:01_test_automation_email_dialog_steel\" не пришло на почту в течение 900 секунд\n",
        "time" : {
          "start" : 1648611656337,
          "stop" : 1648612573597,
          "duration" : 917260
        }
      } ]
    },
    "tags" : [ "regression" ]
  },
  "source" : "71bbdac1b9bd1d24.json",
  "parameterValues" : [ "send email button" ]
}