{
  "uid" : "83f3b587f1c774b",
  "name" : "emksteel.ru диалог оставить заявку -- @1.1 ",
  "fullName" : "Проверка сайта emksteel.ru: emksteel.ru диалог оставить заявку",
  "historyId" : "1141a57a973e9471bfd8ec5eb6bc6f10",
  "time" : {
    "start" : 1650166777726,
    "stop" : 1650166779217,
    "duration" : 1491
  },
  "status" : "broken",
  "statusMessage" : "selenium.common.exceptions.WebDriverException: Message: unknown error: net::ERR_CONNECTION_REFUSED\n  (Session info: headless chrome=100.0.4896.75)\n\n",
  "statusTrace" : "  File \"/opt/hostedtoolcache/Python/3.9.12/x64/lib/python3.9/site-packages/behave/model.py\", line 1806, in run\n    match.run(runner.context)\n  File \"/opt/hostedtoolcache/Python/3.9.12/x64/lib/python3.9/site-packages/behave/matchers.py\", line 97, in run\n    self.func(context, *args, **kwargs)\n  File \"features/steps/basic_steps.py\", line 86, in open_page\n    open_url(context, page_name)\n  File \"features/steps/basic_steps.py\", line 80, in open_url\n    context.driver.get(url) if url.startswith('http') else context.driver.get(f'https://{url}')\n  File \"/opt/hostedtoolcache/Python/3.9.12/x64/lib/python3.9/site-packages/selenium/webdriver/remote/webdriver.py\", line 333, in get\n    self.execute(Command.GET, {'url': url})\n  File \"/opt/hostedtoolcache/Python/3.9.12/x64/lib/python3.9/site-packages/selenium/webdriver/remote/webdriver.py\", line 321, in execute\n    self.error_handler.check_response(response)\n  File \"/opt/hostedtoolcache/Python/3.9.12/x64/lib/python3.9/site-packages/selenium/webdriver/remote/errorhandler.py\", line 242, in check_response\n    raise exception_class(message, screen, stacktrace)\n",
  "flaky" : false,
  "newFailed" : false,
  "beforeStages" : [ ],
  "testStage" : {
    "status" : "broken",
    "statusMessage" : "selenium.common.exceptions.WebDriverException: Message: unknown error: net::ERR_CONNECTION_REFUSED\n  (Session info: headless chrome=100.0.4896.75)\n\n",
    "statusTrace" : "  File \"/opt/hostedtoolcache/Python/3.9.12/x64/lib/python3.9/site-packages/behave/model.py\", line 1806, in run\n    match.run(runner.context)\n  File \"/opt/hostedtoolcache/Python/3.9.12/x64/lib/python3.9/site-packages/behave/matchers.py\", line 97, in run\n    self.func(context, *args, **kwargs)\n  File \"features/steps/basic_steps.py\", line 86, in open_page\n    open_url(context, page_name)\n  File \"features/steps/basic_steps.py\", line 80, in open_url\n    context.driver.get(url) if url.startswith('http') else context.driver.get(f'https://{url}')\n  File \"/opt/hostedtoolcache/Python/3.9.12/x64/lib/python3.9/site-packages/selenium/webdriver/remote/webdriver.py\", line 333, in get\n    self.execute(Command.GET, {'url': url})\n  File \"/opt/hostedtoolcache/Python/3.9.12/x64/lib/python3.9/site-packages/selenium/webdriver/remote/webdriver.py\", line 321, in execute\n    self.error_handler.check_response(response)\n  File \"/opt/hostedtoolcache/Python/3.9.12/x64/lib/python3.9/site-packages/selenium/webdriver/remote/errorhandler.py\", line 242, in check_response\n    raise exception_class(message, screen, stacktrace)\n",
    "steps" : [ {
      "name" : "Given open emksteel.ru page",
      "time" : {
        "start" : 1650166777731,
        "stop" : 1650166778469,
        "duration" : 738
      },
      "status" : "broken",
      "statusMessage" : "selenium.common.exceptions.WebDriverException: Message: unknown error: net::ERR_CONNECTION_REFUSED\n  (Session info: headless chrome=100.0.4896.75)\n\n",
      "statusTrace" : "  File \"/opt/hostedtoolcache/Python/3.9.12/x64/lib/python3.9/site-packages/behave/model.py\", line 1806, in run\n    match.run(runner.context)\n  File \"/opt/hostedtoolcache/Python/3.9.12/x64/lib/python3.9/site-packages/behave/matchers.py\", line 97, in run\n    self.func(context, *args, **kwargs)\n  File \"features/steps/basic_steps.py\", line 86, in open_page\n    open_url(context, page_name)\n  File \"features/steps/basic_steps.py\", line 80, in open_url\n    context.driver.get(url) if url.startswith('http') else context.driver.get(f'https://{url}')\n  File \"/opt/hostedtoolcache/Python/3.9.12/x64/lib/python3.9/site-packages/selenium/webdriver/remote/webdriver.py\", line 333, in get\n    self.execute(Command.GET, {'url': url})\n  File \"/opt/hostedtoolcache/Python/3.9.12/x64/lib/python3.9/site-packages/selenium/webdriver/remote/webdriver.py\", line 321, in execute\n    self.error_handler.check_response(response)\n  File \"/opt/hostedtoolcache/Python/3.9.12/x64/lib/python3.9/site-packages/selenium/webdriver/remote/errorhandler.py\", line 242, in check_response\n    raise exception_class(message, screen, stacktrace)\n",
      "steps" : [ ],
      "attachments" : [ {
        "uid" : "6cb9394f7a77d10e",
        "name" : "screenshot",
        "source" : "6cb9394f7a77d10e.png",
        "type" : "image/png",
        "size" : 10592
      } ],
      "parameters" : [ ],
      "stepsCount" : 0,
      "attachmentsCount" : 1,
      "shouldDisplayMessage" : true,
      "hasContent" : true
    }, {
      "name" : "When enter \"test_automation_comment_leave_order\" in message field in \"1 section\"",
      "time" : {
        "start" : 1650166778474,
        "stop" : 1650166779215,
        "duration" : 741
      },
      "status" : "broken",
      "statusMessage" : "selenium.common.exceptions.WebDriverException: Message: unknown error: net::ERR_CONNECTION_REFUSED\n  (Session info: headless chrome=100.0.4896.75)\n\n",
      "statusTrace" : "  File \"/opt/hostedtoolcache/Python/3.9.12/x64/lib/python3.9/site-packages/behave/model.py\", line 1806, in run\n    match.run(runner.context)\n  File \"/opt/hostedtoolcache/Python/3.9.12/x64/lib/python3.9/site-packages/behave/matchers.py\", line 97, in run\n    self.func(context, *args, **kwargs)\n  File \"features/steps/basic_steps.py\", line 86, in open_page\n    open_url(context, page_name)\n  File \"features/steps/basic_steps.py\", line 80, in open_url\n    context.driver.get(url) if url.startswith('http') else context.driver.get(f'https://{url}')\n  File \"/opt/hostedtoolcache/Python/3.9.12/x64/lib/python3.9/site-packages/selenium/webdriver/remote/webdriver.py\", line 333, in get\n    self.execute(Command.GET, {'url': url})\n  File \"/opt/hostedtoolcache/Python/3.9.12/x64/lib/python3.9/site-packages/selenium/webdriver/remote/webdriver.py\", line 321, in execute\n    self.error_handler.check_response(response)\n  File \"/opt/hostedtoolcache/Python/3.9.12/x64/lib/python3.9/site-packages/selenium/webdriver/remote/errorhandler.py\", line 242, in check_response\n    raise exception_class(message, screen, stacktrace)\n",
      "steps" : [ ],
      "attachments" : [ {
        "uid" : "be31e8d64d08b7fb",
        "name" : "screenshot",
        "source" : "be31e8d64d08b7fb.png",
        "type" : "image/png",
        "size" : 10592
      } ],
      "parameters" : [ ],
      "stepsCount" : 0,
      "attachmentsCount" : 1,
      "shouldDisplayMessage" : true,
      "hasContent" : true
    }, {
      "name" : "When click on more info button",
      "time" : {
        "start" : 1650166779216,
        "stop" : 1650166779216,
        "duration" : 0
      },
      "status" : "skipped",
      "steps" : [ ],
      "attachments" : [ ],
      "parameters" : [ ],
      "stepsCount" : 0,
      "attachmentsCount" : 0,
      "shouldDisplayMessage" : false,
      "hasContent" : false
    }, {
      "name" : "When wait 1 sec",
      "time" : {
        "start" : 1650166779216,
        "stop" : 1650166779216,
        "duration" : 0
      },
      "status" : "skipped",
      "steps" : [ ],
      "attachments" : [ ],
      "parameters" : [ ],
      "stepsCount" : 0,
      "attachmentsCount" : 0,
      "shouldDisplayMessage" : false,
      "hasContent" : false
    }, {
      "name" : "When enter \"generated_test_automation_email_dialog_steel\" in name field in \"1 section\"",
      "time" : {
        "start" : 1650166779216,
        "stop" : 1650166779216,
        "duration" : 0
      },
      "status" : "skipped",
      "steps" : [ ],
      "attachments" : [ ],
      "parameters" : [ ],
      "stepsCount" : 0,
      "attachmentsCount" : 0,
      "shouldDisplayMessage" : false,
      "hasContent" : false
    }, {
      "name" : "When enter \"test_automation_company_name\" in company name field in \"1 section\"",
      "time" : {
        "start" : 1650166779216,
        "stop" : 1650166779216,
        "duration" : 0
      },
      "status" : "skipped",
      "steps" : [ ],
      "attachments" : [ ],
      "parameters" : [ ],
      "stepsCount" : 0,
      "attachmentsCount" : 0,
      "shouldDisplayMessage" : false,
      "hasContent" : false
    }, {
      "name" : "When enter \"automation.emk@gmail.com\" in email field in \"1 section\"",
      "time" : {
        "start" : 1650166779216,
        "stop" : 1650166779216,
        "duration" : 0
      },
      "status" : "skipped",
      "steps" : [ ],
      "attachments" : [ ],
      "parameters" : [ ],
      "stepsCount" : 0,
      "attachmentsCount" : 0,
      "shouldDisplayMessage" : false,
      "hasContent" : false
    }, {
      "name" : "When enter \"+70000000000\" in phone field in \"1 section\"",
      "time" : {
        "start" : 1650166779216,
        "stop" : 1650166779216,
        "duration" : 0
      },
      "status" : "skipped",
      "steps" : [ ],
      "attachments" : [ ],
      "parameters" : [ ],
      "stepsCount" : 0,
      "attachmentsCount" : 0,
      "shouldDisplayMessage" : false,
      "hasContent" : false
    }, {
      "name" : "When enter \"test_automation_comment\" in message field in \"1 section\"",
      "time" : {
        "start" : 1650166779216,
        "stop" : 1650166779216,
        "duration" : 0
      },
      "status" : "skipped",
      "steps" : [ ],
      "attachments" : [ ],
      "parameters" : [ ],
      "stepsCount" : 0,
      "attachmentsCount" : 0,
      "shouldDisplayMessage" : false,
      "hasContent" : false
    }, {
      "name" : "When click on send button in \"1 section\"",
      "time" : {
        "start" : 1650166779216,
        "stop" : 1650166779216,
        "duration" : 0
      },
      "status" : "skipped",
      "steps" : [ ],
      "attachments" : [ ],
      "parameters" : [ ],
      "stepsCount" : 0,
      "attachmentsCount" : 0,
      "shouldDisplayMessage" : false,
      "hasContent" : false
    }, {
      "name" : "Then email with \"generated_test_automation_email_dialog_steel\" contains \"Тема: Запрос от test_automation_company_name;[PHONE]: +7 (000) 000-00-00;[EMAIL]: automation.emk@gmail.com;[BODY]: test_automation_comment\" in 900 sec",
      "time" : {
        "start" : 1650166779216,
        "stop" : 1650166779216,
        "duration" : 0
      },
      "status" : "skipped",
      "steps" : [ ],
      "attachments" : [ ],
      "parameters" : [ ],
      "stepsCount" : 0,
      "attachmentsCount" : 0,
      "shouldDisplayMessage" : false,
      "hasContent" : false
    }, {
      "name" : "Given open emksteel.ru page",
      "time" : {
        "start" : 1650166779216,
        "stop" : 1650166779217,
        "duration" : 1
      },
      "status" : "broken",
      "statusMessage" : "selenium.common.exceptions.WebDriverException: Message: unknown error: net::ERR_CONNECTION_REFUSED\n  (Session info: headless chrome=100.0.4896.75)\n\n",
      "statusTrace" : "  File \"/opt/hostedtoolcache/Python/3.9.12/x64/lib/python3.9/site-packages/behave/model.py\", line 1806, in run\n    match.run(runner.context)\n  File \"/opt/hostedtoolcache/Python/3.9.12/x64/lib/python3.9/site-packages/behave/matchers.py\", line 97, in run\n    self.func(context, *args, **kwargs)\n  File \"features/steps/basic_steps.py\", line 86, in open_page\n    open_url(context, page_name)\n  File \"features/steps/basic_steps.py\", line 80, in open_url\n    context.driver.get(url) if url.startswith('http') else context.driver.get(f'https://{url}')\n  File \"/opt/hostedtoolcache/Python/3.9.12/x64/lib/python3.9/site-packages/selenium/webdriver/remote/webdriver.py\", line 333, in get\n    self.execute(Command.GET, {'url': url})\n  File \"/opt/hostedtoolcache/Python/3.9.12/x64/lib/python3.9/site-packages/selenium/webdriver/remote/webdriver.py\", line 321, in execute\n    self.error_handler.check_response(response)\n  File \"/opt/hostedtoolcache/Python/3.9.12/x64/lib/python3.9/site-packages/selenium/webdriver/remote/errorhandler.py\", line 242, in check_response\n    raise exception_class(message, screen, stacktrace)\n",
      "steps" : [ ],
      "attachments" : [ ],
      "parameters" : [ ],
      "stepsCount" : 0,
      "attachmentsCount" : 0,
      "shouldDisplayMessage" : true,
      "hasContent" : true
    }, {
      "name" : "When enter \"test_automation_comment_leave_order\" in message field in \"1 section\"",
      "time" : {
        "start" : 1650166779217,
        "stop" : 1650166779217,
        "duration" : 0
      },
      "status" : "skipped",
      "steps" : [ ],
      "attachments" : [ ],
      "parameters" : [ ],
      "stepsCount" : 0,
      "attachmentsCount" : 0,
      "shouldDisplayMessage" : false,
      "hasContent" : false
    }, {
      "name" : "When click on more info button",
      "time" : {
        "start" : 1650166779217,
        "stop" : 1650166779217,
        "duration" : 0
      },
      "status" : "skipped",
      "steps" : [ ],
      "attachments" : [ ],
      "parameters" : [ ],
      "stepsCount" : 0,
      "attachmentsCount" : 0,
      "shouldDisplayMessage" : false,
      "hasContent" : false
    }, {
      "name" : "When wait 1 sec",
      "time" : {
        "start" : 1650166779217,
        "stop" : 1650166779217,
        "duration" : 0
      },
      "status" : "skipped",
      "steps" : [ ],
      "attachments" : [ ],
      "parameters" : [ ],
      "stepsCount" : 0,
      "attachmentsCount" : 0,
      "shouldDisplayMessage" : false,
      "hasContent" : false
    }, {
      "name" : "When enter \"generated_test_automation_email_dialog_steel\" in name field in \"1 section\"",
      "time" : {
        "start" : 1650166779217,
        "stop" : 1650166779217,
        "duration" : 0
      },
      "status" : "skipped",
      "steps" : [ ],
      "attachments" : [ ],
      "parameters" : [ ],
      "stepsCount" : 0,
      "attachmentsCount" : 0,
      "shouldDisplayMessage" : false,
      "hasContent" : false
    }, {
      "name" : "When enter \"test_automation_company_name\" in company name field in \"1 section\"",
      "time" : {
        "start" : 1650166779217,
        "stop" : 1650166779217,
        "duration" : 0
      },
      "status" : "skipped",
      "steps" : [ ],
      "attachments" : [ ],
      "parameters" : [ ],
      "stepsCount" : 0,
      "attachmentsCount" : 0,
      "shouldDisplayMessage" : false,
      "hasContent" : false
    }, {
      "name" : "When enter \"automation.emk@gmail.com\" in email field in \"1 section\"",
      "time" : {
        "start" : 1650166779217,
        "stop" : 1650166779217,
        "duration" : 0
      },
      "status" : "skipped",
      "steps" : [ ],
      "attachments" : [ ],
      "parameters" : [ ],
      "stepsCount" : 0,
      "attachmentsCount" : 0,
      "shouldDisplayMessage" : false,
      "hasContent" : false
    }, {
      "name" : "When enter \"+70000000000\" in phone field in \"1 section\"",
      "time" : {
        "start" : 1650166779217,
        "stop" : 1650166779217,
        "duration" : 0
      },
      "status" : "skipped",
      "steps" : [ ],
      "attachments" : [ ],
      "parameters" : [ ],
      "stepsCount" : 0,
      "attachmentsCount" : 0,
      "shouldDisplayMessage" : false,
      "hasContent" : false
    }, {
      "name" : "When enter \"test_automation_comment\" in message field in \"1 section\"",
      "time" : {
        "start" : 1650166779217,
        "stop" : 1650166779217,
        "duration" : 0
      },
      "status" : "skipped",
      "steps" : [ ],
      "attachments" : [ ],
      "parameters" : [ ],
      "stepsCount" : 0,
      "attachmentsCount" : 0,
      "shouldDisplayMessage" : false,
      "hasContent" : false
    }, {
      "name" : "When click on send button in \"1 section\"",
      "time" : {
        "start" : 1650166779217,
        "stop" : 1650166779217,
        "duration" : 0
      },
      "status" : "skipped",
      "steps" : [ ],
      "attachments" : [ ],
      "parameters" : [ ],
      "stepsCount" : 0,
      "attachmentsCount" : 0,
      "shouldDisplayMessage" : false,
      "hasContent" : false
    }, {
      "name" : "Then email with \"generated_test_automation_email_dialog_steel\" contains \"Тема: Запрос от test_automation_company_name;[PHONE]: +7 (000) 000-00-00;[EMAIL]: automation.emk@gmail.com;[BODY]: test_automation_comment\" in 900 sec",
      "time" : {
        "start" : 1650166779217,
        "stop" : 1650166779217,
        "duration" : 0
      },
      "status" : "skipped",
      "steps" : [ ],
      "attachments" : [ ],
      "parameters" : [ ],
      "stepsCount" : 0,
      "attachmentsCount" : 0,
      "shouldDisplayMessage" : false,
      "hasContent" : false
    } ],
    "attachments" : [ ],
    "parameters" : [ ],
    "stepsCount" : 22,
    "attachmentsCount" : 2,
    "shouldDisplayMessage" : false,
    "hasContent" : true
  },
  "afterStages" : [ ],
  "labels" : [ {
    "name" : "severity",
    "value" : "normal"
  }, {
    "name" : "tag",
    "value" : "regression"
  }, {
    "name" : "feature",
    "value" : "Проверка сайта emksteel.ru"
  }, {
    "name" : "framework",
    "value" : "behave"
  }, {
    "name" : "language",
    "value" : "cpython3"
  }, {
    "name" : "resultFormat",
    "value" : "allure2"
  } ],
  "parameters" : [ {
    "name" : "button",
    "value" : "more info button"
  } ],
  "links" : [ ],
  "hidden" : false,
  "retry" : false,
  "extra" : {
    "severity" : "normal",
    "retries" : [ ],
    "categories" : [ {
      "name" : "Test defects",
      "matchedStatuses" : [ ],
      "flaky" : false
    } ],
    "history" : {
      "statistic" : {
        "failed" : 0,
        "broken" : 4,
        "skipped" : 0,
        "passed" : 39,
        "unknown" : 0,
        "total" : 43
      },
      "items" : [ {
        "uid" : "1a7470ba268636b4",
        "reportUrl" : "https://one-focus.github.io/popup-auto/69//#testresult/1a7470ba268636b4",
        "status" : "broken",
        "statusDetails" : "selenium.common.exceptions.WebDriverException: Message: unknown error: net::ERR_CONNECTION_REFUSED\n  (Session info: headless chrome=100.0.4896.75)\n\n",
        "time" : {
          "start" : 1650079831641,
          "stop" : 1650079832861,
          "duration" : 1220
        }
      }, {
        "uid" : "21965a81fc3e98a1",
        "reportUrl" : "https://one-focus.github.io/popup-auto/68//#testresult/21965a81fc3e98a1",
        "status" : "passed",
        "time" : {
          "start" : 1649996527388,
          "stop" : 1649996722729,
          "duration" : 195341
        }
      }, {
        "uid" : "926153e5323865dc",
        "reportUrl" : "https://one-focus.github.io/popup-auto/67//#testresult/926153e5323865dc",
        "status" : "passed",
        "time" : {
          "start" : 1649907952274,
          "stop" : 1649908056766,
          "duration" : 104492
        }
      }, {
        "uid" : "adff59f74f2ba266",
        "reportUrl" : "https://one-focus.github.io/popup-auto/66//#testresult/adff59f74f2ba266",
        "status" : "passed",
        "time" : {
          "start" : 1649831711118,
          "stop" : 1649831815271,
          "duration" : 104153
        }
      }, {
        "uid" : "55057d623469f8c0",
        "reportUrl" : "https://one-focus.github.io/popup-auto/65//#testresult/55057d623469f8c0",
        "status" : "passed",
        "time" : {
          "start" : 1649735395597,
          "stop" : 1649735499204,
          "duration" : 103607
        }
      }, {
        "uid" : "ebd724249645684b",
        "reportUrl" : "https://one-focus.github.io/popup-auto/64//#testresult/ebd724249645684b",
        "status" : "passed",
        "time" : {
          "start" : 1649648988082,
          "stop" : 1649649001707,
          "duration" : 13625
        }
      }, {
        "uid" : "103baef3bdf7039f",
        "reportUrl" : "https://one-focus.github.io/popup-auto/63//#testresult/103baef3bdf7039f",
        "status" : "passed",
        "time" : {
          "start" : 1649561921829,
          "stop" : 1649561935163,
          "duration" : 13334
        }
      }, {
        "uid" : "e1899943090cf44e",
        "reportUrl" : "https://one-focus.github.io/popup-auto/62//#testresult/e1899943090cf44e",
        "status" : "passed",
        "time" : {
          "start" : 1649475481793,
          "stop" : 1649475765994,
          "duration" : 284201
        }
      }, {
        "uid" : "d8a20060a62500c8",
        "reportUrl" : "https://one-focus.github.io/popup-auto/61//#testresult/d8a20060a62500c8",
        "status" : "passed",
        "time" : {
          "start" : 1649389218449,
          "stop" : 1649389502469,
          "duration" : 284020
        }
      }, {
        "uid" : "4e09266352d874e6",
        "reportUrl" : "https://one-focus.github.io/popup-auto/60//#testresult/4e09266352d874e6",
        "status" : "passed",
        "time" : {
          "start" : 1649324998936,
          "stop" : 1649325012629,
          "duration" : 13693
        }
      }, {
        "uid" : "4a25357fa28f675b",
        "reportUrl" : "https://one-focus.github.io/popup-auto/59//#testresult/4a25357fa28f675b",
        "status" : "passed",
        "time" : {
          "start" : 1649303080992,
          "stop" : 1649303094510,
          "duration" : 13518
        }
      }, {
        "uid" : "44fcb5a2ef169a8",
        "reportUrl" : "https://one-focus.github.io/popup-auto/58//#testresult/44fcb5a2ef169a8",
        "status" : "passed",
        "time" : {
          "start" : 1649216247547,
          "stop" : 1649216261377,
          "duration" : 13830
        }
      }, {
        "uid" : "47df4794b319b0c5",
        "reportUrl" : "https://one-focus.github.io/popup-auto/57//#testresult/47df4794b319b0c5",
        "status" : "passed",
        "time" : {
          "start" : 1649163384537,
          "stop" : 1649163488177,
          "duration" : 103640
        }
      }, {
        "uid" : "676afef50510709e",
        "reportUrl" : "https://one-focus.github.io/popup-auto/56//#testresult/676afef50510709e",
        "status" : "passed",
        "time" : {
          "start" : 1649144349041,
          "stop" : 1649144724622,
          "duration" : 375581
        }
      }, {
        "uid" : "7503ed55d2fad271",
        "reportUrl" : "https://one-focus.github.io/popup-auto/55//#testresult/7503ed55d2fad271",
        "status" : "passed",
        "time" : {
          "start" : 1649043879765,
          "stop" : 1649043983101,
          "duration" : 103336
        }
      }, {
        "uid" : "36aa0eff208ccae3",
        "reportUrl" : "https://one-focus.github.io/popup-auto/54//#testresult/36aa0eff208ccae3",
        "status" : "passed",
        "time" : {
          "start" : 1648957110711,
          "stop" : 1648957395168,
          "duration" : 284457
        }
      }, {
        "uid" : "9bda3fdfa7334a67",
        "reportUrl" : "https://one-focus.github.io/popup-auto/53//#testresult/9bda3fdfa7334a67",
        "status" : "passed",
        "time" : {
          "start" : 1648871226737,
          "stop" : 1648871691168,
          "duration" : 464431
        }
      }, {
        "uid" : "1d0a86c4da965e6e",
        "reportUrl" : "https://one-focus.github.io/popup-auto/52//#testresult/1d0a86c4da965e6e",
        "status" : "passed",
        "time" : {
          "start" : 1648785564818,
          "stop" : 1648785848393,
          "duration" : 283575
        }
      }, {
        "uid" : "78d74063d3b3263f",
        "reportUrl" : "https://one-focus.github.io/popup-auto/51//#testresult/78d74063d3b3263f",
        "status" : "passed",
        "time" : {
          "start" : 1648697834329,
          "stop" : 1648697848186,
          "duration" : 13857
        }
      }, {
        "uid" : "9203ee6691998173",
        "reportUrl" : "https://one-focus.github.io/popup-auto/50//#testresult/9203ee6691998173",
        "status" : "passed",
        "time" : {
          "start" : 1648611642868,
          "stop" : 1648611656336,
          "duration" : 13468
        }
      } ]
    },
    "tags" : [ "regression" ]
  },
  "source" : "83f3b587f1c774b.json",
  "parameterValues" : [ "more info button" ]
}