{
  "uid" : "b41ce86efa75e9e3",
  "name" : "emksteel.ru оставить заявку",
  "fullName" : "Проверка сайта emksteel.ru: emksteel.ru оставить заявку",
  "historyId" : "cddf80a5e4a79bf2ec14fa664c4d7c7b",
  "time" : {
    "start" : 1650166780707,
    "stop" : 1650166785287,
    "duration" : 4580
  },
  "status" : "broken",
  "statusMessage" : "selenium.common.exceptions.WebDriverException: Message: unknown error: net::ERR_CONNECTION_REFUSED\n  (Session info: headless chrome=100.0.4896.75)\n\n",
  "statusTrace" : "  File \"/opt/hostedtoolcache/Python/3.9.12/x64/lib/python3.9/site-packages/behave/model.py\", line 1806, in run\n    match.run(runner.context)\n  File \"/opt/hostedtoolcache/Python/3.9.12/x64/lib/python3.9/site-packages/behave/matchers.py\", line 97, in run\n    self.func(context, *args, **kwargs)\n  File \"features/steps/basic_steps.py\", line 86, in open_page\n    open_url(context, page_name)\n  File \"features/steps/basic_steps.py\", line 80, in open_url\n    context.driver.get(url) if url.startswith('http') else context.driver.get(f'https://{url}')\n  File \"/opt/hostedtoolcache/Python/3.9.12/x64/lib/python3.9/site-packages/selenium/webdriver/remote/webdriver.py\", line 333, in get\n    self.execute(Command.GET, {'url': url})\n  File \"/opt/hostedtoolcache/Python/3.9.12/x64/lib/python3.9/site-packages/selenium/webdriver/remote/webdriver.py\", line 321, in execute\n    self.error_handler.check_response(response)\n  File \"/opt/hostedtoolcache/Python/3.9.12/x64/lib/python3.9/site-packages/selenium/webdriver/remote/errorhandler.py\", line 242, in check_response\n    raise exception_class(message, screen, stacktrace)\n",
  "flaky" : false,
  "newFailed" : false,
  "beforeStages" : [ ],
  "testStage" : {
    "status" : "broken",
    "statusMessage" : "selenium.common.exceptions.WebDriverException: Message: unknown error: net::ERR_CONNECTION_REFUSED\n  (Session info: headless chrome=100.0.4896.75)\n\n",
    "statusTrace" : "  File \"/opt/hostedtoolcache/Python/3.9.12/x64/lib/python3.9/site-packages/behave/model.py\", line 1806, in run\n    match.run(runner.context)\n  File \"/opt/hostedtoolcache/Python/3.9.12/x64/lib/python3.9/site-packages/behave/matchers.py\", line 97, in run\n    self.func(context, *args, **kwargs)\n  File \"features/steps/basic_steps.py\", line 86, in open_page\n    open_url(context, page_name)\n  File \"features/steps/basic_steps.py\", line 80, in open_url\n    context.driver.get(url) if url.startswith('http') else context.driver.get(f'https://{url}')\n  File \"/opt/hostedtoolcache/Python/3.9.12/x64/lib/python3.9/site-packages/selenium/webdriver/remote/webdriver.py\", line 333, in get\n    self.execute(Command.GET, {'url': url})\n  File \"/opt/hostedtoolcache/Python/3.9.12/x64/lib/python3.9/site-packages/selenium/webdriver/remote/webdriver.py\", line 321, in execute\n    self.error_handler.check_response(response)\n  File \"/opt/hostedtoolcache/Python/3.9.12/x64/lib/python3.9/site-packages/selenium/webdriver/remote/errorhandler.py\", line 242, in check_response\n    raise exception_class(message, screen, stacktrace)\n",
    "steps" : [ {
      "name" : "Given open emksteel.ru page",
      "time" : {
        "start" : 1650166780712,
        "stop" : 1650166784443,
        "duration" : 3731
      },
      "status" : "broken",
      "statusMessage" : "selenium.common.exceptions.WebDriverException: Message: unknown error: net::ERR_CONNECTION_REFUSED\n  (Session info: headless chrome=100.0.4896.75)\n\n",
      "statusTrace" : "  File \"/opt/hostedtoolcache/Python/3.9.12/x64/lib/python3.9/site-packages/behave/model.py\", line 1806, in run\n    match.run(runner.context)\n  File \"/opt/hostedtoolcache/Python/3.9.12/x64/lib/python3.9/site-packages/behave/matchers.py\", line 97, in run\n    self.func(context, *args, **kwargs)\n  File \"features/steps/basic_steps.py\", line 86, in open_page\n    open_url(context, page_name)\n  File \"features/steps/basic_steps.py\", line 80, in open_url\n    context.driver.get(url) if url.startswith('http') else context.driver.get(f'https://{url}')\n  File \"/opt/hostedtoolcache/Python/3.9.12/x64/lib/python3.9/site-packages/selenium/webdriver/remote/webdriver.py\", line 333, in get\n    self.execute(Command.GET, {'url': url})\n  File \"/opt/hostedtoolcache/Python/3.9.12/x64/lib/python3.9/site-packages/selenium/webdriver/remote/webdriver.py\", line 321, in execute\n    self.error_handler.check_response(response)\n  File \"/opt/hostedtoolcache/Python/3.9.12/x64/lib/python3.9/site-packages/selenium/webdriver/remote/errorhandler.py\", line 242, in check_response\n    raise exception_class(message, screen, stacktrace)\n",
      "steps" : [ ],
      "attachments" : [ {
        "uid" : "3ab053cec2f7da8",
        "name" : "screenshot",
        "source" : "3ab053cec2f7da8.png",
        "type" : "image/png",
        "size" : 10592
      } ],
      "parameters" : [ ],
      "stepsCount" : 0,
      "attachmentsCount" : 1,
      "shouldDisplayMessage" : true,
      "hasContent" : true
    }, {
      "name" : "When enter \"generated_test_automation_email_steel\" in name field in \"1 section\"",
      "time" : {
        "start" : 1650166784450,
        "stop" : 1650166785286,
        "duration" : 836
      },
      "status" : "broken",
      "statusMessage" : "selenium.common.exceptions.WebDriverException: Message: unknown error: net::ERR_CONNECTION_REFUSED\n  (Session info: headless chrome=100.0.4896.75)\n\n",
      "statusTrace" : "  File \"/opt/hostedtoolcache/Python/3.9.12/x64/lib/python3.9/site-packages/behave/model.py\", line 1806, in run\n    match.run(runner.context)\n  File \"/opt/hostedtoolcache/Python/3.9.12/x64/lib/python3.9/site-packages/behave/matchers.py\", line 97, in run\n    self.func(context, *args, **kwargs)\n  File \"features/steps/basic_steps.py\", line 86, in open_page\n    open_url(context, page_name)\n  File \"features/steps/basic_steps.py\", line 80, in open_url\n    context.driver.get(url) if url.startswith('http') else context.driver.get(f'https://{url}')\n  File \"/opt/hostedtoolcache/Python/3.9.12/x64/lib/python3.9/site-packages/selenium/webdriver/remote/webdriver.py\", line 333, in get\n    self.execute(Command.GET, {'url': url})\n  File \"/opt/hostedtoolcache/Python/3.9.12/x64/lib/python3.9/site-packages/selenium/webdriver/remote/webdriver.py\", line 321, in execute\n    self.error_handler.check_response(response)\n  File \"/opt/hostedtoolcache/Python/3.9.12/x64/lib/python3.9/site-packages/selenium/webdriver/remote/errorhandler.py\", line 242, in check_response\n    raise exception_class(message, screen, stacktrace)\n",
      "steps" : [ ],
      "attachments" : [ {
        "uid" : "12f7419bf8afb759",
        "name" : "screenshot",
        "source" : "12f7419bf8afb759.png",
        "type" : "image/png",
        "size" : 10592
      } ],
      "parameters" : [ ],
      "stepsCount" : 0,
      "attachmentsCount" : 1,
      "shouldDisplayMessage" : true,
      "hasContent" : true
    }, {
      "name" : "When enter \"test_automation_company_name\" in company name field in \"1 section\"",
      "time" : {
        "start" : 1650166785287,
        "stop" : 1650166785287,
        "duration" : 0
      },
      "status" : "skipped",
      "steps" : [ ],
      "attachments" : [ ],
      "parameters" : [ ],
      "stepsCount" : 0,
      "attachmentsCount" : 0,
      "shouldDisplayMessage" : false,
      "hasContent" : false
    }, {
      "name" : "When enter \"automation.emk@gmail.com\" in email field in \"1 section\"",
      "time" : {
        "start" : 1650166785287,
        "stop" : 1650166785287,
        "duration" : 0
      },
      "status" : "skipped",
      "steps" : [ ],
      "attachments" : [ ],
      "parameters" : [ ],
      "stepsCount" : 0,
      "attachmentsCount" : 0,
      "shouldDisplayMessage" : false,
      "hasContent" : false
    }, {
      "name" : "When enter \"+70000000000\" in phone field in \"1 section\"",
      "time" : {
        "start" : 1650166785287,
        "stop" : 1650166785287,
        "duration" : 0
      },
      "status" : "skipped",
      "steps" : [ ],
      "attachments" : [ ],
      "parameters" : [ ],
      "stepsCount" : 0,
      "attachmentsCount" : 0,
      "shouldDisplayMessage" : false,
      "hasContent" : false
    }, {
      "name" : "When enter \"test_automation_comment\" in message field in \"1 section\"",
      "time" : {
        "start" : 1650166785287,
        "stop" : 1650166785287,
        "duration" : 0
      },
      "status" : "skipped",
      "steps" : [ ],
      "attachments" : [ ],
      "parameters" : [ ],
      "stepsCount" : 0,
      "attachmentsCount" : 0,
      "shouldDisplayMessage" : false,
      "hasContent" : false
    }, {
      "name" : "When click on send button in \"1 section\"",
      "time" : {
        "start" : 1650166785287,
        "stop" : 1650166785287,
        "duration" : 0
      },
      "status" : "skipped",
      "steps" : [ ],
      "attachments" : [ ],
      "parameters" : [ ],
      "stepsCount" : 0,
      "attachmentsCount" : 0,
      "shouldDisplayMessage" : false,
      "hasContent" : false
    }, {
      "name" : "Then email with \"generated_test_automation_email_steel\" contains \"Тема: Запрос от test_automation_company_name;[PHONE]: +7 (000) 000-00-00;[EMAIL]: automation.emk@gmail.com;[BODY]: test_automation_comment\" in 900 sec",
      "time" : {
        "start" : 1650166785287,
        "stop" : 1650166785287,
        "duration" : 0
      },
      "status" : "skipped",
      "steps" : [ ],
      "attachments" : [ ],
      "parameters" : [ ],
      "stepsCount" : 0,
      "attachmentsCount" : 0,
      "shouldDisplayMessage" : false,
      "hasContent" : false
    }, {
      "name" : "Given open emksteel.ru page",
      "time" : {
        "start" : 1650166785287,
        "stop" : 1650166785287,
        "duration" : 0
      },
      "status" : "broken",
      "statusMessage" : "selenium.common.exceptions.WebDriverException: Message: unknown error: net::ERR_CONNECTION_REFUSED\n  (Session info: headless chrome=100.0.4896.75)\n\n",
      "statusTrace" : "  File \"/opt/hostedtoolcache/Python/3.9.12/x64/lib/python3.9/site-packages/behave/model.py\", line 1806, in run\n    match.run(runner.context)\n  File \"/opt/hostedtoolcache/Python/3.9.12/x64/lib/python3.9/site-packages/behave/matchers.py\", line 97, in run\n    self.func(context, *args, **kwargs)\n  File \"features/steps/basic_steps.py\", line 86, in open_page\n    open_url(context, page_name)\n  File \"features/steps/basic_steps.py\", line 80, in open_url\n    context.driver.get(url) if url.startswith('http') else context.driver.get(f'https://{url}')\n  File \"/opt/hostedtoolcache/Python/3.9.12/x64/lib/python3.9/site-packages/selenium/webdriver/remote/webdriver.py\", line 333, in get\n    self.execute(Command.GET, {'url': url})\n  File \"/opt/hostedtoolcache/Python/3.9.12/x64/lib/python3.9/site-packages/selenium/webdriver/remote/webdriver.py\", line 321, in execute\n    self.error_handler.check_response(response)\n  File \"/opt/hostedtoolcache/Python/3.9.12/x64/lib/python3.9/site-packages/selenium/webdriver/remote/errorhandler.py\", line 242, in check_response\n    raise exception_class(message, screen, stacktrace)\n",
      "steps" : [ ],
      "attachments" : [ ],
      "parameters" : [ ],
      "stepsCount" : 0,
      "attachmentsCount" : 0,
      "shouldDisplayMessage" : true,
      "hasContent" : true
    }, {
      "name" : "When enter \"generated_test_automation_email_steel\" in name field in \"1 section\"",
      "time" : {
        "start" : 1650166785287,
        "stop" : 1650166785287,
        "duration" : 0
      },
      "status" : "skipped",
      "steps" : [ ],
      "attachments" : [ ],
      "parameters" : [ ],
      "stepsCount" : 0,
      "attachmentsCount" : 0,
      "shouldDisplayMessage" : false,
      "hasContent" : false
    }, {
      "name" : "When enter \"test_automation_company_name\" in company name field in \"1 section\"",
      "time" : {
        "start" : 1650166785287,
        "stop" : 1650166785287,
        "duration" : 0
      },
      "status" : "skipped",
      "steps" : [ ],
      "attachments" : [ ],
      "parameters" : [ ],
      "stepsCount" : 0,
      "attachmentsCount" : 0,
      "shouldDisplayMessage" : false,
      "hasContent" : false
    }, {
      "name" : "When enter \"automation.emk@gmail.com\" in email field in \"1 section\"",
      "time" : {
        "start" : 1650166785287,
        "stop" : 1650166785287,
        "duration" : 0
      },
      "status" : "skipped",
      "steps" : [ ],
      "attachments" : [ ],
      "parameters" : [ ],
      "stepsCount" : 0,
      "attachmentsCount" : 0,
      "shouldDisplayMessage" : false,
      "hasContent" : false
    }, {
      "name" : "When enter \"+70000000000\" in phone field in \"1 section\"",
      "time" : {
        "start" : 1650166785287,
        "stop" : 1650166785287,
        "duration" : 0
      },
      "status" : "skipped",
      "steps" : [ ],
      "attachments" : [ ],
      "parameters" : [ ],
      "stepsCount" : 0,
      "attachmentsCount" : 0,
      "shouldDisplayMessage" : false,
      "hasContent" : false
    }, {
      "name" : "When enter \"test_automation_comment\" in message field in \"1 section\"",
      "time" : {
        "start" : 1650166785287,
        "stop" : 1650166785287,
        "duration" : 0
      },
      "status" : "skipped",
      "steps" : [ ],
      "attachments" : [ ],
      "parameters" : [ ],
      "stepsCount" : 0,
      "attachmentsCount" : 0,
      "shouldDisplayMessage" : false,
      "hasContent" : false
    }, {
      "name" : "When click on send button in \"1 section\"",
      "time" : {
        "start" : 1650166785287,
        "stop" : 1650166785287,
        "duration" : 0
      },
      "status" : "skipped",
      "steps" : [ ],
      "attachments" : [ ],
      "parameters" : [ ],
      "stepsCount" : 0,
      "attachmentsCount" : 0,
      "shouldDisplayMessage" : false,
      "hasContent" : false
    }, {
      "name" : "Then email with \"generated_test_automation_email_steel\" contains \"Тема: Запрос от test_automation_company_name;[PHONE]: +7 (000) 000-00-00;[EMAIL]: automation.emk@gmail.com;[BODY]: test_automation_comment\" in 900 sec",
      "time" : {
        "start" : 1650166785287,
        "stop" : 1650166785287,
        "duration" : 0
      },
      "status" : "skipped",
      "steps" : [ ],
      "attachments" : [ ],
      "parameters" : [ ],
      "stepsCount" : 0,
      "attachmentsCount" : 0,
      "shouldDisplayMessage" : false,
      "hasContent" : false
    } ],
    "attachments" : [ ],
    "parameters" : [ ],
    "stepsCount" : 16,
    "attachmentsCount" : 2,
    "shouldDisplayMessage" : false,
    "hasContent" : true
  },
  "afterStages" : [ ],
  "labels" : [ {
    "name" : "severity",
    "value" : "normal"
  }, {
    "name" : "tag",
    "value" : "regression"
  }, {
    "name" : "feature",
    "value" : "Проверка сайта emksteel.ru"
  }, {
    "name" : "framework",
    "value" : "behave"
  }, {
    "name" : "language",
    "value" : "cpython3"
  }, {
    "name" : "resultFormat",
    "value" : "allure2"
  } ],
  "parameters" : [ ],
  "links" : [ ],
  "hidden" : false,
  "retry" : false,
  "extra" : {
    "severity" : "normal",
    "retries" : [ ],
    "categories" : [ {
      "name" : "Test defects",
      "matchedStatuses" : [ ],
      "flaky" : false
    } ],
    "history" : {
      "statistic" : {
        "failed" : 0,
        "broken" : 4,
        "skipped" : 0,
        "passed" : 39,
        "unknown" : 0,
        "total" : 43
      },
      "items" : [ {
        "uid" : "552264247ff49f4e",
        "reportUrl" : "https://one-focus.github.io/popup-auto/69//#testresult/552264247ff49f4e",
        "status" : "broken",
        "statusDetails" : "selenium.common.exceptions.WebDriverException: Message: unknown error: net::ERR_CONNECTION_REFUSED\n  (Session info: headless chrome=100.0.4896.75)\n\n",
        "time" : {
          "start" : 1650079834076,
          "stop" : 1650079838280,
          "duration" : 4204
        }
      }, {
        "uid" : "2f797f2598c0d8c9",
        "reportUrl" : "https://one-focus.github.io/popup-auto/68//#testresult/2f797f2598c0d8c9",
        "status" : "passed",
        "time" : {
          "start" : 1649996737557,
          "stop" : 1649996839060,
          "duration" : 101503
        }
      }, {
        "uid" : "6ca574505b61cacf",
        "reportUrl" : "https://one-focus.github.io/popup-auto/67//#testresult/6ca574505b61cacf",
        "status" : "passed",
        "time" : {
          "start" : 1649908070875,
          "stop" : 1649908081980,
          "duration" : 11105
        }
      }, {
        "uid" : "e7d708ce9af41c12",
        "reportUrl" : "https://one-focus.github.io/popup-auto/66//#testresult/e7d708ce9af41c12",
        "status" : "passed",
        "time" : {
          "start" : 1649831829366,
          "stop" : 1649831930309,
          "duration" : 100943
        }
      }, {
        "uid" : "a020b8c19a86ad6f",
        "reportUrl" : "https://one-focus.github.io/popup-auto/65//#testresult/a020b8c19a86ad6f",
        "status" : "passed",
        "time" : {
          "start" : 1649735512857,
          "stop" : 1649735523484,
          "duration" : 10627
        }
      }, {
        "uid" : "6e4b0e0bf7903e78",
        "reportUrl" : "https://one-focus.github.io/popup-auto/64//#testresult/6e4b0e0bf7903e78",
        "status" : "passed",
        "time" : {
          "start" : 1649649015654,
          "stop" : 1649649026715,
          "duration" : 11061
        }
      }, {
        "uid" : "bbaef3a388cddff9",
        "reportUrl" : "https://one-focus.github.io/popup-auto/63//#testresult/bbaef3a388cddff9",
        "status" : "passed",
        "time" : {
          "start" : 1649562038817,
          "stop" : 1649562050181,
          "duration" : 11364
        }
      }, {
        "uid" : "33a3c81700cdaadb",
        "reportUrl" : "https://one-focus.github.io/popup-auto/62//#testresult/33a3c81700cdaadb",
        "status" : "passed",
        "time" : {
          "start" : 1649475960517,
          "stop" : 1649475971791,
          "duration" : 11274
        }
      }, {
        "uid" : "98d6df4140612a8f",
        "reportUrl" : "https://one-focus.github.io/popup-auto/61//#testresult/98d6df4140612a8f",
        "status" : "passed",
        "time" : {
          "start" : 1649389606822,
          "stop" : 1649389618180,
          "duration" : 11358
        }
      }, {
        "uid" : "55476f55c5ccb8e1",
        "reportUrl" : "https://one-focus.github.io/popup-auto/60//#testresult/55476f55c5ccb8e1",
        "status" : "passed",
        "time" : {
          "start" : 1649325026212,
          "stop" : 1649325307690,
          "duration" : 281478
        }
      }, {
        "uid" : "7e9a3e80d1c90366",
        "reportUrl" : "https://one-focus.github.io/popup-auto/59//#testresult/7e9a3e80d1c90366",
        "status" : "passed",
        "time" : {
          "start" : 1649303198056,
          "stop" : 1649303209599,
          "duration" : 11543
        }
      }, {
        "uid" : "1a79a7b0bdbd4bff",
        "reportUrl" : "https://one-focus.github.io/popup-auto/58//#testresult/1a79a7b0bdbd4bff",
        "status" : "passed",
        "time" : {
          "start" : 1649216275512,
          "stop" : 1649216286753,
          "duration" : 11241
        }
      }, {
        "uid" : "878a598644cdef00",
        "reportUrl" : "https://one-focus.github.io/popup-auto/57//#testresult/878a598644cdef00",
        "status" : "passed",
        "time" : {
          "start" : 1649163682748,
          "stop" : 1649163874831,
          "duration" : 192083
        }
      }, {
        "uid" : "44d351cad70490ed",
        "reportUrl" : "https://one-focus.github.io/popup-auto/56//#testresult/44d351cad70490ed",
        "status" : "passed",
        "time" : {
          "start" : 1649144828887,
          "stop" : 1649145020732,
          "duration" : 191845
        }
      }, {
        "uid" : "c0ecf53aeae356aa",
        "reportUrl" : "https://one-focus.github.io/popup-auto/55//#testresult/c0ecf53aeae356aa",
        "status" : "passed",
        "time" : {
          "start" : 1649043996770,
          "stop" : 1649044007377,
          "duration" : 10607
        }
      }, {
        "uid" : "53bb1241af883c92",
        "reportUrl" : "https://one-focus.github.io/popup-auto/54//#testresult/53bb1241af883c92",
        "status" : "broken",
        "statusDetails" : "RuntimeError: Сообщение с текстом \"03.04.2022 06:43:31_test_automation_email_steel\" не пришло на почту в течение 900 секунд\n",
        "time" : {
          "start" : 1648957409414,
          "stop" : 1648958324476,
          "duration" : 915062
        }
      }, {
        "uid" : "61dc3be336303700",
        "reportUrl" : "https://one-focus.github.io/popup-auto/53//#testresult/61dc3be336303700",
        "status" : "passed",
        "time" : {
          "start" : 1648871885597,
          "stop" : 1648871987357,
          "duration" : 101760
        }
      }, {
        "uid" : "5950949b57daac84",
        "reportUrl" : "https://one-focus.github.io/popup-auto/52//#testresult/5950949b57daac84",
        "status" : "passed",
        "time" : {
          "start" : 1648786042436,
          "stop" : 1648786053663,
          "duration" : 11227
        }
      }, {
        "uid" : "85d865f084c534bc",
        "reportUrl" : "https://one-focus.github.io/popup-auto/51//#testresult/85d865f084c534bc",
        "status" : "passed",
        "time" : {
          "start" : 1648697952238,
          "stop" : 1648697964002,
          "duration" : 11764
        }
      }, {
        "uid" : "552920c09cfc84d1",
        "reportUrl" : "https://one-focus.github.io/popup-auto/50//#testresult/552920c09cfc84d1",
        "status" : "passed",
        "time" : {
          "start" : 1648612573599,
          "stop" : 1648612584916,
          "duration" : 11317
        }
      } ]
    },
    "tags" : [ "regression" ]
  },
  "source" : "b41ce86efa75e9e3.json",
  "parameterValues" : [ ]
}