{"uid":"320540104c18b014","name":"emk24 -- @1.2 ","fullName":"Проверка кнопки Заказать в 1 клик emk24: emk24","historyId":"ddec2eb586939d98763f1bce09eaf5e0","time":{"start":1658032265341,"stop":1658032297873,"duration":32532},"status":"broken","statusMessage":"selenium.common.exceptions.ElementNotInteractableException: Message: element not interactable\n  (Session info: headless chrome=103.0.5060.114)\n\n","statusTrace":"  File \"/opt/hostedtoolcache/Python/3.9.13/x64/lib/python3.9/site-packages/behave/model.py\", line 1806, in run\n    match.run(runner.context)\n  File \"/opt/hostedtoolcache/Python/3.9.13/x64/lib/python3.9/site-packages/behave/matchers.py\", line 97, in run\n    self.func(context, *args, **kwargs)\n  File \"features/steps/basic_steps.py\", line 54, in enter_in\n    context.current_page.type_in(field_name, text)\n  File \"/home/runner/work/popup-auto/popup-auto/features/pages/base_page.py\", line 39, in type_in\n    self.get_element(element_name).clear()\n  File \"/opt/hostedtoolcache/Python/3.9.13/x64/lib/python3.9/site-packages/selenium/webdriver/remote/webelement.py\", line 95, in clear\n    self._execute(Command.CLEAR_ELEMENT)\n  File \"/opt/hostedtoolcache/Python/3.9.13/x64/lib/python3.9/site-packages/selenium/webdriver/remote/webelement.py\", line 633, in _execute\n    return self._parent.execute(command, params)\n  File \"/opt/hostedtoolcache/Python/3.9.13/x64/lib/python3.9/site-packages/selenium/webdriver/remote/webdriver.py\", line 321, in execute\n    self.error_handler.check_response(response)\n  File \"/opt/hostedtoolcache/Python/3.9.13/x64/lib/python3.9/site-packages/selenium/webdriver/remote/errorhandler.py\", line 242, in check_response\n    raise exception_class(message, screen, stacktrace)\n","flaky":false,"newFailed":false,"newBroken":false,"newPassed":false,"retriesCount":0,"retriesStatusChange":false,"beforeStages":[],"testStage":{"status":"broken","statusMessage":"selenium.common.exceptions.ElementNotInteractableException: Message: element not interactable\n  (Session info: headless chrome=103.0.5060.114)\n\n","statusTrace":"  File \"/opt/hostedtoolcache/Python/3.9.13/x64/lib/python3.9/site-packages/behave/model.py\", line 1806, in run\n    match.run(runner.context)\n  File \"/opt/hostedtoolcache/Python/3.9.13/x64/lib/python3.9/site-packages/behave/matchers.py\", line 97, in run\n    self.func(context, *args, **kwargs)\n  File \"features/steps/basic_steps.py\", line 54, in enter_in\n    context.current_page.type_in(field_name, text)\n  File \"/home/runner/work/popup-auto/popup-auto/features/pages/base_page.py\", line 39, in type_in\n    self.get_element(element_name).clear()\n  File \"/opt/hostedtoolcache/Python/3.9.13/x64/lib/python3.9/site-packages/selenium/webdriver/remote/webelement.py\", line 95, in clear\n    self._execute(Command.CLEAR_ELEMENT)\n  File \"/opt/hostedtoolcache/Python/3.9.13/x64/lib/python3.9/site-packages/selenium/webdriver/remote/webelement.py\", line 633, in _execute\n    return self._parent.execute(command, params)\n  File \"/opt/hostedtoolcache/Python/3.9.13/x64/lib/python3.9/site-packages/selenium/webdriver/remote/webdriver.py\", line 321, in execute\n    self.error_handler.check_response(response)\n  File \"/opt/hostedtoolcache/Python/3.9.13/x64/lib/python3.9/site-packages/selenium/webdriver/remote/errorhandler.py\", line 242, in check_response\n    raise exception_class(message, screen, stacktrace)\n","steps":[{"name":"Given open emk24.by page","time":{"start":1658032265387,"stop":1658032266764,"duration":1377},"status":"passed","steps":[],"attachments":[],"parameters":[],"stepsCount":0,"attachmentsCount":0,"shouldDisplayMessage":false,"hasContent":false},{"name":"When click on order in 1 click button","time":{"start":1658032266764,"stop":1658032268642,"duration":1878},"status":"passed","steps":[],"attachments":[],"parameters":[],"stepsCount":0,"attachmentsCount":0,"shouldDisplayMessage":false,"hasContent":false},{"name":"When enter \"generated_test_automation_email_order_1_click\" in message field","time":{"start":1658032268642,"stop":1658032269318,"duration":676},"status":"passed","steps":[],"attachments":[],"parameters":[],"stepsCount":0,"attachmentsCount":0,"shouldDisplayMessage":false,"hasContent":false},{"name":"When click on Continue button","time":{"start":1658032269318,"stop":1658032270193,"duration":875},"status":"passed","steps":[],"attachments":[],"parameters":[],"stepsCount":0,"attachmentsCount":0,"shouldDisplayMessage":false,"hasContent":false},{"name":"When enter \"test_automation_user_name\" in name field","time":{"start":1658032270193,"stop":1658032282097,"duration":11904},"status":"broken","statusMessage":"selenium.common.exceptions.ElementNotInteractableException: Message: element not interactable\n  (Session info: headless chrome=103.0.5060.114)\n\n","statusTrace":"  File \"/opt/hostedtoolcache/Python/3.9.13/x64/lib/python3.9/site-packages/behave/model.py\", line 1806, in run\n    match.run(runner.context)\n  File \"/opt/hostedtoolcache/Python/3.9.13/x64/lib/python3.9/site-packages/behave/matchers.py\", line 97, in run\n    self.func(context, *args, **kwargs)\n  File \"features/steps/basic_steps.py\", line 54, in enter_in\n    context.current_page.type_in(field_name, text)\n  File \"/home/runner/work/popup-auto/popup-auto/features/pages/base_page.py\", line 39, in type_in\n    self.get_element(element_name).clear()\n  File \"/opt/hostedtoolcache/Python/3.9.13/x64/lib/python3.9/site-packages/selenium/webdriver/remote/webelement.py\", line 95, in clear\n    self._execute(Command.CLEAR_ELEMENT)\n  File \"/opt/hostedtoolcache/Python/3.9.13/x64/lib/python3.9/site-packages/selenium/webdriver/remote/webelement.py\", line 633, in _execute\n    return self._parent.execute(command, params)\n  File \"/opt/hostedtoolcache/Python/3.9.13/x64/lib/python3.9/site-packages/selenium/webdriver/remote/webdriver.py\", line 321, in execute\n    self.error_handler.check_response(response)\n  File \"/opt/hostedtoolcache/Python/3.9.13/x64/lib/python3.9/site-packages/selenium/webdriver/remote/errorhandler.py\", line 242, in check_response\n    raise exception_class(message, screen, stacktrace)\n","steps":[],"attachments":[{"uid":"4b92de846748b70","name":"screenshot","source":"4b92de846748b70.png","type":"image/png","size":327085}],"parameters":[],"stepsCount":0,"attachmentsCount":1,"shouldDisplayMessage":true,"hasContent":true},{"name":"When enter \"test_company_name\" in company field","time":{"start":1658032282144,"stop":1658032283044,"duration":900},"status":"passed","steps":[],"attachments":[],"parameters":[],"stepsCount":0,"attachmentsCount":0,"shouldDisplayMessage":false,"hasContent":false},{"name":"When enter \"+70000000000\" in phone field","time":{"start":1658032283044,"stop":1658032284768,"duration":1724},"status":"passed","steps":[],"attachments":[],"parameters":[],"stepsCount":0,"attachmentsCount":0,"shouldDisplayMessage":false,"hasContent":false},{"name":"When enter \"automation.emk@gmail.com\" in email field","time":{"start":1658032284768,"stop":1658032285433,"duration":665},"status":"passed","steps":[],"attachments":[],"parameters":[],"stepsCount":0,"attachmentsCount":0,"shouldDisplayMessage":false,"hasContent":false},{"name":"When click on Send button","time":{"start":1658032285433,"stop":1658032286306,"duration":873},"status":"passed","steps":[],"attachments":[],"parameters":[],"stepsCount":0,"attachmentsCount":0,"shouldDisplayMessage":false,"hasContent":false},{"name":"Then text \"Спасибо за заявку!\" is displayed","time":{"start":1658032286306,"stop":1658032297872,"duration":11566},"status":"broken","statusMessage":"selenium.common.exceptions.ElementNotInteractableException: Message: element not interactable\n  (Session info: headless chrome=103.0.5060.114)\n\n","statusTrace":"  File \"/opt/hostedtoolcache/Python/3.9.13/x64/lib/python3.9/site-packages/behave/model.py\", line 1806, in run\n    match.run(runner.context)\n  File \"/opt/hostedtoolcache/Python/3.9.13/x64/lib/python3.9/site-packages/behave/matchers.py\", line 97, in run\n    self.func(context, *args, **kwargs)\n  File \"features/steps/basic_steps.py\", line 54, in enter_in\n    context.current_page.type_in(field_name, text)\n  File \"/home/runner/work/popup-auto/popup-auto/features/pages/base_page.py\", line 39, in type_in\n    self.get_element(element_name).clear()\n  File \"/opt/hostedtoolcache/Python/3.9.13/x64/lib/python3.9/site-packages/selenium/webdriver/remote/webelement.py\", line 95, in clear\n    self._execute(Command.CLEAR_ELEMENT)\n  File \"/opt/hostedtoolcache/Python/3.9.13/x64/lib/python3.9/site-packages/selenium/webdriver/remote/webelement.py\", line 633, in _execute\n    return self._parent.execute(command, params)\n  File \"/opt/hostedtoolcache/Python/3.9.13/x64/lib/python3.9/site-packages/selenium/webdriver/remote/webdriver.py\", line 321, in execute\n    self.error_handler.check_response(response)\n  File \"/opt/hostedtoolcache/Python/3.9.13/x64/lib/python3.9/site-packages/selenium/webdriver/remote/errorhandler.py\", line 242, in check_response\n    raise exception_class(message, screen, stacktrace)\n","steps":[],"attachments":[{"uid":"44fcb6b786cb3f18","name":"screenshot","source":"44fcb6b786cb3f18.png","type":"image/png","size":295073}],"parameters":[],"stepsCount":0,"attachmentsCount":1,"shouldDisplayMessage":true,"hasContent":true},{"name":"Then email with \"generated_test_automation_email_order_1_click\" contains \"emk24.by;test_automation_user_name;test_company_name;[PHONE]: +70000000000;[EMAIL]: automation.emk@gmail.com\" in 900 sec","time":{"start":1658032297872,"stop":1658032297872,"duration":0},"status":"skipped","steps":[],"attachments":[],"parameters":[],"stepsCount":0,"attachmentsCount":0,"shouldDisplayMessage":false,"hasContent":false},{"name":"Given open emk24.by page","time":{"start":1658032297872,"stop":1658032297872,"duration":0},"status":"passed","steps":[],"attachments":[],"parameters":[],"stepsCount":0,"attachmentsCount":0,"shouldDisplayMessage":false,"hasContent":false},{"name":"When click on order in 1 click button","time":{"start":1658032297872,"stop":1658032297872,"duration":0},"status":"passed","steps":[],"attachments":[],"parameters":[],"stepsCount":0,"attachmentsCount":0,"shouldDisplayMessage":false,"hasContent":false},{"name":"When enter \"generated_test_automation_email_order_1_click\" in message field","time":{"start":1658032297872,"stop":1658032297872,"duration":0},"status":"passed","steps":[],"attachments":[],"parameters":[],"stepsCount":0,"attachmentsCount":0,"shouldDisplayMessage":false,"hasContent":false},{"name":"When click on Continue button","time":{"start":1658032297872,"stop":1658032297872,"duration":0},"status":"passed","steps":[],"attachments":[],"parameters":[],"stepsCount":0,"attachmentsCount":0,"shouldDisplayMessage":false,"hasContent":false},{"name":"When enter \"test_automation_user_name\" in name field","time":{"start":1658032297872,"stop":1658032297872,"duration":0},"status":"broken","statusMessage":"selenium.common.exceptions.ElementNotInteractableException: Message: element not interactable\n  (Session info: headless chrome=103.0.5060.114)\n\n","statusTrace":"  File \"/opt/hostedtoolcache/Python/3.9.13/x64/lib/python3.9/site-packages/behave/model.py\", line 1806, in run\n    match.run(runner.context)\n  File \"/opt/hostedtoolcache/Python/3.9.13/x64/lib/python3.9/site-packages/behave/matchers.py\", line 97, in run\n    self.func(context, *args, **kwargs)\n  File \"features/steps/basic_steps.py\", line 54, in enter_in\n    context.current_page.type_in(field_name, text)\n  File \"/home/runner/work/popup-auto/popup-auto/features/pages/base_page.py\", line 39, in type_in\n    self.get_element(element_name).clear()\n  File \"/opt/hostedtoolcache/Python/3.9.13/x64/lib/python3.9/site-packages/selenium/webdriver/remote/webelement.py\", line 95, in clear\n    self._execute(Command.CLEAR_ELEMENT)\n  File \"/opt/hostedtoolcache/Python/3.9.13/x64/lib/python3.9/site-packages/selenium/webdriver/remote/webelement.py\", line 633, in _execute\n    return self._parent.execute(command, params)\n  File \"/opt/hostedtoolcache/Python/3.9.13/x64/lib/python3.9/site-packages/selenium/webdriver/remote/webdriver.py\", line 321, in execute\n    self.error_handler.check_response(response)\n  File \"/opt/hostedtoolcache/Python/3.9.13/x64/lib/python3.9/site-packages/selenium/webdriver/remote/errorhandler.py\", line 242, in check_response\n    raise exception_class(message, screen, stacktrace)\n","steps":[],"attachments":[],"parameters":[],"stepsCount":0,"attachmentsCount":0,"shouldDisplayMessage":true,"hasContent":true},{"name":"When enter \"test_company_name\" in company field","time":{"start":1658032297872,"stop":1658032297872,"duration":0},"status":"skipped","steps":[],"attachments":[],"parameters":[],"stepsCount":0,"attachmentsCount":0,"shouldDisplayMessage":false,"hasContent":false},{"name":"When enter \"+70000000000\" in phone field","time":{"start":1658032297872,"stop":1658032297872,"duration":0},"status":"skipped","steps":[],"attachments":[],"parameters":[],"stepsCount":0,"attachmentsCount":0,"shouldDisplayMessage":false,"hasContent":false},{"name":"When enter \"automation.emk@gmail.com\" in email field","time":{"start":1658032297872,"stop":1658032297872,"duration":0},"status":"skipped","steps":[],"attachments":[],"parameters":[],"stepsCount":0,"attachmentsCount":0,"shouldDisplayMessage":false,"hasContent":false},{"name":"When click on Send button","time":{"start":1658032297872,"stop":1658032297872,"duration":0},"status":"skipped","steps":[],"attachments":[],"parameters":[],"stepsCount":0,"attachmentsCount":0,"shouldDisplayMessage":false,"hasContent":false},{"name":"Then text \"Спасибо за заявку!\" is displayed","time":{"start":1658032297872,"stop":1658032297873,"duration":1},"status":"skipped","steps":[],"attachments":[],"parameters":[],"stepsCount":0,"attachmentsCount":0,"shouldDisplayMessage":false,"hasContent":false},{"name":"Then email with \"generated_test_automation_email_order_1_click\" contains \"emk24.by;test_automation_user_name;test_company_name;[PHONE]: +70000000000;[EMAIL]: automation.emk@gmail.com\" in 900 sec","time":{"start":1658032297873,"stop":1658032297873,"duration":0},"status":"skipped","steps":[],"attachments":[],"parameters":[],"stepsCount":0,"attachmentsCount":0,"shouldDisplayMessage":false,"hasContent":false}],"attachments":[],"parameters":[],"stepsCount":22,"attachmentsCount":2,"shouldDisplayMessage":false,"hasContent":true},"afterStages":[],"labels":[{"name":"severity","value":"normal"},{"name":"tag","value":"regression"},{"name":"feature","value":"Проверка кнопки Заказать в 1 клик emk24"},{"name":"framework","value":"behave"},{"name":"language","value":"cpython3"},{"name":"resultFormat","value":"allure2"}],"parameters":[{"name":"url","value":"emk24.by"}],"links":[],"hidden":false,"retry":false,"extra":{"severity":"normal","retries":[],"categories":[{"name":"Test defects","matchedStatuses":[],"flaky":false}],"history":{"statistic":{"failed":0,"broken":9,"skipped":0,"passed":134,"unknown":0,"total":143},"items":[{"uid":"17b3a32d9948a4ac","reportUrl":"https://one-focus.github.io/popup-auto/167//#testresult/17b3a32d9948a4ac","status":"broken","statusDetails":"selenium.common.exceptions.ElementNotInteractableException: Message: element not interactable\n  (Session info: headless chrome=103.0.5060.114)\n\n","time":{"start":1657945321114,"stop":1657945357836,"duration":36722}},{"uid":"19e1b92abdf33a7","reportUrl":"https://one-focus.github.io/popup-auto/166//#testresult/19e1b92abdf33a7","status":"passed","time":{"start":1657860505875,"stop":1657860539816,"duration":33941}},{"uid":"e46c6628e75f201c","reportUrl":"https://one-focus.github.io/popup-auto/165//#testresult/e46c6628e75f201c","status":"passed","time":{"start":1657773333436,"stop":1657773349937,"duration":16501}},{"uid":"af18e107a82c0d64","reportUrl":"https://one-focus.github.io/popup-auto/164//#testresult/af18e107a82c0d64","status":"passed","time":{"start":1657686907573,"stop":1657686928374,"duration":20801}},{"uid":"b97824d5db9a8577","reportUrl":"https://one-focus.github.io/popup-auto/163//#testresult/b97824d5db9a8577","status":"passed","time":{"start":1657601358328,"stop":1657601378440,"duration":20112}},{"uid":"ed8d528d4d6f2fb8","reportUrl":"https://one-focus.github.io/popup-auto/162//#testresult/ed8d528d4d6f2fb8","status":"passed","time":{"start":1657513465936,"stop":1657513484175,"duration":18239}},{"uid":"d41983298ab36470","reportUrl":"https://one-focus.github.io/popup-auto/161//#testresult/d41983298ab36470","status":"passed","time":{"start":1657426625259,"stop":1657426643687,"duration":18428}},{"uid":"1f13370b6f673dbb","reportUrl":"https://one-focus.github.io/popup-auto/160//#testresult/1f13370b6f673dbb","status":"passed","time":{"start":1657340106514,"stop":1657340126786,"duration":20272}},{"uid":"d52378dfc60b063c","reportUrl":"https://one-focus.github.io/popup-auto/159//#testresult/d52378dfc60b063c","status":"passed","time":{"start":1657254540194,"stop":1657254557323,"duration":17129}},{"uid":"9174467c80802429","reportUrl":"https://one-focus.github.io/popup-auto/158//#testresult/9174467c80802429","status":"passed","time":{"start":1657168670256,"stop":1657168687737,"duration":17481}},{"uid":"abc5768ad87aa216","reportUrl":"https://one-focus.github.io/popup-auto/157//#testresult/abc5768ad87aa216","status":"passed","time":{"start":1657082547166,"stop":1657082564388,"duration":17222}},{"uid":"b2948fc3301fb966","reportUrl":"https://one-focus.github.io/popup-auto/156//#testresult/b2948fc3301fb966","status":"passed","time":{"start":1656995374937,"stop":1656995390980,"duration":16043}},{"uid":"df3e496cad77bbe4","reportUrl":"https://one-focus.github.io/popup-auto/155//#testresult/df3e496cad77bbe4","status":"passed","time":{"start":1656910169952,"stop":1656910187485,"duration":17533}},{"uid":"ea1710125f56002","reportUrl":"https://one-focus.github.io/popup-auto/154//#testresult/ea1710125f56002","status":"passed","time":{"start":1656823587369,"stop":1656823603591,"duration":16222}},{"uid":"f5dc9879bfc4acda","reportUrl":"https://one-focus.github.io/popup-auto/153//#testresult/f5dc9879bfc4acda","status":"passed","time":{"start":1656736339480,"stop":1656736356090,"duration":16610}},{"uid":"86c96d47334ceea3","reportUrl":"https://one-focus.github.io/popup-auto/152//#testresult/86c96d47334ceea3","status":"passed","time":{"start":1656658080922,"stop":1656658098230,"duration":17308}},{"uid":"d215f8ecc41edaf4","reportUrl":"https://one-focus.github.io/popup-auto/151//#testresult/d215f8ecc41edaf4","status":"passed","time":{"start":1656571347538,"stop":1656571455370,"duration":107832}},{"uid":"2871149d050e103a","reportUrl":"https://one-focus.github.io/popup-auto/150//#testresult/2871149d050e103a","status":"passed","time":{"start":1656485743866,"stop":1656485764519,"duration":20653}},{"uid":"ec3b2d98ff972d33","reportUrl":"https://one-focus.github.io/popup-auto/149//#testresult/ec3b2d98ff972d33","status":"passed","time":{"start":1656398717107,"stop":1656399006600,"duration":289493}},{"uid":"24c7e046e09b8b4b","reportUrl":"https://one-focus.github.io/popup-auto/148//#testresult/24c7e046e09b8b4b","status":"passed","time":{"start":1656312594001,"stop":1656312613127,"duration":19126}}]},"tags":["regression"]},"source":"320540104c18b014.json","parameterValues":["emk24.by"]}