{"uid":"aa09cf8c07b36ebb","name":"emk24 -- @1.2 ","fullName":"Проверка кнопки Заказать в 1 клик emk24: emk24","historyId":"ddec2eb586939d98763f1bce09eaf5e0","time":{"start":1666932015737,"stop":1666932048919,"duration":33182},"status":"broken","statusMessage":"selenium.common.exceptions.TimeoutException: Message: Не могу найти Continue button в течение 5 сек\n\n","statusTrace":"  File \"/opt/hostedtoolcache/Python/3.9.15/x64/lib/python3.9/site-packages/behave/model.py\", line 1812, in run\n    match.run(runner.context)\n  File \"/opt/hostedtoolcache/Python/3.9.15/x64/lib/python3.9/site-packages/behave/matchers.py\", line 97, in run\n    self.func(context, *args, **kwargs)\n  File \"features/steps/basic_steps.py\", line 31, in click_on\n    context.current_page.click_on(element_name)\n  File \"/home/runner/work/popup-auto/popup-auto/features/pages/emk24_page.py\", line 62, in click_on\n    super(Emk24Page, self).click_on(element_name)\n  File \"/home/runner/work/popup-auto/popup-auto/features/pages/base_page.py\", line 32, in click_on\n    self.hover_element(element_name)\n  File \"/home/runner/work/popup-auto/popup-auto/features/pages/base_page.py\", line 26, in hover_element\n    element = self.get_clickable_element(locator)\n  File \"/home/runner/work/popup-auto/popup-auto/features/pages/base_page.py\", line 65, in get_clickable_element\n    return WebDriverWait(self.driver, timeout).until(\n  File \"/opt/hostedtoolcache/Python/3.9.15/x64/lib/python3.9/site-packages/selenium/webdriver/support/wait.py\", line 80, in until\n    raise TimeoutException(message, screen, stacktrace)\n","flaky":false,"newFailed":false,"newBroken":false,"newPassed":false,"retriesCount":0,"retriesStatusChange":false,"beforeStages":[],"testStage":{"status":"broken","statusMessage":"selenium.common.exceptions.TimeoutException: Message: Не могу найти Continue button в течение 5 сек\n\n","statusTrace":"  File \"/opt/hostedtoolcache/Python/3.9.15/x64/lib/python3.9/site-packages/behave/model.py\", line 1812, in run\n    match.run(runner.context)\n  File \"/opt/hostedtoolcache/Python/3.9.15/x64/lib/python3.9/site-packages/behave/matchers.py\", line 97, in run\n    self.func(context, *args, **kwargs)\n  File \"features/steps/basic_steps.py\", line 31, in click_on\n    context.current_page.click_on(element_name)\n  File \"/home/runner/work/popup-auto/popup-auto/features/pages/emk24_page.py\", line 62, in click_on\n    super(Emk24Page, self).click_on(element_name)\n  File \"/home/runner/work/popup-auto/popup-auto/features/pages/base_page.py\", line 32, in click_on\n    self.hover_element(element_name)\n  File \"/home/runner/work/popup-auto/popup-auto/features/pages/base_page.py\", line 26, in hover_element\n    element = self.get_clickable_element(locator)\n  File \"/home/runner/work/popup-auto/popup-auto/features/pages/base_page.py\", line 65, in get_clickable_element\n    return WebDriverWait(self.driver, timeout).until(\n  File \"/opt/hostedtoolcache/Python/3.9.15/x64/lib/python3.9/site-packages/selenium/webdriver/support/wait.py\", line 80, in until\n    raise TimeoutException(message, screen, stacktrace)\n","steps":[{"name":"Given open emk24.by page","time":{"start":1666932015795,"stop":1666932019408,"duration":3613},"status":"passed","steps":[],"attachments":[],"parameters":[],"stepsCount":0,"attachmentsCount":0,"shouldDisplayMessage":false,"hasContent":false},{"name":"When click on order in 1 click button","time":{"start":1666932019408,"stop":1666932020281,"duration":873},"status":"passed","steps":[],"attachments":[],"parameters":[],"stepsCount":0,"attachmentsCount":0,"shouldDisplayMessage":false,"hasContent":false},{"name":"When enter \"generated_test_automation_email_order_1_click\" in message field","time":{"start":1666932020281,"stop":1666932020936,"duration":655},"status":"passed","steps":[],"attachments":[],"parameters":[],"stepsCount":0,"attachmentsCount":0,"shouldDisplayMessage":false,"hasContent":false},{"name":"When click on Continue button","time":{"start":1666932020936,"stop":1666932033534,"duration":12598},"status":"broken","statusMessage":"selenium.common.exceptions.TimeoutException: Message: Не могу найти Continue button в течение 5 сек\n\n","statusTrace":"  File \"/opt/hostedtoolcache/Python/3.9.15/x64/lib/python3.9/site-packages/behave/model.py\", line 1812, in run\n    match.run(runner.context)\n  File \"/opt/hostedtoolcache/Python/3.9.15/x64/lib/python3.9/site-packages/behave/matchers.py\", line 97, in run\n    self.func(context, *args, **kwargs)\n  File \"features/steps/basic_steps.py\", line 31, in click_on\n    context.current_page.click_on(element_name)\n  File \"/home/runner/work/popup-auto/popup-auto/features/pages/emk24_page.py\", line 62, in click_on\n    super(Emk24Page, self).click_on(element_name)\n  File \"/home/runner/work/popup-auto/popup-auto/features/pages/base_page.py\", line 32, in click_on\n    self.hover_element(element_name)\n  File \"/home/runner/work/popup-auto/popup-auto/features/pages/base_page.py\", line 26, in hover_element\n    element = self.get_clickable_element(locator)\n  File \"/home/runner/work/popup-auto/popup-auto/features/pages/base_page.py\", line 65, in get_clickable_element\n    return WebDriverWait(self.driver, timeout).until(\n  File \"/opt/hostedtoolcache/Python/3.9.15/x64/lib/python3.9/site-packages/selenium/webdriver/support/wait.py\", line 80, in until\n    raise TimeoutException(message, screen, stacktrace)\n","steps":[],"attachments":[{"uid":"22893fceb4130159","name":"screenshot","source":"22893fceb4130159.png","type":"image/png","size":559609}],"parameters":[],"stepsCount":0,"attachmentsCount":1,"shouldDisplayMessage":true,"hasContent":true},{"name":"When enter \"test_automation_user_name\" in name field","time":{"start":1666932033582,"stop":1666932034859,"duration":1277},"status":"passed","steps":[],"attachments":[],"parameters":[],"stepsCount":0,"attachmentsCount":0,"shouldDisplayMessage":false,"hasContent":false},{"name":"When enter \"test_company_name\" in company field","time":{"start":1666932034859,"stop":1666932035732,"duration":873},"status":"passed","steps":[],"attachments":[],"parameters":[],"stepsCount":0,"attachmentsCount":0,"shouldDisplayMessage":false,"hasContent":false},{"name":"When enter \"+70000000000\" in phone field","time":{"start":1666932035732,"stop":1666932036375,"duration":643},"status":"passed","steps":[],"attachments":[],"parameters":[],"stepsCount":0,"attachmentsCount":0,"shouldDisplayMessage":false,"hasContent":false},{"name":"When enter \"automation.emk@gmail.com\" in email field","time":{"start":1666932036375,"stop":1666932048918,"duration":12543},"status":"broken","statusMessage":"selenium.common.exceptions.TimeoutException: Message: Не могу найти Continue button в течение 5 сек\n\n","statusTrace":"  File \"/opt/hostedtoolcache/Python/3.9.15/x64/lib/python3.9/site-packages/behave/model.py\", line 1812, in run\n    match.run(runner.context)\n  File \"/opt/hostedtoolcache/Python/3.9.15/x64/lib/python3.9/site-packages/behave/matchers.py\", line 97, in run\n    self.func(context, *args, **kwargs)\n  File \"features/steps/basic_steps.py\", line 31, in click_on\n    context.current_page.click_on(element_name)\n  File \"/home/runner/work/popup-auto/popup-auto/features/pages/emk24_page.py\", line 62, in click_on\n    super(Emk24Page, self).click_on(element_name)\n  File \"/home/runner/work/popup-auto/popup-auto/features/pages/base_page.py\", line 32, in click_on\n    self.hover_element(element_name)\n  File \"/home/runner/work/popup-auto/popup-auto/features/pages/base_page.py\", line 26, in hover_element\n    element = self.get_clickable_element(locator)\n  File \"/home/runner/work/popup-auto/popup-auto/features/pages/base_page.py\", line 65, in get_clickable_element\n    return WebDriverWait(self.driver, timeout).until(\n  File \"/opt/hostedtoolcache/Python/3.9.15/x64/lib/python3.9/site-packages/selenium/webdriver/support/wait.py\", line 80, in until\n    raise TimeoutException(message, screen, stacktrace)\n","steps":[],"attachments":[{"uid":"942a8604e21f25e5","name":"screenshot","source":"942a8604e21f25e5.png","type":"image/png","size":540149}],"parameters":[],"stepsCount":0,"attachmentsCount":1,"shouldDisplayMessage":true,"hasContent":true},{"name":"When click on Send button","time":{"start":1666932048919,"stop":1666932048919,"duration":0},"status":"skipped","steps":[],"attachments":[],"parameters":[],"stepsCount":0,"attachmentsCount":0,"shouldDisplayMessage":false,"hasContent":false},{"name":"Then text \"Спасибо за заявку!\" is displayed","time":{"start":1666932048919,"stop":1666932048919,"duration":0},"status":"skipped","steps":[],"attachments":[],"parameters":[],"stepsCount":0,"attachmentsCount":0,"shouldDisplayMessage":false,"hasContent":false},{"name":"Then email with \"generated_test_automation_email_order_1_click\" contains \"emk24.by;test_automation_user_name;test_company_name;[PHONE]: +70000000000;[EMAIL]: automation.emk@gmail.com\" in 900 sec","time":{"start":1666932048919,"stop":1666932048919,"duration":0},"status":"skipped","steps":[],"attachments":[],"parameters":[],"stepsCount":0,"attachmentsCount":0,"shouldDisplayMessage":false,"hasContent":false},{"name":"Given open emk24.by page","time":{"start":1666932048919,"stop":1666932048919,"duration":0},"status":"passed","steps":[],"attachments":[],"parameters":[],"stepsCount":0,"attachmentsCount":0,"shouldDisplayMessage":false,"hasContent":false},{"name":"When click on order in 1 click button","time":{"start":1666932048919,"stop":1666932048919,"duration":0},"status":"passed","steps":[],"attachments":[],"parameters":[],"stepsCount":0,"attachmentsCount":0,"shouldDisplayMessage":false,"hasContent":false},{"name":"When enter \"generated_test_automation_email_order_1_click\" in message field","time":{"start":1666932048919,"stop":1666932048919,"duration":0},"status":"passed","steps":[],"attachments":[],"parameters":[],"stepsCount":0,"attachmentsCount":0,"shouldDisplayMessage":false,"hasContent":false},{"name":"When click on Continue button","time":{"start":1666932048919,"stop":1666932048919,"duration":0},"status":"broken","statusMessage":"selenium.common.exceptions.TimeoutException: Message: Не могу найти Continue button в течение 5 сек\n\n","statusTrace":"  File \"/opt/hostedtoolcache/Python/3.9.15/x64/lib/python3.9/site-packages/behave/model.py\", line 1812, in run\n    match.run(runner.context)\n  File \"/opt/hostedtoolcache/Python/3.9.15/x64/lib/python3.9/site-packages/behave/matchers.py\", line 97, in run\n    self.func(context, *args, **kwargs)\n  File \"features/steps/basic_steps.py\", line 31, in click_on\n    context.current_page.click_on(element_name)\n  File \"/home/runner/work/popup-auto/popup-auto/features/pages/emk24_page.py\", line 62, in click_on\n    super(Emk24Page, self).click_on(element_name)\n  File \"/home/runner/work/popup-auto/popup-auto/features/pages/base_page.py\", line 32, in click_on\n    self.hover_element(element_name)\n  File \"/home/runner/work/popup-auto/popup-auto/features/pages/base_page.py\", line 26, in hover_element\n    element = self.get_clickable_element(locator)\n  File \"/home/runner/work/popup-auto/popup-auto/features/pages/base_page.py\", line 65, in get_clickable_element\n    return WebDriverWait(self.driver, timeout).until(\n  File \"/opt/hostedtoolcache/Python/3.9.15/x64/lib/python3.9/site-packages/selenium/webdriver/support/wait.py\", line 80, in until\n    raise TimeoutException(message, screen, stacktrace)\n","steps":[],"attachments":[],"parameters":[],"stepsCount":0,"attachmentsCount":0,"shouldDisplayMessage":true,"hasContent":true},{"name":"When enter \"test_automation_user_name\" in name field","time":{"start":1666932048919,"stop":1666932048919,"duration":0},"status":"skipped","steps":[],"attachments":[],"parameters":[],"stepsCount":0,"attachmentsCount":0,"shouldDisplayMessage":false,"hasContent":false},{"name":"When enter \"test_company_name\" in company field","time":{"start":1666932048919,"stop":1666932048919,"duration":0},"status":"skipped","steps":[],"attachments":[],"parameters":[],"stepsCount":0,"attachmentsCount":0,"shouldDisplayMessage":false,"hasContent":false},{"name":"When enter \"+70000000000\" in phone field","time":{"start":1666932048919,"stop":1666932048919,"duration":0},"status":"skipped","steps":[],"attachments":[],"parameters":[],"stepsCount":0,"attachmentsCount":0,"shouldDisplayMessage":false,"hasContent":false},{"name":"When enter \"automation.emk@gmail.com\" in email field","time":{"start":1666932048919,"stop":1666932048919,"duration":0},"status":"skipped","steps":[],"attachments":[],"parameters":[],"stepsCount":0,"attachmentsCount":0,"shouldDisplayMessage":false,"hasContent":false},{"name":"When click on Send button","time":{"start":1666932048919,"stop":1666932048919,"duration":0},"status":"skipped","steps":[],"attachments":[],"parameters":[],"stepsCount":0,"attachmentsCount":0,"shouldDisplayMessage":false,"hasContent":false},{"name":"Then text \"Спасибо за заявку!\" is displayed","time":{"start":1666932048919,"stop":1666932048919,"duration":0},"status":"skipped","steps":[],"attachments":[],"parameters":[],"stepsCount":0,"attachmentsCount":0,"shouldDisplayMessage":false,"hasContent":false},{"name":"Then email with \"generated_test_automation_email_order_1_click\" contains \"emk24.by;test_automation_user_name;test_company_name;[PHONE]: +70000000000;[EMAIL]: automation.emk@gmail.com\" in 900 sec","time":{"start":1666932048919,"stop":1666932048919,"duration":0},"status":"skipped","steps":[],"attachments":[],"parameters":[],"stepsCount":0,"attachmentsCount":0,"shouldDisplayMessage":false,"hasContent":false}],"attachments":[],"parameters":[],"stepsCount":22,"attachmentsCount":2,"shouldDisplayMessage":false,"hasContent":true},"afterStages":[],"labels":[{"name":"severity","value":"normal"},{"name":"tag","value":"regression"},{"name":"feature","value":"Проверка кнопки Заказать в 1 клик emk24"},{"name":"framework","value":"behave"},{"name":"language","value":"cpython3"},{"name":"resultFormat","value":"allure2"}],"parameters":[{"name":"url","value":"emk24.by"}],"links":[],"hidden":false,"retry":false,"extra":{"severity":"normal","retries":[],"categories":[{"name":"Test defects","matchedStatuses":[],"flaky":false}],"history":{"statistic":{"failed":0,"broken":5,"skipped":0,"passed":34,"unknown":0,"total":39},"items":[{"uid":"7371e91d558d4597","reportUrl":"https://one-focus.github.io/popup-auto/274//#testresult/7371e91d558d4597","status":"broken","statusDetails":"selenium.common.exceptions.TimeoutException: Message: Не могу найти Continue button в течение 5 сек\n\n","time":{"start":1666845119079,"stop":1666845150450,"duration":31371}},{"uid":"2bb70a48c66810f5","reportUrl":"https://one-focus.github.io/popup-auto/273//#testresult/2bb70a48c66810f5","status":"broken","statusDetails":"selenium.common.exceptions.TimeoutException: Message: Не могу найти Continue button в течение 5 сек\n\n","time":{"start":1666759299849,"stop":1666759332039,"duration":32190}},{"uid":"c5ad3f87d8169aed","reportUrl":"https://one-focus.github.io/popup-auto/272//#testresult/c5ad3f87d8169aed","status":"broken","statusDetails":"selenium.common.exceptions.TimeoutException: Message: Не могу найти Continue button в течение 5 сек\n\n","time":{"start":1666681087826,"stop":1666681121905,"duration":34079}},{"uid":"b0798677843ad544","reportUrl":"https://one-focus.github.io/popup-auto/272//#testresult/b0798677843ad544","status":"broken","statusDetails":"selenium.common.exceptions.TimeoutException: Message: Не могу найти Continue button в течение 5 сек\n\n","time":{"start":1666675033328,"stop":1666675066691,"duration":33363}},{"uid":"373094e296de9e88","reportUrl":"https://one-focus.github.io/popup-auto/271//#testresult/373094e296de9e88","status":"passed","time":{"start":1666589313013,"stop":1666589333465,"duration":20452}},{"uid":"9b6df4a24db0448d","reportUrl":"https://one-focus.github.io/popup-auto/270//#testresult/9b6df4a24db0448d","status":"passed","time":{"start":1666502195892,"stop":1666502215682,"duration":19790}},{"uid":"3b5f766552a16a0c","reportUrl":"https://one-focus.github.io/popup-auto/269//#testresult/3b5f766552a16a0c","status":"passed","time":{"start":1666414112607,"stop":1666414131292,"duration":18685}},{"uid":"bd679af65ebea613","reportUrl":"https://one-focus.github.io/popup-auto/268//#testresult/bd679af65ebea613","status":"passed","time":{"start":1666327759655,"stop":1666327779446,"duration":19791}},{"uid":"72a2858567ad3721","reportUrl":"https://one-focus.github.io/popup-auto/267//#testresult/72a2858567ad3721","status":"passed","time":{"start":1666242173690,"stop":1666242371120,"duration":197430}},{"uid":"d63ba54f97940d6a","reportUrl":"https://one-focus.github.io/popup-auto/266//#testresult/d63ba54f97940d6a","status":"passed","time":{"start":1666157429970,"stop":1666157449626,"duration":19656}},{"uid":"eb5b5d43c5859b92","reportUrl":"https://one-focus.github.io/popup-auto/265//#testresult/eb5b5d43c5859b92","status":"passed","time":{"start":1666070850353,"stop":1666070875187,"duration":24834}},{"uid":"5551d83c2bfdbb30","reportUrl":"https://one-focus.github.io/popup-auto/264//#testresult/5551d83c2bfdbb30","status":"passed","time":{"start":1666028318882,"stop":1666028337322,"duration":18440}},{"uid":"f94a43978d6f2a1f","reportUrl":"https://one-focus.github.io/popup-auto/263//#testresult/f94a43978d6f2a1f","status":"passed","time":{"start":1665985030792,"stop":1665985050367,"duration":19575}},{"uid":"8893de5213fa9ac9","reportUrl":"https://one-focus.github.io/popup-auto/262//#testresult/8893de5213fa9ac9","status":"passed","time":{"start":1665896907470,"stop":1665896925075,"duration":17605}},{"uid":"d7c8d956b73faf3e","reportUrl":"https://one-focus.github.io/popup-auto/261//#testresult/d7c8d956b73faf3e","status":"passed","time":{"start":1665811350176,"stop":1665811819509,"duration":469333}},{"uid":"5b68d15ba35f8d4f","reportUrl":"https://one-focus.github.io/popup-auto/260//#testresult/5b68d15ba35f8d4f","status":"passed","time":{"start":1665725485870,"stop":1665725502588,"duration":16718}},{"uid":"7f2f8528f1c794af","reportUrl":"https://one-focus.github.io/popup-auto/259//#testresult/7f2f8528f1c794af","status":"passed","time":{"start":1665637876010,"stop":1665637893463,"duration":17453}},{"uid":"25f7ab92864ee173","reportUrl":"https://one-focus.github.io/popup-auto/258//#testresult/25f7ab92864ee173","status":"passed","time":{"start":1665550734977,"stop":1665550752246,"duration":17269}},{"uid":"3f849b275fea1eed","reportUrl":"https://one-focus.github.io/popup-auto/257//#testresult/3f849b275fea1eed","status":"passed","time":{"start":1665465638132,"stop":1665465658076,"duration":19944}},{"uid":"f82af28aab0bffdb","reportUrl":"https://one-focus.github.io/popup-auto/256//#testresult/f82af28aab0bffdb","status":"passed","time":{"start":1665378804248,"stop":1665378912823,"duration":108575}}]},"tags":["regression"]},"source":"aa09cf8c07b36ebb.json","parameterValues":["emk24.by"]}