{"uid":"fd8c19fcd5b31173","name":"Скачать стандарт emk24 -- @1.4 ","fullName":"Проверка кнопки скачать снандарт emk24: Скачать стандарт emk24","historyId":"93844706c81e1e70d6bdde791d966554","time":{"start":1666931946398,"stop":1666931984762,"duration":38364},"status":"broken","statusMessage":"selenium.common.exceptions.ElementNotInteractableException: Message: element not interactable\n  (Session info: headless chrome=106.0.5249.119)\n\n","statusTrace":"  File \"/opt/hostedtoolcache/Python/3.9.15/x64/lib/python3.9/site-packages/behave/model.py\", line 1812, in run\n    match.run(runner.context)\n  File \"/opt/hostedtoolcache/Python/3.9.15/x64/lib/python3.9/site-packages/behave/matchers.py\", line 97, in run\n    self.func(context, *args, **kwargs)\n  File \"features/steps/basic_steps.py\", line 54, in enter_in\n    context.current_page.type_in(field_name, text)\n  File \"/home/runner/work/popup-auto/popup-auto/features/pages/base_page.py\", line 39, in type_in\n    self.get_element(element_name).clear()\n  File \"/opt/hostedtoolcache/Python/3.9.15/x64/lib/python3.9/site-packages/selenium/webdriver/remote/webelement.py\", line 95, in clear\n    self._execute(Command.CLEAR_ELEMENT)\n  File \"/opt/hostedtoolcache/Python/3.9.15/x64/lib/python3.9/site-packages/selenium/webdriver/remote/webelement.py\", line 633, in _execute\n    return self._parent.execute(command, params)\n  File \"/opt/hostedtoolcache/Python/3.9.15/x64/lib/python3.9/site-packages/selenium/webdriver/remote/webdriver.py\", line 321, in execute\n    self.error_handler.check_response(response)\n  File \"/opt/hostedtoolcache/Python/3.9.15/x64/lib/python3.9/site-packages/selenium/webdriver/remote/errorhandler.py\", line 242, in check_response\n    raise exception_class(message, screen, stacktrace)\n","flaky":false,"newFailed":false,"newBroken":false,"newPassed":false,"retriesCount":0,"retriesStatusChange":false,"beforeStages":[],"testStage":{"status":"broken","statusMessage":"selenium.common.exceptions.ElementNotInteractableException: Message: element not interactable\n  (Session info: headless chrome=106.0.5249.119)\n\n","statusTrace":"  File \"/opt/hostedtoolcache/Python/3.9.15/x64/lib/python3.9/site-packages/behave/model.py\", line 1812, in run\n    match.run(runner.context)\n  File \"/opt/hostedtoolcache/Python/3.9.15/x64/lib/python3.9/site-packages/behave/matchers.py\", line 97, in run\n    self.func(context, *args, **kwargs)\n  File \"features/steps/basic_steps.py\", line 54, in enter_in\n    context.current_page.type_in(field_name, text)\n  File \"/home/runner/work/popup-auto/popup-auto/features/pages/base_page.py\", line 39, in type_in\n    self.get_element(element_name).clear()\n  File \"/opt/hostedtoolcache/Python/3.9.15/x64/lib/python3.9/site-packages/selenium/webdriver/remote/webelement.py\", line 95, in clear\n    self._execute(Command.CLEAR_ELEMENT)\n  File \"/opt/hostedtoolcache/Python/3.9.15/x64/lib/python3.9/site-packages/selenium/webdriver/remote/webelement.py\", line 633, in _execute\n    return self._parent.execute(command, params)\n  File \"/opt/hostedtoolcache/Python/3.9.15/x64/lib/python3.9/site-packages/selenium/webdriver/remote/webdriver.py\", line 321, in execute\n    self.error_handler.check_response(response)\n  File \"/opt/hostedtoolcache/Python/3.9.15/x64/lib/python3.9/site-packages/selenium/webdriver/remote/errorhandler.py\", line 242, in check_response\n    raise exception_class(message, screen, stacktrace)\n","steps":[{"name":"Given open emk24.com.ua page","time":{"start":1666931946451,"stop":1666931949281,"duration":2830},"status":"passed","steps":[],"attachments":[],"parameters":[],"stepsCount":0,"attachmentsCount":0,"shouldDisplayMessage":false,"hasContent":false},{"name":"When open url: \"emk24.com.ua/wiki/ansi_standarty/\"","time":{"start":1666931949281,"stop":1666931951003,"duration":1722},"status":"passed","steps":[],"attachments":[],"parameters":[],"stepsCount":0,"attachmentsCount":0,"shouldDisplayMessage":false,"hasContent":false},{"name":"When click on first standard button","time":{"start":1666931951003,"stop":1666931953664,"duration":2661},"status":"passed","steps":[],"attachments":[],"parameters":[],"stepsCount":0,"attachmentsCount":0,"shouldDisplayMessage":false,"hasContent":false},{"name":"When click on download pdf button","time":{"start":1666931953665,"stop":1666931954523,"duration":858},"status":"passed","steps":[],"attachments":[],"parameters":[],"stepsCount":0,"attachmentsCount":0,"shouldDisplayMessage":false,"hasContent":false},{"name":"When enter \"043456789\" in inn field","time":{"start":1666931954523,"stop":1666931955135,"duration":612},"status":"passed","steps":[],"attachments":[],"parameters":[],"stepsCount":0,"attachmentsCount":0,"shouldDisplayMessage":false,"hasContent":false},{"name":"When enter \"+70000000000\" in phone field","time":{"start":1666931955135,"stop":1666931966624,"duration":11489},"status":"broken","statusMessage":"selenium.common.exceptions.ElementNotInteractableException: Message: element not interactable\n  (Session info: headless chrome=106.0.5249.119)\n\n","statusTrace":"  File \"/opt/hostedtoolcache/Python/3.9.15/x64/lib/python3.9/site-packages/behave/model.py\", line 1812, in run\n    match.run(runner.context)\n  File \"/opt/hostedtoolcache/Python/3.9.15/x64/lib/python3.9/site-packages/behave/matchers.py\", line 97, in run\n    self.func(context, *args, **kwargs)\n  File \"features/steps/basic_steps.py\", line 54, in enter_in\n    context.current_page.type_in(field_name, text)\n  File \"/home/runner/work/popup-auto/popup-auto/features/pages/base_page.py\", line 39, in type_in\n    self.get_element(element_name).clear()\n  File \"/opt/hostedtoolcache/Python/3.9.15/x64/lib/python3.9/site-packages/selenium/webdriver/remote/webelement.py\", line 95, in clear\n    self._execute(Command.CLEAR_ELEMENT)\n  File \"/opt/hostedtoolcache/Python/3.9.15/x64/lib/python3.9/site-packages/selenium/webdriver/remote/webelement.py\", line 633, in _execute\n    return self._parent.execute(command, params)\n  File \"/opt/hostedtoolcache/Python/3.9.15/x64/lib/python3.9/site-packages/selenium/webdriver/remote/webdriver.py\", line 321, in execute\n    self.error_handler.check_response(response)\n  File \"/opt/hostedtoolcache/Python/3.9.15/x64/lib/python3.9/site-packages/selenium/webdriver/remote/errorhandler.py\", line 242, in check_response\n    raise exception_class(message, screen, stacktrace)\n","steps":[],"attachments":[{"uid":"91454af8459b93e4","name":"screenshot","source":"91454af8459b93e4.png","type":"image/png","size":240264}],"parameters":[],"stepsCount":0,"attachmentsCount":1,"shouldDisplayMessage":true,"hasContent":true},{"name":"When enter \"automation.emk@gmail.com\" in email field","time":{"start":1666931966681,"stop":1666931967998,"duration":1317},"status":"passed","steps":[],"attachments":[],"parameters":[],"stepsCount":0,"attachmentsCount":0,"shouldDisplayMessage":false,"hasContent":false},{"name":"When click on Send button","time":{"start":1666931967998,"stop":1666931969216,"duration":1218},"status":"passed","steps":[],"attachments":[],"parameters":[],"stepsCount":0,"attachmentsCount":0,"shouldDisplayMessage":false,"hasContent":false},{"name":"Then text \"Проверьте, пожалуйста\" is displayed","time":{"start":1666931969216,"stop":1666931971795,"duration":2579},"status":"passed","steps":[],"attachments":[],"parameters":[],"stepsCount":0,"attachmentsCount":0,"shouldDisplayMessage":false,"hasContent":false},{"name":"Then email with \"043456789\" contains \"emk24.com.ua;Запрос на скачивание стандарта;[PHONE]: +70000000000;[EMAIL]: automation.emk@gmail.com\" in 900 sec","time":{"start":1666931971795,"stop":1666931972655,"duration":860},"status":"passed","steps":[],"attachments":[],"parameters":[],"stepsCount":0,"attachmentsCount":0,"shouldDisplayMessage":false,"hasContent":false},{"name":"Given open emk24.com.ua page","time":{"start":1666931972655,"stop":1666931973270,"duration":615},"status":"passed","steps":[],"attachments":[],"parameters":[],"stepsCount":0,"attachmentsCount":0,"shouldDisplayMessage":false,"hasContent":false},{"name":"When open url: \"emk24.com.ua/wiki/ansi_standarty/\"","time":{"start":1666931973270,"stop":1666931984761,"duration":11491},"status":"broken","statusMessage":"selenium.common.exceptions.ElementNotInteractableException: Message: element not interactable\n  (Session info: headless chrome=106.0.5249.119)\n\n","statusTrace":"  File \"/opt/hostedtoolcache/Python/3.9.15/x64/lib/python3.9/site-packages/behave/model.py\", line 1812, in run\n    match.run(runner.context)\n  File \"/opt/hostedtoolcache/Python/3.9.15/x64/lib/python3.9/site-packages/behave/matchers.py\", line 97, in run\n    self.func(context, *args, **kwargs)\n  File \"features/steps/basic_steps.py\", line 54, in enter_in\n    context.current_page.type_in(field_name, text)\n  File \"/home/runner/work/popup-auto/popup-auto/features/pages/base_page.py\", line 39, in type_in\n    self.get_element(element_name).clear()\n  File \"/opt/hostedtoolcache/Python/3.9.15/x64/lib/python3.9/site-packages/selenium/webdriver/remote/webelement.py\", line 95, in clear\n    self._execute(Command.CLEAR_ELEMENT)\n  File \"/opt/hostedtoolcache/Python/3.9.15/x64/lib/python3.9/site-packages/selenium/webdriver/remote/webelement.py\", line 633, in _execute\n    return self._parent.execute(command, params)\n  File \"/opt/hostedtoolcache/Python/3.9.15/x64/lib/python3.9/site-packages/selenium/webdriver/remote/webdriver.py\", line 321, in execute\n    self.error_handler.check_response(response)\n  File \"/opt/hostedtoolcache/Python/3.9.15/x64/lib/python3.9/site-packages/selenium/webdriver/remote/errorhandler.py\", line 242, in check_response\n    raise exception_class(message, screen, stacktrace)\n","steps":[],"attachments":[{"uid":"f8d576ae7d6b99af","name":"screenshot","source":"f8d576ae7d6b99af.png","type":"image/png","size":240264}],"parameters":[],"stepsCount":0,"attachmentsCount":1,"shouldDisplayMessage":true,"hasContent":true},{"name":"When click on first standard button","time":{"start":1666931984762,"stop":1666931984762,"duration":0},"status":"passed","steps":[],"attachments":[],"parameters":[],"stepsCount":0,"attachmentsCount":0,"shouldDisplayMessage":false,"hasContent":false},{"name":"When click on download pdf button","time":{"start":1666931984762,"stop":1666931984762,"duration":0},"status":"passed","steps":[],"attachments":[],"parameters":[],"stepsCount":0,"attachmentsCount":0,"shouldDisplayMessage":false,"hasContent":false},{"name":"When enter \"043456789\" in inn field","time":{"start":1666931984762,"stop":1666931984762,"duration":0},"status":"passed","steps":[],"attachments":[],"parameters":[],"stepsCount":0,"attachmentsCount":0,"shouldDisplayMessage":false,"hasContent":false},{"name":"When enter \"+70000000000\" in phone field","time":{"start":1666931984762,"stop":1666931984762,"duration":0},"status":"broken","statusMessage":"selenium.common.exceptions.ElementNotInteractableException: Message: element not interactable\n  (Session info: headless chrome=106.0.5249.119)\n\n","statusTrace":"  File \"/opt/hostedtoolcache/Python/3.9.15/x64/lib/python3.9/site-packages/behave/model.py\", line 1812, in run\n    match.run(runner.context)\n  File \"/opt/hostedtoolcache/Python/3.9.15/x64/lib/python3.9/site-packages/behave/matchers.py\", line 97, in run\n    self.func(context, *args, **kwargs)\n  File \"features/steps/basic_steps.py\", line 54, in enter_in\n    context.current_page.type_in(field_name, text)\n  File \"/home/runner/work/popup-auto/popup-auto/features/pages/base_page.py\", line 39, in type_in\n    self.get_element(element_name).clear()\n  File \"/opt/hostedtoolcache/Python/3.9.15/x64/lib/python3.9/site-packages/selenium/webdriver/remote/webelement.py\", line 95, in clear\n    self._execute(Command.CLEAR_ELEMENT)\n  File \"/opt/hostedtoolcache/Python/3.9.15/x64/lib/python3.9/site-packages/selenium/webdriver/remote/webelement.py\", line 633, in _execute\n    return self._parent.execute(command, params)\n  File \"/opt/hostedtoolcache/Python/3.9.15/x64/lib/python3.9/site-packages/selenium/webdriver/remote/webdriver.py\", line 321, in execute\n    self.error_handler.check_response(response)\n  File \"/opt/hostedtoolcache/Python/3.9.15/x64/lib/python3.9/site-packages/selenium/webdriver/remote/errorhandler.py\", line 242, in check_response\n    raise exception_class(message, screen, stacktrace)\n","steps":[],"attachments":[],"parameters":[],"stepsCount":0,"attachmentsCount":0,"shouldDisplayMessage":true,"hasContent":true},{"name":"When enter \"automation.emk@gmail.com\" in email field","time":{"start":1666931984762,"stop":1666931984762,"duration":0},"status":"skipped","steps":[],"attachments":[],"parameters":[],"stepsCount":0,"attachmentsCount":0,"shouldDisplayMessage":false,"hasContent":false},{"name":"When click on Send button","time":{"start":1666931984762,"stop":1666931984762,"duration":0},"status":"skipped","steps":[],"attachments":[],"parameters":[],"stepsCount":0,"attachmentsCount":0,"shouldDisplayMessage":false,"hasContent":false},{"name":"Then text \"Проверьте, пожалуйста\" is displayed","time":{"start":1666931984762,"stop":1666931984762,"duration":0},"status":"skipped","steps":[],"attachments":[],"parameters":[],"stepsCount":0,"attachmentsCount":0,"shouldDisplayMessage":false,"hasContent":false},{"name":"Then email with \"043456789\" contains \"emk24.com.ua;Запрос на скачивание стандарта;[PHONE]: +70000000000;[EMAIL]: automation.emk@gmail.com\" in 900 sec","time":{"start":1666931984762,"stop":1666931984762,"duration":0},"status":"skipped","steps":[],"attachments":[],"parameters":[],"stepsCount":0,"attachmentsCount":0,"shouldDisplayMessage":false,"hasContent":false}],"attachments":[],"parameters":[],"stepsCount":20,"attachmentsCount":2,"shouldDisplayMessage":false,"hasContent":true},"afterStages":[],"labels":[{"name":"severity","value":"normal"},{"name":"tag","value":"regression"},{"name":"feature","value":"Проверка кнопки скачать снандарт emk24"},{"name":"framework","value":"behave"},{"name":"language","value":"cpython3"},{"name":"resultFormat","value":"allure2"}],"parameters":[{"name":"inn","value":"043456789"},{"name":"url","value":"emk24.com.ua"}],"links":[],"hidden":false,"retry":false,"extra":{"severity":"normal","retries":[],"categories":[{"name":"Test defects","matchedStatuses":[],"flaky":false}],"history":{"statistic":{"failed":0,"broken":5,"skipped":0,"passed":34,"unknown":0,"total":39},"items":[{"uid":"3fca409e07a3eaca","reportUrl":"https://one-focus.github.io/popup-auto/274//#testresult/3fca409e07a3eaca","status":"broken","statusDetails":"selenium.common.exceptions.ElementNotInteractableException: Message: element not interactable\n  (Session info: headless chrome=106.0.5249.119)\n\n","time":{"start":1666845051275,"stop":1666845088925,"duration":37650}},{"uid":"a589eec9aba6e1f6","reportUrl":"https://one-focus.github.io/popup-auto/273//#testresult/a589eec9aba6e1f6","status":"broken","statusDetails":"selenium.common.exceptions.ElementNotInteractableException: Message: element not interactable\n  (Session info: headless chrome=106.0.5249.119)\n\n","time":{"start":1666759216428,"stop":1666759269581,"duration":53153}},{"uid":"3b8a5d44028657da","reportUrl":"https://one-focus.github.io/popup-auto/272//#testresult/3b8a5d44028657da","status":"broken","statusDetails":"selenium.common.exceptions.ElementNotInteractableException: Message: element not interactable\n  (Session info: headless chrome=106.0.5249.119)\n\n","time":{"start":1666681017523,"stop":1666681056399,"duration":38876}},{"uid":"2c3b1d14985ab275","reportUrl":"https://one-focus.github.io/popup-auto/272//#testresult/2c3b1d14985ab275","status":"broken","statusDetails":"selenium.common.exceptions.ElementNotInteractableException: Message: element not interactable\n  (Session info: headless chrome=106.0.5249.119)\n\n","time":{"start":1666674961320,"stop":1666675000065,"duration":38745}},{"uid":"e4b0e628c2324bf","reportUrl":"https://one-focus.github.io/popup-auto/271//#testresult/e4b0e628c2324bf","status":"passed","time":{"start":1666589188435,"stop":1666589295645,"duration":107210}},{"uid":"ad7ade6454c67a71","reportUrl":"https://one-focus.github.io/popup-auto/270//#testresult/ad7ade6454c67a71","status":"passed","time":{"start":1666502032993,"stop":1666502141271,"duration":108278}},{"uid":"6622e95cf02c0546","reportUrl":"https://one-focus.github.io/popup-auto/269//#testresult/6622e95cf02c0546","status":"passed","time":{"start":1666413985189,"stop":1666414095067,"duration":109878}},{"uid":"b49f116b2f346d5e","reportUrl":"https://one-focus.github.io/popup-auto/268//#testresult/b49f116b2f346d5e","status":"passed","time":{"start":1666327633408,"stop":1666327741404,"duration":107996}},{"uid":"d644665eaa595004","reportUrl":"https://one-focus.github.io/popup-auto/267//#testresult/d644665eaa595004","status":"passed","time":{"start":1666242052016,"stop":1666242157895,"duration":105879}},{"uid":"32e00e278aede683","reportUrl":"https://one-focus.github.io/popup-auto/266//#testresult/32e00e278aede683","status":"passed","time":{"start":1666157302052,"stop":1666157410921,"duration":108869}},{"uid":"a1148b016afee703","reportUrl":"https://one-focus.github.io/popup-auto/265//#testresult/a1148b016afee703","status":"passed","time":{"start":1666070628087,"stop":1666070739763,"duration":111676}},{"uid":"a3edba53dc3fda2c","reportUrl":"https://one-focus.github.io/popup-auto/264//#testresult/a3edba53dc3fda2c","status":"passed","time":{"start":1666028193431,"stop":1666028302954,"duration":109523}},{"uid":"bf0b2cac4e59eda6","reportUrl":"https://one-focus.github.io/popup-auto/263//#testresult/bf0b2cac4e59eda6","status":"passed","time":{"start":1665984868216,"stop":1665984976352,"duration":108136}},{"uid":"2f34a5d29fcf1d0b","reportUrl":"https://one-focus.github.io/popup-auto/262//#testresult/2f34a5d29fcf1d0b","status":"passed","time":{"start":1665896782723,"stop":1665896890583,"duration":107860}},{"uid":"4cb0d5a482dc054c","reportUrl":"https://one-focus.github.io/popup-auto/261//#testresult/4cb0d5a482dc054c","status":"passed","time":{"start":1665811218915,"stop":1665811326027,"duration":107112}},{"uid":"4da4e1f5b5a919cc","reportUrl":"https://one-focus.github.io/popup-auto/260//#testresult/4da4e1f5b5a919cc","status":"passed","time":{"start":1665725273220,"stop":1665725379801,"duration":106581}},{"uid":"62ae1d77cf2efd4e","reportUrl":"https://one-focus.github.io/popup-auto/259//#testresult/62ae1d77cf2efd4e","status":"passed","time":{"start":1665637753144,"stop":1665637859728,"duration":106584}},{"uid":"667214ca1823b373","reportUrl":"https://one-focus.github.io/popup-auto/258//#testresult/667214ca1823b373","status":"passed","time":{"start":1665550613472,"stop":1665550719228,"duration":105756}},{"uid":"f7f06c77681f1f60","reportUrl":"https://one-focus.github.io/popup-auto/257//#testresult/f7f06c77681f1f60","status":"passed","time":{"start":1665465511282,"stop":1665465620321,"duration":109039}},{"uid":"36077e493cfeabba","reportUrl":"https://one-focus.github.io/popup-auto/256//#testresult/36077e493cfeabba","status":"passed","time":{"start":1665378588340,"stop":1665378695466,"duration":107126}}]},"tags":["regression"]},"source":"fd8c19fcd5b31173.json","parameterValues":["043456789","emk24.com.ua"]}